----------------------------------------------------------------------------------------------
      name:  <unnamed>
       log:  C:\Users\chen\OneDrive\Documentos\R\tax_ene2020\tax_2020\resultados\encuesta\/mod
> elos_consumo2.log
  log type:  text
 opened on:  20 Aug 2021, 14:59:48

. use "$datos/wave4_5unbalanced.dta", clear

. /***************************************************************************/
. // 1.2 MODELOS ajustes variables agrupadas
. global vreg "sexo i.edad_gr2 i.educ_gr2 i.gr_ingr i.tipo"

. global v_int "tax2020 tax2020_sexo "

. // sólo interacción de impuesto con sexo
. 
. // modelo
. regress consumo_semanal $v_int $vreg if has_fumado_1mes

      Source |       SS           df       MS      Number of obs   =     2,741
-------------+----------------------------------   F(28, 2712)     =     57.07
       Model |  1702864.92        28  60816.6041   Prob > F        =    0.0000
    Residual |  2889949.34     2,712  1065.61554   R-squared       =    0.3708
-------------+----------------------------------   Adj R-squared   =    0.3643
       Total |  4592814.25     2,740  1676.20958   Root MSE        =    32.644

------------------------------------------------------------------------------------------
         consumo_semanal |      Coef.   Std. Err.      t    P>|t|     [95% Conf. Interval]
-------------------------+----------------------------------------------------------------
                 tax2020 |  -2.026961    1.72162    -1.18   0.239     -5.40278    1.348859
            tax2020_sexo |  -.7236466   2.506532    -0.29   0.773    -5.638552    4.191259
                    sexo |   -2.63483   1.782767    -1.48   0.140    -6.130549    .8608896
                         |
                edad_gr2 |
                  25-29  |  -.6664057   2.365604    -0.28   0.778    -5.304974    3.972162
                  30-34  |  -1.505608   2.399434    -0.63   0.530    -6.210513    3.199296
                  35-39  |   .4254649   2.510882     0.17   0.865    -4.497971      5.3489
                  40-44  |   2.589115   2.731959     0.95   0.343    -2.767817    7.946047
                  45-54  |     3.3244   2.407442     1.38   0.167    -1.396206    8.045005
                  55-64  |   10.75291   2.794497     3.85   0.000     5.273352    16.23247
                    65+  |   19.89945   6.216212     3.20   0.001     7.710457    32.08844
                         |
                educ_gr2 |
    Secundaria completa  |   -22.7266   7.447277    -3.05   0.002    -37.32951   -8.123685
                Técnica  |  -26.05836   7.429683    -3.51   0.000    -40.62677   -11.48995
           Preparatoria  |  -25.83618   7.301125    -3.54   0.000    -40.15251   -11.51985
Licenciatura incompleta  |  -25.78848   7.369759    -3.50   0.000    -40.23939   -11.33757
  Licenciatura completa  |  -23.12732   7.352415    -3.15   0.002    -37.54422   -8.710414
               Posgrado  |   -23.5822   7.974572    -2.96   0.003    -39.21905   -7.945347
                   Otro  |  -10.75437   10.89014    -0.99   0.323    -32.10818    10.59945
                         |
                 gr_ingr |
          3,001 a 5 mil  |   2.298562    3.73278     0.62   0.538    -5.020819    9.617942
          5,001 a 8 mil  |   .2846556   3.415184     0.08   0.934    -6.411972    6.981283
         8,001 a 10 mil  |   1.054186   3.303983     0.32   0.750    -5.424392    7.532765
        10,001 a 15 mil  |   .5440574   3.221966     0.17   0.866    -5.773699    6.861814
        15,001 a 20 mil  |   2.348439   3.246802     0.72   0.470    -4.018017    8.714895
        20,001 a 49,999  |   1.829457   3.253375     0.56   0.574    -4.549887    8.208801
                50 mil+  |    20.4653   4.262064     4.80   0.000     12.10808    28.82252
                  No sé  |  -5.186024   3.962526    -1.31   0.191     -12.9559    2.583852
                         |
               tipo_cons |
          diario-suelto  |  -21.86972   3.328848    -6.57   0.000    -28.39705   -15.34238
   esporádico-cajetilla  |  -44.98443   1.433696   -31.38   0.000    -47.79567   -42.17318
      esporádico-suelto  |  -49.00608   1.948503   -25.15   0.000    -52.82678   -45.18538
                         |
                   _cons |   80.65598   7.785701    10.36   0.000     65.38948    95.92249
------------------------------------------------------------------------------------------

. outreg2 using resultados/encuesta/modelos1_2, word excel replace
resultados/encuesta/modelos1_2.rtf
resultados/encuesta/modelos1_2.xml
dir : seeout

.   
. // estimación panel
. xtreg consumo_semanal $v_int $vreg if has_fumado_1mes, fe
note: 9.educ_gr2 omitted because of collinearity

Fixed-effects (within) regression               Number of obs     =      2,741
Group variable: id_num                          Number of groups  =      1,994

R-sq:                                           Obs per group:
     within  = 0.1239                                         min =          1
     between = 0.2330                                         avg =        1.4
     overall = 0.2257                                         max =          2

                                                F(27,720)         =       3.77
corr(u_i, Xb)  = 0.1731                         Prob > F          =     0.0000

------------------------------------------------------------------------------------------
         consumo_semanal |      Coef.   Std. Err.      t    P>|t|     [95% Conf. Interval]
-------------------------+----------------------------------------------------------------
                 tax2020 |   .1545739   1.060173     0.15   0.884    -1.926826    2.235974
            tax2020_sexo |  -.9647893   1.547726    -0.62   0.533    -4.003384    2.073806
                    sexo |   5.393944   5.904313     0.91   0.361    -6.197783    16.98567
                         |
                edad_gr2 |
                  25-29  |  -3.928622   6.055075    -0.65   0.517    -15.81633    7.959091
                  30-34  |    7.74615   8.469058     0.91   0.361    -8.880849    24.37315
                  35-39  |   14.60087   9.513563     1.53   0.125    -4.076765    33.27851
                  40-44  |   11.68718   11.53258     1.01   0.311    -10.95432    34.32867
                  45-54  |   11.28752   14.07613     0.80   0.423    -16.34765    38.92269
                  55-64  |   10.02479   16.24341     0.62   0.537    -21.86532    41.91489
                    65+  |   13.49722   19.16419     0.70   0.481    -24.12715     51.1216
                         |
                educ_gr2 |
    Secundaria completa  |   1.135831   8.917957     0.13   0.899    -16.37247    18.64414
                Técnica  |  -9.303044   9.121782    -1.02   0.308    -27.21151    8.605424
           Preparatoria  |  -3.292558   9.094579    -0.36   0.717    -21.14762     14.5625
Licenciatura incompleta  |  -5.414583   9.691766    -0.56   0.577    -24.44208    13.61291
  Licenciatura completa  |  -3.370729   9.858821    -0.34   0.733     -22.7262    15.98474
               Posgrado  |  -9.286859   12.35001    -0.75   0.452    -33.53318    14.95947
                   Otro  |          0  (omitted)
                         |
                 gr_ingr |
          3,001 a 5 mil  |  -3.497521   4.843244    -0.72   0.470    -13.00609    6.011046
          5,001 a 8 mil  |    5.25886   4.584649     1.15   0.252    -3.742017    14.25974
         8,001 a 10 mil  |    10.5935   4.743994     2.23   0.026     1.279783    19.90721
        10,001 a 15 mil  |   9.688313   4.662719     2.08   0.038     .5341644    18.84246
        15,001 a 20 mil  |   13.27365   4.892827     2.71   0.007     3.667738    22.87956
        20,001 a 49,999  |   12.39785    5.05074     2.45   0.014     2.481914    22.31379
                50 mil+  |   17.47497   6.194968     2.82   0.005     5.312606    29.63732
                  No sé  |   10.83982   5.930479     1.83   0.068    -.8032778    22.48292
                         |
               tipo_cons |
          diario-suelto  |  -2.248123   4.160797    -0.54   0.589    -10.41687    5.920622
   esporádico-cajetilla  |  -16.24246   2.059248    -7.89   0.000    -20.28531   -12.19961
      esporádico-suelto  |  -17.77283   3.228445    -5.51   0.000    -24.11112   -11.43454
                         |
                   _cons |   26.76153   12.51637     2.14   0.033     2.188581    51.33448
-------------------------+----------------------------------------------------------------
                 sigma_u |  35.017881
                 sigma_e |  14.528533
                     rho |  .85314561   (fraction of variance due to u_i)
------------------------------------------------------------------------------------------
F test that all u_i=0: F(1993, 720) = 6.51                   Prob > F = 0.0000

. outreg2 using resultados/encuesta/modelos1_2, word excel append
resultados/encuesta/modelos1_2.rtf
resultados/encuesta/modelos1_2.xml
dir : seeout

. 
. estimates store fixed

. *xttest2
. /*
> insufficient observations
> r(2001);
> 
> end of do-file
> */
. 
. xtreg consumo_semanal $v_int $vreg if has_fumado_1mes, re

Random-effects GLS regression                   Number of obs     =      2,741
Group variable: id_num                          Number of groups  =      1,994

R-sq:                                           Obs per group:
     within  = 0.0919                                         min =          1
     between = 0.3836                                         avg =        1.4
     overall = 0.3636                                         max =          2

                                                Wald chi2(28)     =    1129.49
corr(u_i, X)   = 0 (assumed)                    Prob > chi2       =     0.0000

------------------------------------------------------------------------------------------
         consumo_semanal |      Coef.   Std. Err.      z    P>|z|     [95% Conf. Interval]
-------------------------+----------------------------------------------------------------
                 tax2020 |  -.9246194   .9923503    -0.93   0.351     -2.86959    1.020352
            tax2020_sexo |  -.4688473   1.452198    -0.32   0.747    -3.315104    2.377409
                    sexo |  -2.402386   1.589644    -1.51   0.131    -5.518032     .713259
                         |
                edad_gr2 |
                  25-29  |  -1.298321   2.376566    -0.55   0.585    -5.956305    3.359663
                  30-34  |   .9867547   2.477649     0.40   0.690    -3.869348    5.842858
                  35-39  |   2.857205   2.643935     1.08   0.280    -2.324813    8.039222
                  40-44  |   6.165355   2.919754     2.11   0.035     .4427419    11.88797
                  45-54  |   6.510545   2.566777     2.54   0.011     1.479754    11.54134
                  55-64  |   13.25325   3.020493     4.39   0.000     7.333194    19.17331
                    65+  |   19.47724    6.41758     3.03   0.002     6.899016    32.05547
                         |
                educ_gr2 |
    Secundaria completa  |  -23.68682   8.113195    -2.92   0.004    -39.58839   -7.785255
                Técnica  |  -29.81625   8.069324    -3.70   0.000    -45.63183   -14.00066
           Preparatoria  |  -27.13645   7.955401    -3.41   0.001    -42.72875   -11.54415
Licenciatura incompleta  |  -27.92214   8.010988    -3.49   0.000    -43.62339    -12.2209
  Licenciatura completa  |  -24.59979   7.999442    -3.08   0.002    -40.27841   -8.921167
               Posgrado  |  -26.27204   8.646514    -3.04   0.002     -43.2189   -9.325183
                   Otro  |  -17.18093    10.1515    -1.69   0.091     -37.0775    2.715645
                         |
                 gr_ingr |
          3,001 a 5 mil  |  -.0011696   3.212078    -0.00   1.000    -6.296727    6.294388
          5,001 a 8 mil  |   2.212841   2.989375     0.74   0.459    -3.646226    8.071909
         8,001 a 10 mil  |   3.868764   2.945678     1.31   0.189    -1.904658    9.642187
        10,001 a 15 mil  |   3.045972     2.8702     1.06   0.289    -2.579517     8.67146
        15,001 a 20 mil  |   5.519366   2.938466     1.88   0.060    -.2399224    11.27865
        20,001 a 49,999  |   5.324208    2.98085     1.79   0.074    -.5181495    11.16657
                50 mil+  |   16.28567    3.88233     4.19   0.000     8.676443     23.8949
                  No sé  |   .4132255   3.661994     0.11   0.910    -6.764151    7.590602
                         |
               tipo_cons |
          diario-suelto  |  -13.68813   2.864569    -4.78   0.000    -19.30258   -8.073672
   esporádico-cajetilla  |  -35.25373   1.316335   -26.78   0.000     -37.8337   -32.67376
      esporádico-suelto  |  -40.52011    1.84956   -21.91   0.000    -44.14518   -36.89504
                         |
                   _cons |   72.48523   8.320376     8.71   0.000     56.17759    88.79286
-------------------------+----------------------------------------------------------------
                 sigma_u |  27.983823
                 sigma_e |  14.528533
                     rho |  .78768449   (fraction of variance due to u_i)
------------------------------------------------------------------------------------------

. outreg2 using resultados/encuesta/modelos1_2, word excel append
resultados/encuesta/modelos1_2.rtf
resultados/encuesta/modelos1_2.xml
dir : seeout

. 
. estimates store random

. xttest0 

Breusch and Pagan Lagrangian multiplier test for random effects

        consumo_semanal[id_num,t] = Xb + u[id_num] + e[id_num,t]

        Estimated results:
                         |       Var     sd = sqrt(Var)
                ---------+-----------------------------
               consumo~l |    1676.21       40.94154
                       e |   211.0783       14.52853
                       u |   783.0944       27.98382

        Test:   Var(u) = 0
                             chibar2(01) =   581.70
                          Prob > chibar2 =   0.0000

. * rechazo Pooled 
. * significance of random effects
. * Hausmann Test
. // hausman consistent efficient
. hausman fixed random , sigmamore

                 ---- Coefficients ----
             |      (b)          (B)            (b-B)     sqrt(diag(V_b-V_B))
             |     fixed        random       Difference          S.E.
-------------+----------------------------------------------------------------
     tax2020 |    .1545739    -.9246194        1.079193        .4627351
tax2020_sexo |   -.9647893    -.4688473        -.495942        .6680115
        sexo |    5.393944    -2.402386        7.796331        5.887064
    edad_gr2 |
          2  |   -3.928622    -1.298321       -2.630301        5.784429
          3  |     7.74615     .9867547        6.759395        8.388496
          4  |    14.60087     2.857205        11.74367         9.46309
          5  |    11.68718     6.165355        5.521822         11.5473
          6  |    11.28752     6.510545        4.776972        14.30928
          7  |    10.02479     13.25325       -3.228464        16.50185
          8  |    13.49722     19.47724        -5.98002        18.72325
    educ_gr2 |
          2  |    1.135831    -23.68682        24.82266        4.359691
          3  |   -9.303044    -29.81625         20.5132        4.861983
          4  |   -3.292558    -27.13645        23.84389        4.993585
          5  |   -5.414583    -27.92214        22.50756        6.001258
          6  |   -3.370729    -24.59979        21.22906        6.299497
          7  |   -9.286859    -26.27204        16.98518        9.376912
     gr_ingr |
          2  |   -3.497521    -.0011696       -3.496351        3.834454
          3  |     5.25886     2.212841        3.046018        3.672004
          4  |     10.5935     3.868764        6.724733        3.915164
          5  |    9.688313     3.045972        6.642342         3.86678
          6  |    13.27365     5.519366        7.754284         4.11106
          7  |    12.39785     5.324208        7.073642        4.280749
          8  |    17.47497     16.28567        1.189296        5.085579
         99  |    10.83982     .4132255        10.42659        4.909643
   tipo_cons |
          2  |   -2.248123    -13.68813           11.44        3.203183
          3  |   -16.24246    -35.25373        19.01127        1.670451
          4  |   -17.77283    -40.52011        22.74728        2.774292
------------------------------------------------------------------------------
                           b = consistent under Ho and Ha; obtained from xtreg
            B = inconsistent under Ha, efficient under Ho; obtained from xtreg

    Test:  Ho:  difference in coefficients not systematic

                 chi2(27) = (b-B)'[(V_b-V_B)^(-1)](b-B)
                          =      248.48
                Prob>chi2 =      0.0000

. // Rechazo Efectos aleatorios
. 
. use "$datos/wave4_5balanc.dta", clear

. xtreg consumo_semanal $v_int $vreg if has_fumado_1mes, fe
note: 9.educ_gr2 omitted because of collinearity

Fixed-effects (within) regression               Number of obs     =      1,494
Group variable: id_num                          Number of groups  =        747

R-sq:                                           Obs per group:
     within  = 0.1239                                         min =          2
     between = 0.2181                                         avg =        2.0
     overall = 0.2090                                         max =          2

                                                F(27,720)         =       3.77
corr(u_i, Xb)  = 0.1987                         Prob > F          =     0.0000

------------------------------------------------------------------------------------------
         consumo_semanal |      Coef.   Std. Err.      t    P>|t|     [95% Conf. Interval]
-------------------------+----------------------------------------------------------------
                 tax2020 |   .1545739   1.060173     0.15   0.884    -1.926826    2.235974
            tax2020_sexo |  -.9647893   1.547726    -0.62   0.533    -4.003384    2.073806
                    sexo |   5.393944   5.904313     0.91   0.361    -6.197783    16.98567
                         |
                edad_gr2 |
                  25-29  |  -3.928622   6.055075    -0.65   0.517    -15.81633    7.959091
                  30-34  |    7.74615   8.469058     0.91   0.361    -8.880849    24.37315
                  35-39  |   14.60087   9.513563     1.53   0.125    -4.076765    33.27851
                  40-44  |   11.68718   11.53258     1.01   0.311    -10.95432    34.32867
                  45-54  |   11.28752   14.07613     0.80   0.423    -16.34765    38.92269
                  55-64  |   10.02479   16.24341     0.62   0.537    -21.86532    41.91489
                    65+  |   13.49722   19.16419     0.70   0.481    -24.12715     51.1216
                         |
                educ_gr2 |
    Secundaria completa  |   1.135831   8.917957     0.13   0.899    -16.37247    18.64414
                Técnica  |  -9.303044   9.121782    -1.02   0.308    -27.21151    8.605424
           Preparatoria  |  -3.292558   9.094579    -0.36   0.717    -21.14762     14.5625
Licenciatura incompleta  |  -5.414583   9.691766    -0.56   0.577    -24.44208    13.61291
  Licenciatura completa  |  -3.370729   9.858821    -0.34   0.733     -22.7262    15.98474
               Posgrado  |  -9.286859   12.35001    -0.75   0.452    -33.53318    14.95947
                   Otro  |          0  (omitted)
                         |
                 gr_ingr |
          3,001 a 5 mil  |  -3.497521   4.843244    -0.72   0.470    -13.00609    6.011046
          5,001 a 8 mil  |    5.25886   4.584649     1.15   0.252    -3.742017    14.25974
         8,001 a 10 mil  |    10.5935   4.743994     2.23   0.026     1.279783    19.90721
        10,001 a 15 mil  |   9.688313   4.662719     2.08   0.038     .5341644    18.84246
        15,001 a 20 mil  |   13.27365   4.892827     2.71   0.007     3.667738    22.87956
        20,001 a 49,999  |   12.39785    5.05074     2.45   0.014     2.481914    22.31379
                50 mil+  |   17.47497   6.194968     2.82   0.005     5.312606    29.63732
                  No sé  |   10.83982   5.930479     1.83   0.068    -.8032778    22.48292
                         |
               tipo_cons |
          diario-suelto  |  -2.248123   4.160797    -0.54   0.589    -10.41687    5.920622
   esporádico-cajetilla  |  -16.24246   2.059248    -7.89   0.000    -20.28531   -12.19961
      esporádico-suelto  |  -17.77283   3.228445    -5.51   0.000    -24.11112   -11.43454
                         |
                   _cons |   27.97958   13.20125     2.12   0.034      2.06203    53.89713
-------------------------+----------------------------------------------------------------
                 sigma_u |  37.761195
                 sigma_e |  14.528533
                     rho |  .87105678   (fraction of variance due to u_i)
------------------------------------------------------------------------------------------
F test that all u_i=0: F(746, 720) = 10.42                   Prob > F = 0.0000

. outreg2 using resultados/encuesta/modelos1_2, word excel append
resultados/encuesta/modelos1_2.rtf
resultados/encuesta/modelos1_2.xml
dir : seeout

. 
. capture log close
