-----------------------------------------------------------------------------------
      name:  <unnamed>
       log:  C:\Users\chen\OneDrive\Documentos\R\tax_ene2020\tax_2020\resultados\en
> cuesta\/modelos_precio3b.log
  log type:  text
 opened on:  29 Aug 2021, 17:40:16

. 
. macro list resultados
resultados:     resultados\encuesta\

. 
. global datos = "datos/encuesta/"

. global codigo = "stata_code\encuesta_\"

. 
. // variable dependiente>
. global dep "ppu"

. 
. 
. global v_ps "tax2020 sexo i.edad_gr2 i.educ_gr2 i.gr_ingr patron single"

. 
. foreach var of varlist patron single tipo sexo { 
  2.         use "$datos/c_pw4_w5_unbalanc.dta", clear
  3.         // use "$datos/wave4_5unbalanced.dta", clear
.         /************************************************************************
> ***/
.         // 1.3.b MODELOS tipo
. 
.         // modelo
.         regress $dep $v_ps tax2020#i.`var' if has_fumado_1mes
  4.         outreg2 using resultados/encuesta/mod_p1_3b`var', word excel replace
  5. 
.         // estimación panel
.         xtreg $dep $v_ps tax2020#i.`var' if has_fumado_1mes, fe
  6.         outreg2 using resultados/encuesta/mod_p1_3b`var', word excel append
  7. 
.         estimates store fixed
  8.         *xttest2
.         /*
>         insufficient observations
>         r(2001);
> 
>         end of do-file
>         */
.         xtreg $dep $v_ps tax2020#i.`var' if has_fumado_1mes, re
  9.         outreg2 using resultados/encuesta/mod_p1_3b`var', word excel append
 10. 
.         estimates store random
 11.         xttest0 
 12.         * rechazo Pooled 
.         * significance of random effects
.         * Hausmann Test
.         // hausman consistent efficient
.         hausman fixed random , sigmamore
 13.         // Rechazo Efectos aleatorios
. 
. 
. // PRIMERO VERIFICAR SI EL FECTO INDIVIDUAL ESTIMADO SERÍA ALEATORIO O FIJO
. // patron: fijo
. /*
>    Test:  Ho:  difference in coefficients not systematic
> 
>                  chi2(26) = (b-B)'[(V_b-V_B)^(-1)](b-B)
>                           =       41.46
>                 Prob>chi2 =      0.0279
> 
> */
. // single: fijo
. /*
> 
>     Test:  Ho:  difference in coefficients not systematic
> 
>                  chi2(26) = (b-B)'[(V_b-V_B)^(-1)](b-B)
>                           =       44.56
>                 Prob>chi2 =      0.0132
> */
. // tipo: 
. /*
>    Test:  Ho:  difference in coefficients not systematic
> 
>                  chi2(29) = (b-B)'[(V_b-V_B)^(-1)](b-B)
>                           =       47.17
>                 Prob>chi2 =      0.0179
> */
. // sexo: fijo
. /*
> 
> 
>     Test:  Ho:  difference in coefficients not systematic
> 
>                  chi2(26) = (b-B)'[(V_b-V_B)^(-1)](b-B)
>                           =       41.51
>                 Prob>chi2 =      0.0275
> 
> */
. // SE INCLUYE PARA BALANCEADO SOLO EFECTO FIJO
.         use "$datos/c_pw4_w5_balanc.dta", clear
 14.         xtreg $dep $v_ps tax2020#i.`var' if has_fumado_1mes, fe
 15.         outreg2 using resultados/encuesta/mod_p1_3b`value', word excel append
 16. 
.         estimates store fixed
 17.         *xttest2
.         /*
>         insufficient observations
>         r(2001);
> 
>         end of do-file
>         */
. 
. 
. }
note: 1.tax2020#0b.patron omitted because of collinearity
note: 1.tax2020#1.patron omitted because of collinearity

      Source |       SS           df       MS      Number of obs   =     2,741
-------------+----------------------------------   F(27, 2713)     =     64.93
       Model |   2142.4343        27  79.3494184   Prob > F        =    0.0000
    Residual |  3315.47626     2,713  1.22207013   R-squared       =    0.3925
-------------+----------------------------------   Adj R-squared   =    0.3865
       Total |  5457.91055     2,740  1.99193816   Root MSE        =    1.1055

----------------------------------------------------------------------------------
             ppu |      Coef.   Std. Err.      t    P>|t|     [95% Conf. Interval]
-----------------+----------------------------------------------------------------
         tax2020 |   .3404956   .0593729     5.73   0.000     .2240749    .4569163
            sexo |   .0507495   .0432839     1.17   0.241    -.0341233    .1356222
                 |
        edad_gr2 |
          25-29  |   -.074697   .0800851    -0.93   0.351     -.231731    .0823369
          30-34  |  -.0686485   .0811648    -0.85   0.398    -.2277994    .0905025
          35-39  |   .0113903   .0850223     0.13   0.893    -.1553248    .1781054
          40-44  |   .0459369   .0925259     0.50   0.620    -.1354914    .2273652
          45-54  |  -.0993869   .0814769    -1.22   0.223      -.25915    .0603762
          55-64  |  -.1880408   .0945947    -1.99   0.047    -.3735257   -.0025559
            65+  |  -.7737752   .2104714    -3.68   0.000    -1.186476   -.3610748
                 |
        educ_gr2 |
Secundaria co..  |  -.1498587   .2522177    -0.59   0.552    -.6444169    .3446995
        Técnica  |  -.0535134   .2516035    -0.21   0.832    -.5468673    .4398404
   Preparatoria  |    .138437   .2472625     0.56   0.576    -.3464049     .623279
Licenciatura ..  |   .1404735    .249588     0.56   0.574    -.3489284    .6298753
Licenciatura ..  |   .3091535   .2489895     1.24   0.214    -.1790749    .7973818
       Posgrado  |   .3111298   .2700545     1.15   0.249    -.2184035    .8406631
           Otro  |   .0818045   .3686805     0.22   0.824    -.6411185    .8047275
                 |
         gr_ingr |
  3,001 a 5 mil  |  -.4162555   .1262928    -3.30   0.001    -.6638954   -.1686157
  5,001 a 8 mil  |  -.2558063   .1155744    -2.21   0.027     -.482429   -.0291835
 8,001 a 10 mil  |  -.1606211    .111791    -1.44   0.151    -.3798252     .058583
10,001 a 15 mil  |  -.1249594   .1090475    -1.15   0.252    -.3387839    .0888651
15,001 a 20 mil  |  -.0565633   .1099151    -0.51   0.607    -.2720891    .1589625
20,001 a 49,999  |  -.0282097   .1101015    -0.26   0.798     -.244101    .1876816
        50 mil+  |   .2481378   .1443192     1.72   0.086    -.0348489    .5311246
          No sé  |  -.2335001   .1342014    -1.74   0.082    -.4966473    .0296471
                 |
          patron |  -.1197632   .0628653    -1.91   0.057    -.2430321    .0035056
         singles |   2.160646   .0577139    37.44   0.000     2.047479    2.273814
                 |
  tax2020#patron |
        0#daily  |   .0510304    .084793     0.60   0.547     -.115235    .2172959
     1#nondaily  |          0  (omitted)
        1#daily  |          0  (omitted)
                 |
           _cons |   3.176076   .2622523    12.11   0.000     2.661841     3.69031
----------------------------------------------------------------------------------
resultados/encuesta/mod_p1_3bpatron.rtf
resultados/encuesta/mod_p1_3bpatron.xml
dir : seeout
note: 9.educ_gr2 omitted because of collinearity
note: 1.tax2020#0b.patron omitted because of collinearity
note: 1.tax2020#1.patron omitted because of collinearity

Fixed-effects (within) regression               Number of obs     =      2,741
Group variable: id_num                          Number of groups  =      1,994

R-sq:                                           Obs per group:
     within  = 0.3754                                         min =          1
     between = 0.1813                                         avg =        1.4
     overall = 0.1761                                         max =          2

                                                F(26,721)         =      16.67
corr(u_i, Xb)  = -0.3213                        Prob > F          =     0.0000

----------------------------------------------------------------------------------
             ppu |      Coef.   Std. Err.      t    P>|t|     [95% Conf. Interval]
-----------------+----------------------------------------------------------------
         tax2020 |   .3915801   .0610263     6.42   0.000     .2717696    .5113905
            sexo |  -.0164722    .294264    -0.06   0.955    -.5941889    .5612445
                 |
        edad_gr2 |
          25-29  |  -.1358301    .304934    -0.45   0.656    -.7344948    .4628345
          30-34  |   -.211254   .4264851    -0.50   0.621    -1.048555    .6260471
          35-39  |   -.088189   .4780987    -0.18   0.854    -1.026821    .8504428
          40-44  |   .6899021   .5801912     1.19   0.235    -.4491639    1.828968
          45-54  |    1.50985    .705654     2.14   0.033     .1244681    2.895232
          55-64  |   .7131343   .8139434     0.88   0.381    -.8848481    2.311117
            65+  |   1.079546   .9622232     1.12   0.262    -.8095484     2.96864
                 |
        educ_gr2 |
Secundaria co..  |  -.3215093   .4480491    -0.72   0.473    -1.201146    .5581275
        Técnica  |  -.2349062   .4591264    -0.51   0.609    -1.136291    .6664781
   Preparatoria  |  -.1525247    .457263    -0.33   0.739    -1.050251    .7452013
Licenciatura ..  |  -.4054561      .4873    -0.83   0.406    -1.362153    .5512404
Licenciatura ..  |  -.3973647   .4959487    -0.80   0.423    -1.371041    .5763114
       Posgrado  |  -.4654461   .6215001    -0.75   0.454    -1.685612      .75472
           Otro  |          0  (omitted)
                 |
         gr_ingr |
  3,001 a 5 mil  |   .3206243   .2431921     1.32   0.188    -.1568249    .7980735
  5,001 a 8 mil  |   .1187734   .2302685     0.52   0.606    -.3333035    .5708502
 8,001 a 10 mil  |   .1027403    .238754     0.43   0.667    -.3659958    .5714764
10,001 a 15 mil  |   .1887517   .2341995     0.81   0.421    -.2710427     .648546
15,001 a 20 mil  |   .1518659   .2453525     0.62   0.536    -.3298248    .6335565
20,001 a 49,999  |   .1741548   .2537189     0.69   0.493    -.3239613    .6722709
        50 mil+  |    .138402   .3112239     0.44   0.657    -.4726113    .7494153
          No sé  |   .5650194   .2989664     1.89   0.059    -.0219292    1.151968
                 |
          patron |  -.0769731   .1105188    -0.70   0.486    -.2939503    .1400041
         singles |   2.063624    .118539    17.41   0.000     1.830901    2.296346
                 |
  tax2020#patron |
        0#daily  |   .0890618   .0834015     1.07   0.286    -.0746771    .2528006
     1#nondaily  |          0  (omitted)
        1#daily  |          0  (omitted)
                 |
           _cons |   2.903265   .6248806     4.65   0.000     1.676462    4.130068
-----------------+----------------------------------------------------------------
         sigma_u |  1.3193473
         sigma_e |  .73139884
             rho |   .7649239   (fraction of variance due to u_i)
----------------------------------------------------------------------------------
F test that all u_i=0: F(1993, 721) = 2.75                   Prob > F = 0.0000
resultados/encuesta/mod_p1_3bpatron.rtf
resultados/encuesta/mod_p1_3bpatron.xml
dir : seeout
note: 1.tax2020#0.patron omitted because of collinearity
note: 1.tax2020#1.patron omitted because of collinearity

Random-effects GLS regression                   Number of obs     =      2,741
Group variable: id_num                          Number of groups  =      1,994

R-sq:                                           Obs per group:
     within  = 0.3461                                         min =          1
     between = 0.4006                                         avg =        1.4
     overall = 0.3917                                         max =          2

                                                Wald chi2(27)     =    1701.91
corr(u_i, X)   = 0 (assumed)                    Prob > chi2       =     0.0000

----------------------------------------------------------------------------------
             ppu |      Coef.   Std. Err.      z    P>|z|     [95% Conf. Interval]
-----------------+----------------------------------------------------------------
         tax2020 |   .3679103   .0481144     7.65   0.000     .2736079    .4622128
            sexo |   .0507357   .0485635     1.04   0.296    -.0444471    .1459185
                 |
        edad_gr2 |
          25-29  |  -.0755557   .0845802    -0.89   0.372    -.2413298    .0902185
          30-34  |   -.092985   .0870835    -1.07   0.286    -.2636654    .0776955
          35-39  |  -.0036834   .0926972    -0.04   0.968    -.1853666    .1779998
          40-44  |   .0140783   .1018339     0.14   0.890    -.1855125    .2136692
          45-54  |  -.0809329   .0891889    -0.91   0.364    -.2557399    .0938741
          55-64  |  -.1979968   .1048517    -1.89   0.059    -.4035024    .0075088
            65+  |  -.6427075   .2302848    -2.79   0.005    -1.094057   -.1913577
                 |
        educ_gr2 |
Secundaria co..  |  -.1700025   .2767529    -0.61   0.539    -.7124282    .3724232
        Técnica  |  -.0686516   .2756317    -0.25   0.803    -.6088798    .4715766
   Preparatoria  |   .1196262   .2711208     0.44   0.659    -.4117608    .6510131
Licenciatura ..  |    .125203   .2733072     0.46   0.647    -.4104694    .6608753
Licenciatura ..  |   .2819202    .272934     1.03   0.302    -.2530207    .8168611
       Posgrado  |   .3076127   .2969406     1.04   0.300    -.2743802    .8896056
           Otro  |   .1046639   .3714744     0.28   0.778    -.6234125    .8327403
                 |
         gr_ingr |
  3,001 a 5 mil  |  -.2880456   .1238662    -2.33   0.020    -.5308188   -.0452724
  5,001 a 8 mil  |  -.2226943   .1146414    -1.94   0.052    -.4473873    .0019986
 8,001 a 10 mil  |  -.1004246   .1119802    -0.90   0.370    -.3199017    .1190526
10,001 a 15 mil  |  -.0744729   .1091292    -0.68   0.495    -.2883622    .1394164
15,001 a 20 mil  |  -.0261772   .1109077    -0.24   0.813    -.2435522    .1911979
20,001 a 49,999  |   .0186559   .1119868     0.17   0.868    -.2008343    .2381461
        50 mil+  |   .2415076    .147567     1.64   0.102    -.0477185    .5307336
          No sé  |  -.1226284    .137806    -0.89   0.374    -.3927232    .1474665
                 |
          patron |  -.1126346   .0586099    -1.92   0.055    -.2275079    .0022386
         singles |   2.150006   .0578454    37.17   0.000     2.036632    2.263381
                 |
  tax2020#patron |
        0#daily  |   .0731064   .0679181     1.08   0.282    -.0600106    .2062235
     1#nondaily  |          0  (omitted)
        1#daily  |          0  (omitted)
                 |
           _cons |   3.127906   .2844629    11.00   0.000     2.570369    3.685442
-----------------+----------------------------------------------------------------
         sigma_u |  .85926841
         sigma_e |  .73139884
             rho |  .57987124   (fraction of variance due to u_i)
----------------------------------------------------------------------------------
resultados/encuesta/mod_p1_3bpatron.rtf
resultados/encuesta/mod_p1_3bpatron.xml
dir : seeout

Breusch and Pagan Lagrangian multiplier test for random effects

        ppu[id_num,t] = Xb + u[id_num] + e[id_num,t]

        Estimated results:
                         |       Var     sd = sqrt(Var)
                ---------+-----------------------------
                     ppu |   1.991938        1.41136
                       e |   .5349443       .7313988
                       u |   .7383422       .8592684

        Test:   Var(u) = 0
                             chibar2(01) =   140.58
                          Prob > chibar2 =   0.0000

                 ---- Coefficients ----
             |      (b)          (B)            (b-B)     sqrt(diag(V_b-V_B))
             |     fixed        random       Difference          S.E.
-------------+----------------------------------------------------------------
     tax2020 |    .3915801     .3679103        .0236697        .0372845
        sexo |   -.0164722     .0507357       -.0672079        .2894637
    edad_gr2 |
          2  |   -.1358301    -.0755557       -.0602745        .2921549
          3  |    -.211254     -.092985        -.118269        .4163821
          4  |    -.088189    -.0036834       -.0845057         .467776
          5  |    .6899021     .0140783        .6758237        .5696726
          6  |     1.50985    -.0809329        1.590783        .6981701
          7  |    .7131343    -.1979968         .911131        .8050562
          8  |    1.079546    -.6427075        1.722253        .9317181
    educ_gr2 |
          2  |   -.3215093    -.1700025       -.1515067         .350895
          3  |   -.2349062    -.0686516       -.1662547        .3657105
          4  |   -.1525247     .1196262       -.2721509        .3667583
          5  |   -.4054561      .125203       -.5306591        .4019301
          6  |   -.3973647     .2819202       -.6792849        .4125675
          7  |   -.4654461     .3076127       -.7730588        .5441595
     gr_ingr |
          2  |    .3206243    -.2880456          .60867        .2085582
          3  |    .1187734    -.2226943        .3414677        .1990207
          4  |    .1027403    -.1004246        .2031648         .210171
          5  |    .1887517    -.0744729        .2632246         .206541
          6  |    .1518659    -.0261772        .1780431        .2181488
          7  |    .1741548     .0186559        .1554989        .2269414
          8  |     .138402     .2415076       -.1031056         .273108
         99  |    .5650194    -.1226284        .6876478        .2644474
      patron |   -.0769731    -.1126346        .0356616        .0933633
     singles |    2.063624     2.150006       -.0863829        .1031184
     tax2020#|
      patron |
        0 1  |    .0890618     .0731064        .0159553        .0480344
------------------------------------------------------------------------------
                           b = consistent under Ho and Ha; obtained from xtreg
            B = inconsistent under Ha, efficient under Ho; obtained from xtreg

    Test:  Ho:  difference in coefficients not systematic

                 chi2(26) = (b-B)'[(V_b-V_B)^(-1)](b-B)
                          =       41.46
                Prob>chi2 =      0.0279
note: 9.educ_gr2 omitted because of collinearity
note: 1.tax2020#0b.patron omitted because of collinearity
note: 1.tax2020#1.patron omitted because of collinearity

Fixed-effects (within) regression               Number of obs     =      1,494
Group variable: id_num                          Number of groups  =        747

R-sq:                                           Obs per group:
     within  = 0.3754                                         min =          2
     between = 0.0950                                         avg =        2.0
     overall = 0.1341                                         max =          2

                                                F(26,721)         =      16.67
corr(u_i, Xb)  = -0.4186                        Prob > F          =     0.0000

----------------------------------------------------------------------------------
             ppu |      Coef.   Std. Err.      t    P>|t|     [95% Conf. Interval]
-----------------+----------------------------------------------------------------
         tax2020 |   .3915801   .0610263     6.42   0.000     .2717696    .5113905
            sexo |  -.0164722    .294264    -0.06   0.955    -.5941889    .5612445
                 |
        edad_gr2 |
          25-29  |  -.1358301    .304934    -0.45   0.656    -.7344948    .4628345
          30-34  |   -.211254   .4264851    -0.50   0.621    -1.048555    .6260471
          35-39  |   -.088189   .4780987    -0.18   0.854    -1.026821    .8504428
          40-44  |   .6899021   .5801912     1.19   0.235    -.4491639    1.828968
          45-54  |    1.50985    .705654     2.14   0.033     .1244681    2.895232
          55-64  |   .7131343   .8139434     0.88   0.381    -.8848481    2.311117
            65+  |   1.079546   .9622232     1.12   0.262    -.8095484     2.96864
                 |
        educ_gr2 |
Secundaria co..  |  -.3215093   .4480491    -0.72   0.473    -1.201146    .5581275
        Técnica  |  -.2349062   .4591264    -0.51   0.609    -1.136291    .6664781
   Preparatoria  |  -.1525247    .457263    -0.33   0.739    -1.050251    .7452013
Licenciatura ..  |  -.4054561      .4873    -0.83   0.406    -1.362153    .5512404
Licenciatura ..  |  -.3973647   .4959487    -0.80   0.423    -1.371041    .5763114
       Posgrado  |  -.4654461   .6215001    -0.75   0.454    -1.685612      .75472
           Otro  |          0  (omitted)
                 |
         gr_ingr |
  3,001 a 5 mil  |   .3206243   .2431921     1.32   0.188    -.1568249    .7980735
  5,001 a 8 mil  |   .1187734   .2302685     0.52   0.606    -.3333035    .5708502
 8,001 a 10 mil  |   .1027403    .238754     0.43   0.667    -.3659958    .5714764
10,001 a 15 mil  |   .1887517   .2341995     0.81   0.421    -.2710427     .648546
15,001 a 20 mil  |   .1518659   .2453525     0.62   0.536    -.3298248    .6335565
20,001 a 49,999  |   .1741548   .2537189     0.69   0.493    -.3239613    .6722709
        50 mil+  |    .138402   .3112239     0.44   0.657    -.4726113    .7494153
          No sé  |   .5650194   .2989664     1.89   0.059    -.0219292    1.151968
                 |
          patron |  -.0769731   .1105188    -0.70   0.486    -.2939503    .1400041
         singles |   2.063624    .118539    17.41   0.000     1.830901    2.296346
                 |
  tax2020#patron |
        0#daily  |   .0890618   .0834015     1.07   0.286    -.0746771    .2528006
     1#nondaily  |          0  (omitted)
        1#daily  |          0  (omitted)
                 |
           _cons |   2.831667   .6603238     4.29   0.000     1.535279    4.128054
-----------------+----------------------------------------------------------------
         sigma_u |  1.2196633
         sigma_e |  .73139884
             rho |  .73550643   (fraction of variance due to u_i)
----------------------------------------------------------------------------------
F test that all u_i=0: F(746, 721) = 3.01                    Prob > F = 0.0000
resultados/encuesta/mod_p1_3b.rtf
resultados/encuesta/mod_p1_3b.xml
dir : seeout
note: 1.tax2020#0b.singles omitted because of collinearity
note: 1.tax2020#1.singles omitted because of collinearity

      Source |       SS           df       MS      Number of obs   =     2,741
-------------+----------------------------------   F(27, 2713)     =     64.92
       Model |  2142.24643        27  79.3424604   Prob > F        =    0.0000
    Residual |  3315.66412     2,713  1.22213937   R-squared       =    0.3925
-------------+----------------------------------   Adj R-squared   =    0.3865
       Total |  5457.91055     2,740  1.99193816   Root MSE        =    1.1055

------------------------------------------------------------------------------------------
                     ppu |      Coef.   Std. Err.      t    P>|t|     [95% Conf. Interval]
-------------------------+----------------------------------------------------------------
                 tax2020 |    .306099   .0471777     6.49   0.000     .2135912    .3986068
                    sexo |   .0508724   .0432841     1.18   0.240    -.0340007    .1357455
                         |
                edad_gr2 |
                  25-29  |  -.0732089   .0801815    -0.91   0.361    -.2304319    .0840142
                  30-34  |  -.0675209   .0811973    -0.83   0.406    -.2267357    .0916939
                  35-39  |   .0110938   .0850221     0.13   0.896    -.1556209    .1778084
                  40-44  |   .0450759   .0925163     0.49   0.626    -.1363336    .2264854
                  45-54  |  -.0991696   .0814967    -1.22   0.224    -.2589716    .0606324
                  55-64  |  -.1888541   .0945747    -2.00   0.046    -.3742998   -.0034084
                    65+  |  -.7712626   .2105239    -3.66   0.000    -1.184066   -.3584592
                         |
                educ_gr2 |
    Secundaria completa  |  -.1539105   .2522432    -0.61   0.542    -.6485187    .3406977
                Técnica  |  -.0564079    .251635    -0.22   0.823    -.5498236    .4370078
           Preparatoria  |   .1357258   .2472617     0.55   0.583    -.3491146    .6205662
Licenciatura incompleta  |   .1373896   .2495926     0.55   0.582    -.3520213    .6268005
  Licenciatura completa  |   .3063715   .2490084     1.23   0.219    -.1818939    .7946368
               Posgrado  |   .3087636   .2700907     1.14   0.253    -.2208407    .8383679
                   Otro  |   .0790827   .3687883     0.21   0.830    -.6440517    .8022172
                         |
                 gr_ingr |
          3,001 a 5 mil  |  -.4163587   .1263112    -3.30   0.001    -.6640346   -.1686827
          5,001 a 8 mil  |  -.2562431   .1156111    -2.22   0.027    -.4829379   -.0295482
         8,001 a 10 mil  |  -.1618527   .1118278    -1.45   0.148     -.381129    .0574236
        10,001 a 15 mil  |   -.126759    .109092    -1.16   0.245    -.3406708    .0871529
        15,001 a 20 mil  |  -.0573702   .1099514    -0.52   0.602     -.272967    .1582267
        20,001 a 49,999  |  -.0301916   .1101222    -0.27   0.784    -.2461234    .1857403
                50 mil+  |   .2472256   .1443322     1.71   0.087    -.0357865    .5302377
                  No sé  |  -.2317384   .1341733    -1.73   0.084    -.4948306    .0313539
                         |
                  patron |  -.0932165   .0452635    -2.06   0.040     -.181971    -.004462
                 singles |   2.185494   .0789065    27.70   0.000     2.030771    2.340216
                         |
         tax2020#singles |
             0#sueltos   |  -.0491731    .107702    -0.46   0.648    -.2603593    .1620132
            1#cajetilla  |          0  (omitted)
             1#sueltos   |          0  (omitted)
                         |
                   _cons |   3.196541   .2615382    12.22   0.000     2.683707    3.709375
------------------------------------------------------------------------------------------
resultados/encuesta/mod_p1_3bsingles.rtf
resultados/encuesta/mod_p1_3bsingles.xml
dir : seeout
note: 9.educ_gr2 omitted because of collinearity
note: 1.tax2020#0b.singles omitted because of collinearity
note: 1.tax2020#1.singles omitted because of collinearity

Fixed-effects (within) regression               Number of obs     =      2,741
Group variable: id_num                          Number of groups  =      1,994

R-sq:                                           Obs per group:
     within  = 0.3788                                         min =          1
     between = 0.1772                                         avg =        1.4
     overall = 0.1721                                         max =          2

                                                F(26,721)         =      16.91
corr(u_i, Xb)  = -0.3287                        Prob > F          =     0.0000

------------------------------------------------------------------------------------------
                     ppu |      Coef.   Std. Err.      t    P>|t|     [95% Conf. Interval]
-------------------------+----------------------------------------------------------------
                 tax2020 |   .3024507   .0424606     7.12   0.000     .2190894    .3858119
                    sexo |  -.0050937   .2934773    -0.02   0.986    -.5812659    .5710785
                         |
                edad_gr2 |
                  25-29  |  -.1161747   .3037844    -0.38   0.702    -.7125823     .480233
                  30-34  |  -.2098772     .42513    -0.49   0.622    -1.044518    .6247633
                  35-39  |  -.0923799   .4767218    -0.19   0.846    -1.028309    .8435488
                  40-44  |   .6698586     .57848     1.16   0.247    -.4658479    1.805565
                  45-54  |   1.530745   .7029985     2.18   0.030     .1505768    2.910914
                  55-64  |    .787042   .8122172     0.97   0.333    -.8075512    2.381635
                    65+  |    1.22961   .9606688     1.28   0.201    -.6564325    3.115652
                         |
                educ_gr2 |
    Secundaria completa  |  -.4100693   .4479052    -0.92   0.360    -1.289423    .4692849
                Técnica  |  -.3434873   .4599032    -0.75   0.455    -1.246397    .5594222
           Preparatoria  |  -.2602845   .4579696    -0.57   0.570    -1.159398    .6388289
Licenciatura incompleta  |  -.4853223   .4870622    -1.00   0.319    -1.441552    .4709072
  Licenciatura completa  |  -.4909527   .4963283    -0.99   0.323    -1.465374    .4834686
               Posgrado  |  -.5503296   .6212732    -0.89   0.376     -1.77005     .669391
                   Otro  |          0  (omitted)
                         |
                 gr_ingr |
          3,001 a 5 mil  |   .2986029   .2427632     1.23   0.219    -.1780042    .7752101
          5,001 a 8 mil  |   .1193381   .2294853     0.52   0.603    -.3312012    .5698773
         8,001 a 10 mil  |   .1031561   .2379073     0.43   0.665    -.3639178      .57023
        10,001 a 15 mil  |    .187318   .2333879     0.80   0.422    -.2708829     .645519
        15,001 a 20 mil  |   .1609523   .2444367     0.66   0.510    -.3189405     .640845
        20,001 a 49,999  |   .1881885   .2528842     0.74   0.457    -.3082889    .6846659
                50 mil+  |   .1604481   .3104618     0.52   0.605     -.449069    .7699653
                  No sé  |   .5824268   .2975598     1.96   0.051    -.0017604    1.166614
                         |
                  patron |  -.0263111   .1016657    -0.26   0.796    -.2259072     .173285
                 singles |   2.206198   .1334354    16.53   0.000      1.94423    2.468166
                         |
         tax2020#singles |
             0#sueltos   |  -.2815496   .1248383    -2.26   0.024    -.5266397   -.0364596
            1#cajetilla  |          0  (omitted)
             1#sueltos   |          0  (omitted)
                         |
                   _cons |   3.014328    .624835     4.82   0.000     1.787615    4.241042
-------------------------+----------------------------------------------------------------
                 sigma_u |  1.3260869
                 sigma_e |  .72940865
                     rho |  .76772455   (fraction of variance due to u_i)
------------------------------------------------------------------------------------------
F test that all u_i=0: F(1993, 721) = 2.77                   Prob > F = 0.0000
resultados/encuesta/mod_p1_3bsingles.rtf
resultados/encuesta/mod_p1_3bsingles.xml
dir : seeout
note: 1.tax2020#0.singles omitted because of collinearity
note: 1.tax2020#1.singles omitted because of collinearity

Random-effects GLS regression                   Number of obs     =      2,741
Group variable: id_num                          Number of groups  =      1,994

R-sq:                                           Obs per group:
     within  = 0.3485                                         min =          1
     between = 0.4000                                         avg =        1.4
     overall = 0.3915                                         max =          2

                                                Wald chi2(27)     =    1703.25
corr(u_i, X)   = 0 (assumed)                    Prob > chi2       =     0.0000

------------------------------------------------------------------------------------------
                     ppu |      Coef.   Std. Err.      z    P>|z|     [95% Conf. Interval]
-------------------------+----------------------------------------------------------------
                 tax2020 |   .3068977   .0360772     8.51   0.000     .2361877    .3776076
                    sexo |    .051006   .0485891     1.05   0.294    -.0442268    .1462389
                         |
                edad_gr2 |
                  25-29  |  -.0700456   .0846883    -0.83   0.408    -.2360317    .0959404
                  30-34  |  -.0896392   .0871394    -1.03   0.304    -.2604293     .081151
                  35-39  |  -.0032471   .0927327    -0.04   0.972    -.1849998    .1785057
                  40-44  |   .0126177   .1018737     0.12   0.901    -.1870511    .2122864
                  45-54  |  -.0787348    .089244    -0.88   0.378    -.2536498    .0961802
                  55-64  |  -.1975969   .1048825    -1.88   0.060    -.4031627     .007969
                    65+  |  -.6318536   .2304237    -2.74   0.006    -1.083476   -.1802315
                         |
                educ_gr2 |
    Secundaria completa  |  -.1791683   .2769134    -0.65   0.518    -.7219086    .3635721
                Técnica  |   -.077237   .2758024    -0.28   0.779    -.6177999    .4633258
           Preparatoria  |   .1125483   .2712672     0.41   0.678    -.4191257    .6442223
Licenciatura incompleta  |   .1186361   .2734506     0.43   0.664    -.4173173    .6545894
  Licenciatura completa  |   .2741769   .2731001     1.00   0.315    -.2610894    .8094433
               Posgrado  |   .3013844   .2971232     1.01   0.310    -.2809664    .8837352
                   Otro  |   .1067551   .3714773     0.29   0.774     -.621327    .8348372
                         |
                 gr_ingr |
          3,001 a 5 mil  |  -.2919997   .1238954    -2.36   0.018    -.5348303   -.0491692
          5,001 a 8 mil  |  -.2248479   .1146463    -1.96   0.050    -.4495505   -.0001454
         8,001 a 10 mil  |  -.1036034   .1119996    -0.93   0.355    -.3231185    .1159118
        10,001 a 15 mil  |  -.0790492   .1091695    -0.72   0.469    -.2930174     .134919
        15,001 a 20 mil  |  -.0283586   .1109202    -0.26   0.798    -.2457581    .1890409
        20,001 a 49,999  |   .0147804   .1120006     0.13   0.895    -.2047367    .2342975
                50 mil+  |   .2400093   .1475535     1.63   0.104    -.0491903    .5292088
                  No sé  |  -.1185269   .1377427    -0.86   0.390    -.3884975    .1514438
                         |
                  patron |  -.0737156   .0470004    -1.57   0.117    -.1658346    .0184035
                 singles |   2.218666   .0736837    30.11   0.000     2.074249    2.363084
                         |
         tax2020#singles |
             0#sueltos   |   -.136308   .0914612    -1.49   0.136    -.3155686    .0429526
            1#cajetilla  |          0  (omitted)
             1#sueltos   |          0  (omitted)
                         |
                   _cons |   3.165545   .2841392    11.14   0.000     2.608642    3.722448
-------------------------+----------------------------------------------------------------
                 sigma_u |  .86062947
                 sigma_e |  .72940865
                     rho |  .58196858   (fraction of variance due to u_i)
------------------------------------------------------------------------------------------
resultados/encuesta/mod_p1_3bsingles.rtf
resultados/encuesta/mod_p1_3bsingles.xml
dir : seeout

Breusch and Pagan Lagrangian multiplier test for random effects

        ppu[id_num,t] = Xb + u[id_num] + e[id_num,t]

        Estimated results:
                         |       Var     sd = sqrt(Var)
                ---------+-----------------------------
                     ppu |   1.991938        1.41136
                       e |    .532037       .7294086
                       u |   .7406831       .8606295

        Test:   Var(u) = 0
                             chibar2(01) =   140.71
                          Prob > chibar2 =   0.0000

                 ---- Coefficients ----
             |      (b)          (B)            (b-B)     sqrt(diag(V_b-V_B))
             |     fixed        random       Difference          S.E.
-------------+----------------------------------------------------------------
     tax2020 |    .3024507     .3068977        -.004447        .0222306
        sexo |   -.0050937      .051006       -.0560997        .2888367
    edad_gr2 |
          2  |   -.1161747    -.0700456        -.046129        .2911135
          3  |   -.2098772    -.0896392       -.1202381        .4152419
          4  |   -.0923799    -.0032471       -.0891329        .4666515
          5  |    .6698586     .0126177        .6572409        .5682733
          6  |    1.530745    -.0787348         1.60948        .6959049
          7  |     .787042    -.1975969        .9846389        .8037921
          8  |     1.22961    -.6318536        1.861463         .930662
    educ_gr2 |
          2  |   -.4100693    -.1791683        -.230901        .3509172
          3  |   -.3434873     -.077237       -.2662503        .3668865
          4  |   -.2602845     .1125483       -.3728328        .3678573
          5  |   -.4853223     .1186361       -.6039584        .4018881
          6  |   -.4909527     .2741769       -.7651296        .4132574
          7  |   -.5503296     .3013844        -.851714        .5442135
     gr_ingr |
          2  |    .2986029    -.2919997        .5906027        .2082073
          3  |    .1193381    -.2248479         .344186          .19827
          4  |    .1031561    -.1036034        .2067595        .2093601
          5  |     .187318    -.0790492        .2663672        .2057572
          6  |    .1609523    -.0283586        .1893109        .2172768
          7  |    .1881885     .0147804        .1734082        .2261699
          8  |    .1604481     .2400093       -.0795612        .2724563
         99  |    .5824268    -.1185269        .7009536        .2630928
      patron |   -.0263111    -.0737156        .0474045        .0899217
     singles |    2.206198     2.218666       -.0124683        .1109285
     tax2020#|
     singles |
        0 1  |   -.2815496     -.136308       -.1452416        .0846031
------------------------------------------------------------------------------
                           b = consistent under Ho and Ha; obtained from xtreg
            B = inconsistent under Ha, efficient under Ho; obtained from xtreg

    Test:  Ho:  difference in coefficients not systematic

                 chi2(26) = (b-B)'[(V_b-V_B)^(-1)](b-B)
                          =       44.56
                Prob>chi2 =      0.0132
note: 9.educ_gr2 omitted because of collinearity
note: 1.tax2020#0b.singles omitted because of collinearity
note: 1.tax2020#1.singles omitted because of collinearity

Fixed-effects (within) regression               Number of obs     =      1,494
Group variable: id_num                          Number of groups  =        747

R-sq:                                           Obs per group:
     within  = 0.3788                                         min =          2
     between = 0.0903                                         avg =        2.0
     overall = 0.1299                                         max =          2

                                                F(26,721)         =      16.91
corr(u_i, Xb)  = -0.4254                        Prob > F          =     0.0000

------------------------------------------------------------------------------------------
                     ppu |      Coef.   Std. Err.      t    P>|t|     [95% Conf. Interval]
-------------------------+----------------------------------------------------------------
                 tax2020 |   .3024507   .0424606     7.12   0.000     .2190894    .3858119
                    sexo |  -.0050937   .2934773    -0.02   0.986    -.5812659    .5710785
                         |
                edad_gr2 |
                  25-29  |  -.1161747   .3037844    -0.38   0.702    -.7125823     .480233
                  30-34  |  -.2098772     .42513    -0.49   0.622    -1.044518    .6247633
                  35-39  |  -.0923799   .4767218    -0.19   0.846    -1.028309    .8435488
                  40-44  |   .6698586     .57848     1.16   0.247    -.4658479    1.805565
                  45-54  |   1.530745   .7029985     2.18   0.030     .1505768    2.910914
                  55-64  |    .787042   .8122172     0.97   0.333    -.8075512    2.381635
                    65+  |    1.22961   .9606688     1.28   0.201    -.6564325    3.115652
                         |
                educ_gr2 |
    Secundaria completa  |  -.4100693   .4479052    -0.92   0.360    -1.289423    .4692849
                Técnica  |  -.3434873   .4599032    -0.75   0.455    -1.246397    .5594222
           Preparatoria  |  -.2602845   .4579696    -0.57   0.570    -1.159398    .6388289
Licenciatura incompleta  |  -.4853223   .4870622    -1.00   0.319    -1.441552    .4709072
  Licenciatura completa  |  -.4909527   .4963283    -0.99   0.323    -1.465374    .4834686
               Posgrado  |  -.5503296   .6212732    -0.89   0.376     -1.77005     .669391
                   Otro  |          0  (omitted)
                         |
                 gr_ingr |
          3,001 a 5 mil  |   .2986029   .2427632     1.23   0.219    -.1780042    .7752101
          5,001 a 8 mil  |   .1193381   .2294853     0.52   0.603    -.3312012    .5698773
         8,001 a 10 mil  |   .1031561   .2379073     0.43   0.665    -.3639178      .57023
        10,001 a 15 mil  |    .187318   .2333879     0.80   0.422    -.2708829     .645519
        15,001 a 20 mil  |   .1609523   .2444367     0.66   0.510    -.3189405     .640845
        20,001 a 49,999  |   .1881885   .2528842     0.74   0.457    -.3082889    .6846659
                50 mil+  |   .1604481   .3104618     0.52   0.605     -.449069    .7699653
                  No sé  |   .5824268   .2975598     1.96   0.051    -.0017604    1.166614
                         |
                  patron |  -.0263111   .1016657    -0.26   0.796    -.2259072     .173285
                 singles |   2.206198   .1334354    16.53   0.000      1.94423    2.468166
                         |
         tax2020#singles |
             0#sueltos   |  -.2815496   .1248383    -2.26   0.024    -.5266397   -.0364596
            1#cajetilla  |          0  (omitted)
             1#sueltos   |          0  (omitted)
                         |
                   _cons |   2.939744   .6601174     4.45   0.000     1.643762    4.235726
-------------------------+----------------------------------------------------------------
                 sigma_u |  1.2281482
                 sigma_e |  .72940865
                     rho |  .73924677   (fraction of variance due to u_i)
------------------------------------------------------------------------------------------
F test that all u_i=0: F(746, 721) = 3.03                    Prob > F = 0.0000
resultados/encuesta/mod_p1_3b.rtf
resultados/encuesta/mod_p1_3b.xml
dir : seeout
note: 1.tax2020#2.tipo_cons omitted because of collinearity
note: 1.tax2020#3.tipo_cons omitted because of collinearity
note: 1.tax2020#4.tipo_cons omitted because of collinearity

      Source |       SS           df       MS      Number of obs   =     2,741
-------------+----------------------------------   F(30, 2710)     =     58.40
       Model |  2142.95938        30  71.4319792   Prob > F        =    0.0000
    Residual |  3314.95118     2,710  1.22322922   R-squared       =    0.3926
-------------+----------------------------------   Adj R-squared   =    0.3859
       Total |  5457.91055     2,740  1.99193816   Root MSE        =     1.106

------------------------------------------------------------------------------------------
                     ppu |      Coef.   Std. Err.      t    P>|t|     [95% Conf. Interval]
-------------------------+----------------------------------------------------------------
                 tax2020 |   .3795698   .1891531     2.01   0.045     .0086709    .7504687
                    sexo |   .0507272   .0433061     1.17   0.242    -.0341891    .1356436
                         |
                edad_gr2 |
                  25-29  |  -.0734033   .0803076    -0.91   0.361    -.2308735     .084067
                  30-34  |  -.0671869   .0814496    -0.82   0.410    -.2268964    .0925226
                  35-39  |   .0109391   .0851611     0.13   0.898    -.1560481    .1779263
                  40-44  |   .0452317   .0926193     0.49   0.625    -.1363799    .2268434
                  45-54  |  -.0984462   .0816848    -1.21   0.228     -.258617    .0617246
                  55-64  |  -.1858558   .0947783    -1.96   0.050    -.3717008   -.0000108
                    65+  |  -.7748484   .2106809    -3.68   0.000     -1.18796   -.3617369
                         |
                educ_gr2 |
    Secundaria completa  |  -.1523999   .2524154    -0.60   0.546     -.647346    .3425462
                Técnica  |  -.0562073   .2517778    -0.22   0.823    -.5499032    .4374887
           Preparatoria  |   .1380635   .2474068     0.56   0.577    -.3470616    .6231886
Licenciatura incompleta  |   .1395423    .249751     0.56   0.576    -.3501794     .629264
  Licenciatura completa  |   .3085139   .2491539     1.24   0.216     -.180037    .7970648
               Posgrado  |   .3103167   .2702222     1.15   0.251    -.2195457    .8401792
                   Otro  |   .0795092   .3689717     0.22   0.829    -.6439852    .8030035
                         |
                 gr_ingr |
          3,001 a 5 mil  |  -.4146435   .1264634    -3.28   0.001     -.662618   -.1666691
          5,001 a 8 mil  |  -.2549916   .1157607    -2.20   0.028    -.4819798   -.0280035
         8,001 a 10 mil  |  -.1596131   .1120329    -1.42   0.154    -.3792917    .0600656
        10,001 a 15 mil  |  -.1243526   .1091932    -1.14   0.255    -.3384629    .0897577
        15,001 a 20 mil  |  -.0563442   .1100459    -0.51   0.609    -.2721266    .1594383
        20,001 a 49,999  |  -.0270425   .1102749    -0.25   0.806    -.2432739    .1891889
                50 mil+  |   .2480824   .1444249     1.72   0.086    -.0351117    .5312765
                  No sé  |  -.2323441   .1342902    -1.73   0.084    -.4956657    .0309775
                         |
                  patron |  -.0328784   .1775106    -0.19   0.853    -.3809482    .3151915
                 singles |   2.156088   .0913856    23.59   0.000     1.976896    2.335281
                         |
       tax2020#tipo_cons |
        0#diario-suelto  |   .0256856   .1753168     0.15   0.884    -.3180826    .3694538
 0#esporádico-cajetilla  |   .0466506   .1890434     0.25   0.805    -.3240332    .4173344
    0#esporádico-suelto  |   .0200636   .2427932     0.08   0.934     -.456015    .4961421
     1#diario-cajetilla  |  -.0950118   .1894924    -0.50   0.616    -.4665761    .2765524
        1#diario-suelto  |          0  (omitted)
 1#esporádico-cajetilla  |          0  (omitted)
    1#esporádico-suelto  |          0  (omitted)
                         |
                   _cons |   3.138016   .3150723     9.96   0.000     2.520209    3.755822
------------------------------------------------------------------------------------------
resultados/encuesta/mod_p1_3btipo_cons.rtf
resultados/encuesta/mod_p1_3btipo_cons.xml
dir : seeout
note: 9.educ_gr2 omitted because of collinearity
note: 1.tax2020#2.tipo_cons omitted because of collinearity
note: 1.tax2020#3.tipo_cons omitted because of collinearity
note: 1.tax2020#4.tipo_cons omitted because of collinearity

Fixed-effects (within) regression               Number of obs     =      2,741
Group variable: id_num                          Number of groups  =      1,994

R-sq:                                           Obs per group:
     within  = 0.3803                                         min =          1
     between = 0.1875                                         avg =        1.4
     overall = 0.1822                                         max =          2

                                                F(29,718)         =      15.19
corr(u_i, Xb)  = -0.3138                        Prob > F          =     0.0000

------------------------------------------------------------------------------------------
                     ppu |      Coef.   Std. Err.      t    P>|t|     [95% Conf. Interval]
-------------------------+----------------------------------------------------------------
                 tax2020 |  -.0597341   .2883015    -0.21   0.836    -.6257487    .5062805
                    sexo |   -.018604   .2944262    -0.06   0.950    -.5966431    .5594351
                         |
                edad_gr2 |
                  25-29  |  -.1273523   .3045027    -0.42   0.676    -.7251743    .4704697
                  30-34  |  -.2244489   .4257916    -0.53   0.598    -1.060394    .6114965
                  35-39  |  -.1275782   .4779053    -0.27   0.790    -1.065837    .8106806
                  40-44  |   .6254941   .5800653     1.08   0.281    -.5133326    1.764321
                  45-54  |   1.443853   .7084773     2.04   0.042     .0529188    2.834788
                  55-64  |     .69921   .8177271     0.86   0.393    -.9062119    2.304632
                    65+  |   1.143793   .9680769     1.18   0.238    -.7568068    3.044393
                         |
                educ_gr2 |
    Secundaria completa  |   -.408586   .4493853    -0.91   0.364    -1.290852    .4736802
                Técnica  |   -.330975   .4612455    -0.72   0.473    -1.236526     .574576
           Preparatoria  |  -.2516094   .4594479    -0.55   0.584    -1.153631    .6504125
Licenciatura incompleta  |  -.4841013   .4878626    -0.99   0.321    -1.441909    .4737065
  Licenciatura completa  |  -.4895484    .497102    -0.98   0.325    -1.465496    .4863987
               Posgrado  |  -.5600919   .6219463    -0.90   0.368    -1.781143    .6609588
                   Otro  |          0  (omitted)
                         |
                 gr_ingr |
          3,001 a 5 mil  |   .2869037    .243169     1.18   0.238    -.1905034    .7643109
          5,001 a 8 mil  |   .1010912   .2302368     0.44   0.661    -.3509266    .5531091
         8,001 a 10 mil  |      .0962   .2383768     0.40   0.687    -.3717988    .5641989
        10,001 a 15 mil  |   .1685243   .2344266     0.72   0.472    -.2917192    .6287679
        15,001 a 20 mil  |   .1406321   .2454687     0.57   0.567    -.3412901    .6225544
        20,001 a 49,999  |   .1764886   .2534027     0.70   0.486    -.3210101    .6739873
                50 mil+  |   .1617388   .3109644     0.52   0.603    -.4487693    .7722469
                  No sé  |   .5802979   .2988383     1.94   0.053    -.0064034    1.166999
                         |
                  patron |  -.3692192     .28876    -1.28   0.201     -.936134    .1976955
                 singles |   2.294326   .1567351    14.64   0.000     1.986612     2.60204
                         |
       tax2020#tipo_cons |
        0#diario-suelto  |  -.5279747   .2782893    -1.90   0.058    -1.074333    .0183832
 0#esporádico-cajetilla  |  -.3715727   .2867814    -1.30   0.196     -.934603    .1914576
    0#esporádico-suelto  |  -.6627499   .3412337    -1.94   0.053    -1.332685    .0071851
     1#diario-cajetilla  |   .3576623   .2906074     1.23   0.219    -.2128796    .9282041
        1#diario-suelto  |          0  (omitted)
 1#esporádico-cajetilla  |          0  (omitted)
    1#esporádico-suelto  |          0  (omitted)
                         |
                   _cons |   3.421098   .6979566     4.90   0.000     2.050818    4.791377
-------------------------+----------------------------------------------------------------
                 sigma_u |  1.3118334
                 sigma_e |  .73004292
                     rho |  .76353437   (fraction of variance due to u_i)
------------------------------------------------------------------------------------------
F test that all u_i=0: F(1993, 718) = 2.76                   Prob > F = 0.0000
resultados/encuesta/mod_p1_3btipo_cons.rtf
resultados/encuesta/mod_p1_3btipo_cons.xml
dir : seeout
note: 1.tax2020#2.tipo_cons omitted because of collinearity
note: 1.tax2020#3.tipo_cons omitted because of collinearity
note: 1.tax2020#4.tipo_cons omitted because of collinearity

Random-effects GLS regression                   Number of obs     =      2,741
Group variable: id_num                          Number of groups  =      1,994

R-sq:                                           Obs per group:
     within  = 0.3486                                         min =          1
     between = 0.4001                                         avg =        1.4
     overall = 0.3916                                         max =          2

                                                Wald chi2(30)     =    1702.12
corr(u_i, X)   = 0 (assumed)                    Prob > chi2       =     0.0000

------------------------------------------------------------------------------------------
                     ppu |      Coef.   Std. Err.      z    P>|z|     [95% Conf. Interval]
-------------------------+----------------------------------------------------------------
                 tax2020 |   .2977272   .1738044     1.71   0.087    -.0429232    .6383776
                    sexo |   .0507766   .0486094     1.04   0.296    -.0444961    .1460492
                         |
                edad_gr2 |
                  25-29  |   -.070943   .0848095    -0.84   0.403    -.2371665    .0952806
                  30-34  |   -.090514   .0873677    -1.04   0.300    -.2617515    .0807235
                  35-39  |   -.002647   .0928758    -0.03   0.977    -.1846802    .1793862
                  40-44  |   .0132418   .1019412     0.13   0.897    -.1865592    .2130428
                  45-54  |  -.0790162    .089421    -0.88   0.377    -.2542782    .0962457
                  55-64  |  -.1958453   .1050661    -1.86   0.062    -.4017711    .0100804
                    65+  |   -.634528   .2306027    -2.75   0.006    -1.086501    -.182555
                         |
                educ_gr2 |
    Secundaria completa  |  -.1765194   .2770571    -0.64   0.524    -.7195413    .3665025
                Técnica  |  -.0751911   .2759347    -0.27   0.785    -.6160131     .465631
           Preparatoria  |   .1147956   .2713983     0.42   0.672    -.4171353    .6467266
Licenciatura incompleta  |   .1207698   .2735815     0.44   0.659      -.41544    .6569797
  Licenciatura completa  |   .2760443   .2732237     1.01   0.312    -.2594643    .8115529
               Posgrado  |   .3019426   .2972309     1.02   0.310    -.2806194    .8845045
                   Otro  |    .105212    .371668     0.28   0.777    -.6232438    .8336679
                         |
                 gr_ingr |
          3,001 a 5 mil  |  -.2918768   .1240314    -2.35   0.019    -.5349739   -.0487796
          5,001 a 8 mil  |  -.2256457   .1147677    -1.97   0.049    -.4505862   -.0007051
         8,001 a 10 mil  |  -.1035735   .1121371    -0.92   0.356    -.3233581    .1162111
        10,001 a 15 mil  |  -.0783378   .1092718    -0.72   0.473    -.2925066     .135831
        15,001 a 20 mil  |  -.0285654   .1110035    -0.26   0.797    -.2461282    .1889975
        20,001 a 49,999  |   .0158113   .1121226     0.14   0.888    -.2039449    .2355676
                50 mil+  |   .2404767   .1476311     1.63   0.103     -.048875    .5298284
                  No sé  |  -.1213373   .1378687    -0.88   0.379     -.391555    .1488803
                         |
                  patron |   -.088603   .1646802    -0.54   0.591    -.4113702    .2341642
                 singles |   2.206092    .085612    25.77   0.000     2.038295    2.373888
                         |
       tax2020#tipo_cons |
        0#diario-suelto  |   -.116266   .1623167    -0.72   0.474    -.4344009    .2018689
 0#esporádico-cajetilla  |  -.0374803   .1732104    -0.22   0.829    -.3769664    .3020058
    0#esporádico-suelto  |  -.1511821   .2178226    -0.69   0.488    -.5781065    .2757424
     1#diario-cajetilla  |   -.010422   .1749748    -0.06   0.953    -.3533662    .3325222
        1#diario-suelto  |          0  (omitted)
 1#esporádico-cajetilla  |          0  (omitted)
    1#esporádico-suelto  |          0  (omitted)
                         |
                   _cons |    3.18732   .3269483     9.75   0.000     2.546513    3.828127
-------------------------+----------------------------------------------------------------
                 sigma_u |  .86068142
                 sigma_e |  .73004292
                     rho |  .58157498   (fraction of variance due to u_i)
------------------------------------------------------------------------------------------
resultados/encuesta/mod_p1_3btipo_cons.rtf
resultados/encuesta/mod_p1_3btipo_cons.xml
dir : seeout

Breusch and Pagan Lagrangian multiplier test for random effects

        ppu[id_num,t] = Xb + u[id_num] + e[id_num,t]

        Estimated results:
                         |       Var     sd = sqrt(Var)
                ---------+-----------------------------
                     ppu |   1.991938        1.41136
                       e |   .5329627       .7300429
                       u |   .7407725       .8606814

        Test:   Var(u) = 0
                             chibar2(01) =   140.69
                          Prob > chibar2 =   0.0000

                 ---- Coefficients ----
             |      (b)          (B)            (b-B)     sqrt(diag(V_b-V_B))
             |     fixed        random       Difference          S.E.
-------------+----------------------------------------------------------------
     tax2020 |   -.0597341     .2977272       -.3574613        .2292939
        sexo |    -.018604     .0507766       -.0693806        .2897852
    edad_gr2 |
          2  |   -.1273523     -.070943       -.0564093        .2918159
          3  |   -.2244489     -.090514        -.133935        .4158566
          4  |   -.1275782     -.002647       -.1249312        .4678136
          5  |    .6254941     .0132418        .6122523         .569852
          6  |    1.443853    -.0790162         1.52287        .7013747
          7  |      .69921    -.1958453        .8950553        .8092905
          8  |    1.143793     -.634528        1.778321        .9382049
    educ_gr2 |
          2  |    -.408586    -.1765194       -.2320666        .3526682
          3  |    -.330975    -.0751911       -.2557839        .3684459
          4  |   -.2516094     .1147956        -.366405        .3695766
          5  |   -.4841013     .1207698       -.6048711        .4027487
          6  |   -.4895484     .2760443       -.7655928        .4140846
          7  |   -.5600919     .3019426       -.8620345        .5449002
     gr_ingr |
          2  |    .2869037    -.2918768        .5787805        .2085897
          3  |    .1010912    -.2256457        .3267369        .1990586
          4  |       .0962    -.1035735        .1997735        .2098104
          5  |    .1685243    -.0783378        .2468621        .2068686
          6  |    .1406321    -.0285654        .1691975        .2183826
          7  |    .1764886     .0158113        .1606773        .2266789
          8  |    .1617388     .2404767       -.0787379        .2729748
         99  |    .5802979    -.1213373        .7016352        .2644572
      patron |   -.3692192     -.088603       -.2806162        .2364902
     singles |    2.294326     2.206092        .0882344        .1309112
     tax2020#|
   tipo_cons |
        0 2  |   -.5279747     -.116266       -.4117087        .2253596
        0 3  |   -.3715727    -.0374803       -.3340924        .2278403
        0 4  |   -.6627499    -.1511821       -.5115679        .2617742
        1 1  |    .3576623     -.010422        .3680843        .2312944
------------------------------------------------------------------------------
                           b = consistent under Ho and Ha; obtained from xtreg
            B = inconsistent under Ha, efficient under Ho; obtained from xtreg

    Test:  Ho:  difference in coefficients not systematic

                 chi2(29) = (b-B)'[(V_b-V_B)^(-1)](b-B)
                          =       47.17
                Prob>chi2 =      0.0179
note: 9.educ_gr2 omitted because of collinearity
note: 1.tax2020#2.tipo_cons omitted because of collinearity
note: 1.tax2020#3.tipo_cons omitted because of collinearity
note: 1.tax2020#4.tipo_cons omitted because of collinearity

Fixed-effects (within) regression               Number of obs     =      1,494
Group variable: id_num                          Number of groups  =        747

R-sq:                                           Obs per group:
     within  = 0.3803                                         min =          2
     between = 0.0989                                         avg =        2.0
     overall = 0.1391                                         max =          2

                                                F(29,718)         =      15.19
corr(u_i, Xb)  = -0.4080                        Prob > F          =     0.0000

------------------------------------------------------------------------------------------
                     ppu |      Coef.   Std. Err.      t    P>|t|     [95% Conf. Interval]
-------------------------+----------------------------------------------------------------
                 tax2020 |  -.0597341   .2883015    -0.21   0.836    -.6257487    .5062805
                    sexo |   -.018604   .2944262    -0.06   0.950    -.5966431    .5594351
                         |
                edad_gr2 |
                  25-29  |  -.1273523   .3045027    -0.42   0.676    -.7251743    .4704697
                  30-34  |  -.2244489   .4257916    -0.53   0.598    -1.060394    .6114965
                  35-39  |  -.1275782   .4779053    -0.27   0.790    -1.065837    .8106806
                  40-44  |   .6254941   .5800653     1.08   0.281    -.5133326    1.764321
                  45-54  |   1.443853   .7084773     2.04   0.042     .0529188    2.834788
                  55-64  |     .69921   .8177271     0.86   0.393    -.9062119    2.304632
                    65+  |   1.143793   .9680769     1.18   0.238    -.7568068    3.044393
                         |
                educ_gr2 |
    Secundaria completa  |   -.408586   .4493853    -0.91   0.364    -1.290852    .4736802
                Técnica  |   -.330975   .4612455    -0.72   0.473    -1.236526     .574576
           Preparatoria  |  -.2516094   .4594479    -0.55   0.584    -1.153631    .6504125
Licenciatura incompleta  |  -.4841013   .4878626    -0.99   0.321    -1.441909    .4737065
  Licenciatura completa  |  -.4895484    .497102    -0.98   0.325    -1.465496    .4863987
               Posgrado  |  -.5600919   .6219463    -0.90   0.368    -1.781143    .6609588
                   Otro  |          0  (omitted)
                         |
                 gr_ingr |
          3,001 a 5 mil  |   .2869037    .243169     1.18   0.238    -.1905034    .7643109
          5,001 a 8 mil  |   .1010912   .2302368     0.44   0.661    -.3509266    .5531091
         8,001 a 10 mil  |      .0962   .2383768     0.40   0.687    -.3717988    .5641989
        10,001 a 15 mil  |   .1685243   .2344266     0.72   0.472    -.2917192    .6287679
        15,001 a 20 mil  |   .1406321   .2454687     0.57   0.567    -.3412901    .6225544
        20,001 a 49,999  |   .1764886   .2534027     0.70   0.486    -.3210101    .6739873
                50 mil+  |   .1617388   .3109644     0.52   0.603    -.4487693    .7722469
                  No sé  |   .5802979   .2988383     1.94   0.053    -.0064034    1.166999
                         |
                  patron |  -.3692192     .28876    -1.28   0.201     -.936134    .1976955
                 singles |   2.294326   .1567351    14.64   0.000     1.986612     2.60204
                         |
       tax2020#tipo_cons |
        0#diario-suelto  |  -.5279747   .2782893    -1.90   0.058    -1.074333    .0183832
 0#esporádico-cajetilla  |  -.3715727   .2867814    -1.30   0.196     -.934603    .1914576
    0#esporádico-suelto  |  -.6627499   .3412337    -1.94   0.053    -1.332685    .0071851
     1#diario-cajetilla  |   .3576623   .2906074     1.23   0.219    -.2128796    .9282041
        1#diario-suelto  |          0  (omitted)
 1#esporádico-cajetilla  |          0  (omitted)
    1#esporádico-suelto  |          0  (omitted)
                         |
                   _cons |   3.353741   .7319274     4.58   0.000     1.916768    4.790715
-------------------------+----------------------------------------------------------------
                 sigma_u |  1.2098988
                 sigma_e |  .73004292
                     rho |  .73309398   (fraction of variance due to u_i)
------------------------------------------------------------------------------------------
F test that all u_i=0: F(746, 718) = 3.02                    Prob > F = 0.0000
resultados/encuesta/mod_p1_3b.rtf
resultados/encuesta/mod_p1_3b.xml
dir : seeout
note: 1.tax2020#0b.sexo omitted because of collinearity
note: 1.tax2020#1.sexo omitted because of collinearity

      Source |       SS           df       MS      Number of obs   =     2,741
-------------+----------------------------------   F(27, 2713)     =     64.94
       Model |  2142.69013        27  79.3588938   Prob > F        =    0.0000
    Residual |  3315.22042     2,713  1.22197583   R-squared       =    0.3926
-------------+----------------------------------   Adj R-squared   =    0.3865
       Total |  5457.91055     2,740  1.99193816   Root MSE        =    1.1054

------------------------------------------------------------------------------------------
                     ppu |      Coef.   Std. Err.      t    P>|t|     [95% Conf. Interval]
-------------------------+----------------------------------------------------------------
                 tax2020 |   .3457167   .0582891     5.93   0.000     .2314211    .4600124
                    sexo |   .0186306   .0608633     0.31   0.760    -.1007126    .1379738
                         |
                edad_gr2 |
                  25-29  |  -.0736305   .0801008    -0.92   0.358    -.2306953    .0834343
                  30-34  |  -.0664751   .0812072    -0.82   0.413    -.2257093    .0927591
                  35-39  |   .0119151   .0850268     0.14   0.889    -.1548087    .1786389
                  40-44  |   .0456249   .0925134     0.49   0.622    -.1357789    .2270287
                  45-54  |  -.0982815    .081501    -1.21   0.228    -.2580918    .0615288
                  55-64  |  -.1884519   .0945562    -1.99   0.046    -.3738614   -.0030424
                    65+  |  -.7724814   .2104647    -3.67   0.000    -1.185169    -.359794
                         |
                educ_gr2 |
    Secundaria completa  |  -.1507807   .2521901    -0.60   0.550    -.6452849    .3437235
                Técnica  |  -.0554711   .2515898    -0.22   0.826    -.5487982     .437856
           Preparatoria  |   .1367501   .2472361     0.55   0.580      -.34804    .6215401
Licenciatura incompleta  |   .1392727   .2495616     0.56   0.577    -.3500773    .6286228
  Licenciatura completa  |   .3074916    .248971     1.24   0.217    -.1807005    .7956836
               Posgrado  |   .3103289   .2700429     1.15   0.251    -.2191817    .8398394
                   Otro  |   .0760375   .3687776     0.21   0.837    -.6470759    .7991509
                         |
                 gr_ingr |
          3,001 a 5 mil  |  -.4126068   .1263181    -3.27   0.001    -.6602963   -.1649173
          5,001 a 8 mil  |  -.2529312   .1155808    -2.19   0.029    -.4795666   -.0262958
         8,001 a 10 mil  |  -.1600664   .1117889    -1.43   0.152    -.3792664    .0591335
        10,001 a 15 mil  |  -.1238232   .1090601    -1.14   0.256    -.3376725     .090026
        15,001 a 20 mil  |  -.0550117   .1099172    -0.50   0.617    -.2705415    .1605181
        20,001 a 49,999  |  -.0286311   .1100894    -0.26   0.795    -.2444987    .1872364
                50 mil+  |   .2489091   .1443188     1.72   0.085    -.0340767     .531895
                  No sé  |   -.230778   .1341704    -1.72   0.086    -.4938644    .0323085
                         |
                  patron |  -.0941919   .0452652    -2.08   0.038    -.1829498   -.0054341
                 singles |   2.160674   .0577108    37.44   0.000     2.047513    2.273836
                         |
            tax2020#sexo |
             0#Femenino  |   .0641704    .084878     0.76   0.450    -.1022616    .2306024
            1#Masculino  |          0  (omitted)
             1#Femenino  |          0  (omitted)
                         |
                   _cons |   3.173886   .2620741    12.11   0.000     2.660001    3.687771
------------------------------------------------------------------------------------------
resultados/encuesta/mod_p1_3bsexo.rtf
resultados/encuesta/mod_p1_3bsexo.xml
dir : seeout
note: 9.educ_gr2 omitted because of collinearity
note: 1.tax2020#0b.sexo omitted because of collinearity
note: 1.tax2020#1.sexo omitted because of collinearity

Fixed-effects (within) regression               Number of obs     =      2,741
Group variable: id_num                          Number of groups  =      1,994

R-sq:                                           Obs per group:
     within  = 0.3756                                         min =          1
     between = 0.1824                                         avg =        1.4
     overall = 0.1775                                         max =          2

                                                F(26,721)         =      16.68
corr(u_i, Xb)  = -0.3196                        Prob > F          =     0.0000

------------------------------------------------------------------------------------------
                     ppu |      Coef.   Std. Err.      t    P>|t|     [95% Conf. Interval]
-------------------------+----------------------------------------------------------------
                 tax2020 |   .3840668   .0533618     7.20   0.000     .2793037    .4888299
                    sexo |  -.0701583    .296524    -0.24   0.813     -.652312    .5119954
                         |
                edad_gr2 |
                  25-29  |   -.108099    .304751    -0.35   0.723    -.7064043    .4902064
                  30-34  |   -.198344   .4261834    -0.47   0.642    -1.035053    .6383646
                  35-39  |  -.0571135   .4781765    -0.12   0.905    -.9958981    .8816711
                  40-44  |   .7316388   .5797891     1.26   0.207    -.4066376    1.869915
                  45-54  |   1.530966   .7048797     2.17   0.030     .1471037    2.914827
                  55-64  |   .7012385    .813961     0.86   0.389    -.8967782    2.299255
                    65+  |   1.105836   .9616665     1.15   0.251    -.7821646    2.993838
                         |
                educ_gr2 |
    Secundaria completa  |  -.3010664   .4487342    -0.67   0.502    -1.182048    .5799153
                Técnica  |  -.2301285   .4591304    -0.50   0.616    -1.131521    .6712636
           Preparatoria  |  -.1346849   .4577198    -0.29   0.769    -1.033308    .7639379
Licenciatura incompleta  |  -.3830234   .4877843    -0.79   0.433    -1.340671    .5746238
  Licenciatura completa  |  -.3770186   .4961837    -0.76   0.448    -1.351156    .5971188
               Posgrado  |  -.4184466   .6215164    -0.67   0.501    -1.638645    .8017514
                   Otro  |          0  (omitted)
                         |
                 gr_ingr |
          3,001 a 5 mil  |   .3409024   .2436154     1.40   0.162    -.1373779    .8191826
          5,001 a 8 mil  |   .1468442    .230546     0.64   0.524    -.3057774    .5994658
         8,001 a 10 mil  |   .1286695    .238779     0.54   0.590    -.3401156    .5974546
        10,001 a 15 mil  |   .2201977   .2345443     0.94   0.348    -.2402737    .6806692
        15,001 a 20 mil  |   .1900411   .2460935     0.77   0.440    -.2931044    .6731866
        20,001 a 49,999  |   .2045727   .2541628     0.80   0.421    -.2944148    .7035603
                50 mil+  |   .1650228   .3117659     0.53   0.597    -.4470547    .7771002
                  No sé  |   .5941215   .2984204     1.99   0.047     .0082447    1.179998
                         |
                  patron |  -.0354791   .1019646    -0.35   0.728    -.2356621    .1647038
                 singles |   2.069044   .1185101    17.46   0.000     1.836378     2.30171
                         |
            tax2020#sexo |
             0#Femenino  |   .0910509   .0779036     1.17   0.243    -.0618941    .2439959
            1#Masculino  |          0  (omitted)
             1#Femenino  |          0  (omitted)
                         |
                   _cons |   2.846579   .6271459     4.54   0.000     1.615329    4.077829
-------------------------+----------------------------------------------------------------
                 sigma_u |  1.3178266
                 sigma_e |  .73128459
                     rho |  .76456512   (fraction of variance due to u_i)
------------------------------------------------------------------------------------------
F test that all u_i=0: F(1993, 721) = 2.75                   Prob > F = 0.0000
resultados/encuesta/mod_p1_3bsexo.rtf
resultados/encuesta/mod_p1_3bsexo.xml
dir : seeout
note: 1.tax2020#0.sexo omitted because of collinearity
note: 1.tax2020#1.sexo omitted because of collinearity

Random-effects GLS regression                   Number of obs     =      2,741
Group variable: id_num                          Number of groups  =      1,994

R-sq:                                           Obs per group:
     within  = 0.3462                                         min =          1
     between = 0.4006                                         avg =        1.4
     overall = 0.3918                                         max =          2

                                                Wald chi2(27)     =    1702.09
corr(u_i, X)   = 0 (assumed)                    Prob > chi2       =     0.0000

------------------------------------------------------------------------------------------
                     ppu |      Coef.   Std. Err.      z    P>|z|     [95% Conf. Interval]
-------------------------+----------------------------------------------------------------
                 tax2020 |   .3648651   .0449415     8.12   0.000     .2767813    .4529488
                    sexo |   .0135671   .0587733     0.23   0.817    -.1016265    .1287607
                         |
                edad_gr2 |
                  25-29  |  -.0733832   .0846051    -0.87   0.386    -.2392062    .0924398
                  30-34  |  -.0903892   .0871065    -1.04   0.299    -.2611149    .0803364
                  35-39  |  -.0026373    .092718    -0.03   0.977    -.1843612    .1790866
                  40-44  |   .0143197   .1018377     0.14   0.888    -.1852784    .2139179
                  45-54  |  -.0786398   .0892235    -0.88   0.378    -.2535147     .096235
                  55-64  |  -.1993054   .1048175    -1.90   0.057     -.404744    .0061332
                    65+  |  -.6386522   .2302933    -2.77   0.006    -1.090019   -.1872856
                         |
                educ_gr2 |
    Secundaria completa  |  -.1718959   .2767468    -0.62   0.535    -.7143096    .3705179
                Técnica  |  -.0735985   .2756437    -0.27   0.789    -.6138503    .4666533
           Preparatoria  |    .116306   .2711154     0.43   0.668    -.4150705    .6476825
Licenciatura incompleta  |   .1225447   .2733022     0.45   0.654    -.4131178    .6582072
  Licenciatura completa  |    .278219   .2729408     1.02   0.308    -.2567352    .8131732
               Posgrado  |   .3068553   .2969493     1.03   0.301    -.2751545    .8888652
                   Otro  |   .0946993   .3716359     0.25   0.799    -.6336938    .8230924
                         |
                 gr_ingr |
          3,001 a 5 mil  |  -.2815977   .1239524    -2.27   0.023    -.5245399   -.0386555
          5,001 a 8 mil  |  -.2162833   .1146768    -1.89   0.059    -.4410457    .0084791
         8,001 a 10 mil  |   -.098169   .1119857    -0.88   0.381    -.3176569    .1213188
        10,001 a 15 mil  |   -.070552    .109177    -0.65   0.518    -.2845351    .1434311
        15,001 a 20 mil  |  -.0207364   .1109644    -0.19   0.852    -.2382226    .1967499
        20,001 a 49,999  |   .0202634   .1120042     0.18   0.856    -.1992608    .2397876
                50 mil+  |   .2439979   .1475901     1.65   0.098    -.0452735    .5332692
                  No sé  |  -.1161718    .137752    -0.84   0.399    -.3861608    .1538172
                         |
                  patron |  -.0761995   .0470074    -1.62   0.105    -.1683323    .0159333
                 singles |   2.150745   .0578405    37.18   0.000     2.037379     2.26411
                         |
            tax2020#sexo |
             0#Femenino  |   .0743902   .0656653     1.13   0.257    -.0543113    .2030918
            1#Masculino  |          0  (omitted)
             1#Femenino  |          0  (omitted)
                         |
                   _cons |   3.128821   .2843497    11.00   0.000     2.571505    3.686136
-------------------------+----------------------------------------------------------------
                 sigma_u |   .8593785
                 sigma_e |  .73128459
                     rho |  .58000977   (fraction of variance due to u_i)
------------------------------------------------------------------------------------------
resultados/encuesta/mod_p1_3bsexo.rtf
resultados/encuesta/mod_p1_3bsexo.xml
dir : seeout

Breusch and Pagan Lagrangian multiplier test for random effects

        ppu[id_num,t] = Xb + u[id_num] + e[id_num,t]

        Estimated results:
                         |       Var     sd = sqrt(Var)
                ---------+-----------------------------
                     ppu |   1.991938        1.41136
                       e |   .5347772       .7312846
                       u |   .7385314       .8593785

        Test:   Var(u) = 0
                             chibar2(01) =   140.49
                          Prob > chibar2 =   0.0000

                 ---- Coefficients ----
             |      (b)          (B)            (b-B)     sqrt(diag(V_b-V_B))
             |     fixed        random       Difference          S.E.
-------------+----------------------------------------------------------------
     tax2020 |    .3840668     .3648651        .0192017        .0285163
        sexo |   -.0701583     .0135671       -.0837254        .2898664
    edad_gr2 |
          2  |    -.108099    -.0733832       -.0347157        .2919592
          3  |    -.198344    -.0903892       -.1079547        .4160719
          4  |   -.0571135    -.0026373       -.0544762        .4678534
          5  |    .7316388     .0143197        .7173191        .5692674
          6  |    1.530966    -.0786398        1.609605        .6973906
          7  |    .7012385    -.1993054        .9005439        .8050823
          8  |    1.105836    -.6386522        1.744489        .9311487
    educ_gr2 |
          2  |   -.3010664    -.1718959       -.1291706        .3517724
          3  |   -.2301285    -.0735985         -.15653        .3657091
          4  |   -.1346849      .116306       -.2509909        .3673315
          5  |   -.3830234     .1225447       -.5055681        .4025203
          6  |   -.3770186      .278219       -.6552377        .4128468
          7  |   -.4184466     .3068553       -.7253019        .5441767
     gr_ingr |
          2  |    .3409024    -.2815977        .6225001        .2089994
          3  |    .1468442    -.2162833        .3631275         .199321
          4  |    .1286695     -.098169        .2268385        .2101976
          5  |    .2201977     -.070552        .2907497         .206906
          6  |    .1900411    -.0207364        .2107775        .2189503
          7  |    .2045727     .0202634        .1843093        .2274278
          8  |    .1650228     .2439979       -.0789751        .2737116
         99  |    .5941215    -.1161718        .7102933         .263863
      patron |   -.0354791    -.0761995        .0407203        .0901882
     singles |    2.069044     2.150745       -.0817003        .1030888
tax2020#sexo |
        0 1  |    .0910509     .0743902        .0166606        .0415452
------------------------------------------------------------------------------
                           b = consistent under Ho and Ha; obtained from xtreg
            B = inconsistent under Ha, efficient under Ho; obtained from xtreg

    Test:  Ho:  difference in coefficients not systematic

                 chi2(26) = (b-B)'[(V_b-V_B)^(-1)](b-B)
                          =       41.51
                Prob>chi2 =      0.0275
note: 9.educ_gr2 omitted because of collinearity
note: 1.tax2020#0b.sexo omitted because of collinearity
note: 1.tax2020#1.sexo omitted because of collinearity

Fixed-effects (within) regression               Number of obs     =      1,494
Group variable: id_num                          Number of groups  =        747

R-sq:                                           Obs per group:
     within  = 0.3756                                         min =          2
     between = 0.0977                                         avg =        2.0
     overall = 0.1366                                         max =          2

                                                F(26,721)         =      16.68
corr(u_i, Xb)  = -0.4165                        Prob > F          =     0.0000

------------------------------------------------------------------------------------------
                     ppu |      Coef.   Std. Err.      t    P>|t|     [95% Conf. Interval]
-------------------------+----------------------------------------------------------------
                 tax2020 |   .3840668   .0533618     7.20   0.000     .2793037    .4888299
                    sexo |  -.0701583    .296524    -0.24   0.813     -.652312    .5119954
                         |
                edad_gr2 |
                  25-29  |   -.108099    .304751    -0.35   0.723    -.7064043    .4902064
                  30-34  |   -.198344   .4261834    -0.47   0.642    -1.035053    .6383646
                  35-39  |  -.0571135   .4781765    -0.12   0.905    -.9958981    .8816711
                  40-44  |   .7316388   .5797891     1.26   0.207    -.4066376    1.869915
                  45-54  |   1.530966   .7048797     2.17   0.030     .1471037    2.914827
                  55-64  |   .7012385    .813961     0.86   0.389    -.8967782    2.299255
                    65+  |   1.105836   .9616665     1.15   0.251    -.7821646    2.993838
                         |
                educ_gr2 |
    Secundaria completa  |  -.3010664   .4487342    -0.67   0.502    -1.182048    .5799153
                Técnica  |  -.2301285   .4591304    -0.50   0.616    -1.131521    .6712636
           Preparatoria  |  -.1346849   .4577198    -0.29   0.769    -1.033308    .7639379
Licenciatura incompleta  |  -.3830234   .4877843    -0.79   0.433    -1.340671    .5746238
  Licenciatura completa  |  -.3770186   .4961837    -0.76   0.448    -1.351156    .5971188
               Posgrado  |  -.4184466   .6215164    -0.67   0.501    -1.638645    .8017514
                   Otro  |          0  (omitted)
                         |
                 gr_ingr |
          3,001 a 5 mil  |   .3409024   .2436154     1.40   0.162    -.1373779    .8191826
          5,001 a 8 mil  |   .1468442    .230546     0.64   0.524    -.3057774    .5994658
         8,001 a 10 mil  |   .1286695    .238779     0.54   0.590    -.3401156    .5974546
        10,001 a 15 mil  |   .2201977   .2345443     0.94   0.348    -.2402737    .6806692
        15,001 a 20 mil  |   .1900411   .2460935     0.77   0.440    -.2931044    .6731866
        20,001 a 49,999  |   .2045727   .2541628     0.80   0.421    -.2944148    .7035603
                50 mil+  |   .1650228   .3117659     0.53   0.597    -.4470547    .7771002
                  No sé  |   .5941215   .2984204     1.99   0.047     .0082447    1.179998
                         |
                  patron |  -.0354791   .1019646    -0.35   0.728    -.2356621    .1647038
                 singles |   2.069044   .1185101    17.46   0.000     1.836378     2.30171
                         |
            tax2020#sexo |
             0#Femenino  |   .0910509   .0779036     1.17   0.243    -.0618941    .2439959
            1#Masculino  |          0  (omitted)
             1#Femenino  |          0  (omitted)
                         |
                   _cons |   2.772359   .6624531     4.18   0.000     1.471791    4.072926
-------------------------+----------------------------------------------------------------
                 sigma_u |  1.2162232
                 sigma_e |  .73128459
                     rho |  .73446696   (fraction of variance due to u_i)
------------------------------------------------------------------------------------------
F test that all u_i=0: F(746, 721) = 3.01                    Prob > F = 0.0000
resultados/encuesta/mod_p1_3b.rtf
resultados/encuesta/mod_p1_3b.xml
dir : seeout

. 
. log close
      name:  <unnamed>
       log:  C:\Users\chen\OneDrive\Documentos\R\tax_ene2020\tax_2020\resultados\encuesta\/modelos_precio3b.log
  log type:  text
 closed on:  29 Aug 2021, 17:40:27
--------------------------------------------------------------------------------------------------------------------------------------------------------
