----------------------------------------------------------------------------------------------
      name:  <unnamed>
       log:  C:\Users\chen\OneDrive\Documentos\R\tax_ene2020\tax_2020\resultados\encuesta\/mod
> elos_cons2_log.log
  log type:  text
 opened on:  20 Aug 2021, 14:51:28

. use "$datos/wave4_5unbalanced.dta", clear

. /***************************************************************************/
. // 1.2 MODELOS ajustes variables agrupadas
. global vreg "sexo i.edad_gr2 i.educ_gr2 i.gr_ingr i.tipo"

. global v_int "tax2020 tax2020_sexo "

. // sólo interacción de impuesto con sexo
. 
. // modelo
. regress $depvar  $v_int $vreg if has_fumado_1mes

      Source |       SS           df       MS      Number of obs   =     2,741
-------------+----------------------------------   F(28, 2712)     =    150.52
       Model |  2715.77163        28  96.9918439   Prob > F        =    0.0000
    Residual |  1747.56705     2,712  .644383129   R-squared       =    0.6085
-------------+----------------------------------   Adj R-squared   =    0.6044
       Total |  4463.33867     2,740  1.62895572   Root MSE        =    .80273

------------------------------------------------------------------------------------------
            log_cons_sem |      Coef.   Std. Err.      t    P>|t|     [95% Conf. Interval]
-------------------------+----------------------------------------------------------------
                 tax2020 |   -.043138   .0423359    -1.02   0.308    -.1261519    .0398759
            tax2020_sexo |  -.0287677   .0616375    -0.47   0.641    -.1496289    .0920935
                    sexo |  -.1816629   .0438396    -4.14   0.000    -.2676253   -.0957005
                         |
                edad_gr2 |
                  25-29  |    .067919    .058172     1.17   0.243    -.0461469    .1819849
                  30-34  |   .1120186   .0590039     1.90   0.058    -.0036785    .2277157
                  35-39  |   .1279859   .0617445     2.07   0.038     .0069149    .2490569
                  40-44  |   .1401549   .0671809     2.09   0.037     .0084239    .2718859
                  45-54  |   .2227435   .0592008     3.76   0.000     .1066603    .3388268
                  55-64  |   .2963575   .0687188     4.31   0.000      .161611     .431104
                    65+  |   .4843292   .1528613     3.17   0.002     .1845927    .7840656
                         |
                educ_gr2 |
    Secundaria completa  |  -.1288684   .1831342    -0.70   0.482     -.487965    .2302282
                Técnica  |  -.2184017   .1827015    -1.20   0.232    -.5766499    .1398466
           Preparatoria  |  -.2070693   .1795402    -1.15   0.249    -.5591187      .14498
Licenciatura incompleta  |  -.1993453   .1812279    -1.10   0.271    -.5547041    .1560134
  Licenciatura completa  |  -.1239272   .1808014    -0.69   0.493    -.4784496    .2305953
               Posgrado  |  -.1231683   .1961007    -0.63   0.530    -.5076903    .2613536
                   Otro  |   .0017678   .2677968     0.01   0.995    -.5233386    .5268742
                         |
                 gr_ingr |
          3,001 a 5 mil  |   .2202259   .0917919     2.40   0.016     .0402368     .400215
          5,001 a 8 mil  |   .1044762    .083982     1.24   0.214    -.0601989    .2691513
         8,001 a 10 mil  |   .1515501   .0812474     1.87   0.062     -.007763    .3108632
        10,001 a 15 mil  |   .2002547   .0792306     2.53   0.012     .0448963     .355613
        15,001 a 20 mil  |   .2141981   .0798413     2.68   0.007     .0576421     .370754
        20,001 a 49,999  |   .1854924   .0800029     2.32   0.020     .0286195    .3423653
                50 mil+  |    .475103   .1048073     4.53   0.000     .2695926    .6806133
                  No sé  |  -.0246629   .0974415    -0.25   0.800      -.21573    .1664042
                         |
               tipo_cons |
          diario-suelto  |  -.3961536   .0818589    -4.84   0.000    -.5566657   -.2356415
   esporádico-cajetilla  |  -1.657984   .0352557   -47.03   0.000    -1.727114   -1.588853
      esporádico-suelto  |  -2.300846   .0479151   -48.02   0.000      -2.3948   -2.206893
                         |
                   _cons |   3.749366   .1914562    19.58   0.000     3.373951    4.124781
------------------------------------------------------------------------------------------

. outreg2 using resultados/encuesta/modelos1_2$mod, word excel replace
resultados/encuesta/modelos1_2_log.rtf
resultados/encuesta/modelos1_2_log.xml
dir : seeout

.   
. // estimación panel
. xtreg $depvar $v_int $vreg if has_fumado_1mes, fe
note: 9.educ_gr2 omitted because of collinearity

Fixed-effects (within) regression               Number of obs     =      2,741
Group variable: id_num                          Number of groups  =      1,994

R-sq:                                           Obs per group:
     within  = 0.2507                                         min =          1
     between = 0.5097                                         avg =        1.4
     overall = 0.5010                                         max =          2

                                                F(27,720)         =       8.92
corr(u_i, Xb)  = 0.4423                         Prob > F          =     0.0000

------------------------------------------------------------------------------------------
            log_cons_sem |      Coef.   Std. Err.      t    P>|t|     [95% Conf. Interval]
-------------------------+----------------------------------------------------------------
                 tax2020 |   .0013485   .0290938     0.05   0.963    -.0557704    .0584673
            tax2020_sexo |   .0007323   .0424735     0.02   0.986    -.0826544     .084119
                    sexo |  -.0209338   .1620293    -0.13   0.897    -.3390401    .2971725
                         |
                edad_gr2 |
                  25-29  |   -.198868   .1661666    -1.20   0.232    -.5250969    .1273609
                  30-34  |   .0172543   .2324124     0.07   0.941    -.4390326    .4735412
                  35-39  |   .1223766   .2610762     0.47   0.639     -.390185    .6349382
                  40-44  |  -.0301158    .316483    -0.10   0.924    -.6514556     .591224
                  45-54  |  -.1082935   .3862847    -0.28   0.779    -.8666725    .6500854
                  55-64  |  -.3061754   .4457602    -0.69   0.492     -1.18132    .5689698
                    65+  |  -.2397653   .5259139    -0.46   0.649    -1.272273    .7927427
                         |
                educ_gr2 |
    Secundaria completa  |  -.1027329   .2447313    -0.42   0.675     -.583205    .3777393
                Técnica  |  -.0416017   .2503248    -0.17   0.868    -.5330554    .4498519
           Preparatoria  |  -.0786525   .2495782    -0.32   0.753    -.5686405    .4113356
Licenciatura incompleta  |  -.0472913   .2659666    -0.18   0.859    -.5694539    .4748714
  Licenciatura completa  |   .0332842    .270551     0.12   0.902    -.4978789    .5644472
               Posgrado  |  -.1608254   .3389154    -0.47   0.635    -.8262059     .504555
                   Otro  |          0  (omitted)
                         |
                 gr_ingr |
          3,001 a 5 mil  |   .2422398   .1329109     1.82   0.069    -.0186994    .5031789
          5,001 a 8 mil  |   .4031348   .1258143     3.20   0.001      .156128    .6501416
         8,001 a 10 mil  |   .4692436   .1301872     3.60   0.000     .2136518    .7248355
        10,001 a 15 mil  |   .4668652   .1279568     3.65   0.000     .2156522    .7180782
        15,001 a 20 mil  |   .5004568   .1342715     3.73   0.000     .2368464    .7640673
        20,001 a 49,999  |   .5065183   .1386051     3.65   0.000     .2343999    .7786367
                50 mil+  |   .6065554   .1700056     3.57   0.000     .2727895    .9403213
                  No sé  |   .5694252   .1627473     3.50   0.000     .2499091    .8889412
                         |
               tipo_cons |
          diario-suelto  |   .0002204   .1141828     0.00   0.998    -.2239506    .2243914
   esporádico-cajetilla  |  -.7533352    .056511   -13.33   0.000    -.8642812   -.6423892
      esporádico-suelto  |  -1.005987   .0885967   -11.35   0.000    -1.179926   -.8320486
                         |
                   _cons |   2.915675   .3434809     8.49   0.000     2.241331    3.590019
-------------------------+----------------------------------------------------------------
                 sigma_u |  .99243461
                 sigma_e |  .39869966
                     rho |  .86103409   (fraction of variance due to u_i)
------------------------------------------------------------------------------------------
F test that all u_i=0: F(1993, 720) = 5.15                   Prob > F = 0.0000

. outreg2 using resultados/encuesta/modelos1_2$mod, word excel append
resultados/encuesta/modelos1_2_log.rtf
resultados/encuesta/modelos1_2_log.xml
dir : seeout

. 
. estimates store fixed

. *xttest2
. /*
> insufficient observations
> r(2001);
> 
> end of do-file
> */
. 
. xtreg $depvar  $v_int $vreg if has_fumado_1mes, re

Random-effects GLS regression                   Number of obs     =      2,741
Group variable: id_num                          Number of groups  =      1,994

R-sq:                                           Obs per group:
     within  = 0.2275                                         min =          1
     between = 0.6146                                         avg =        1.4
     overall = 0.6047                                         max =          2

                                                Wald chi2(28)     =    2936.71
corr(u_i, X)   = 0 (assumed)                    Prob > chi2       =     0.0000

------------------------------------------------------------------------------------------
            log_cons_sem |      Coef.   Std. Err.      z    P>|z|     [95% Conf. Interval]
-------------------------+----------------------------------------------------------------
                 tax2020 |  -.0298947   .0271698    -1.10   0.271    -.0831465     .023357
            tax2020_sexo |   .0001405   .0397474     0.00   0.997    -.0777629    .0780439
                    sexo |  -.2103227   .0415577    -5.06   0.000    -.2917743   -.1288711
                         |
                edad_gr2 |
                  25-29  |   .0433177   .0618815     0.70   0.484    -.0779678    .1646033
                  30-34  |   .1473708   .0643209     2.29   0.022     .0213041    .2734374
                  35-39  |   .1889054   .0686194     2.75   0.006     .0544139    .3233968
                  40-44  |   .2160602   .0756906     2.85   0.004     .0677093     .364411
                  45-54  |   .2845195   .0664671     4.28   0.000     .1542464    .4147926
                  55-64  |   .3802682   .0782176     4.86   0.000     .2269645    .5335719
                    65+  |   .4870587   .1676304     2.91   0.004      .158509    .8156083
                         |
                educ_gr2 |
    Secundaria completa  |  -.1329561   .2089824    -0.64   0.525     -.542554    .2766418
                Técnica  |  -.2169707   .2079133    -1.04   0.297    -.6244733    .1905318
           Preparatoria  |  -.1976178   .2048598    -0.96   0.335    -.5991356    .2039001
Licenciatura incompleta  |  -.1774785   .2063431    -0.86   0.390    -.5819035    .2269466
  Licenciatura completa  |  -.1000156    .206054    -0.49   0.627     -.503874    .3038427
               Posgrado  |   -.115243   .2231396    -0.52   0.606    -.5525886    .3221026
                   Otro  |  -.0404954   .2654896    -0.15   0.879    -.5608454    .4798546
                         |
                 gr_ingr |
          3,001 a 5 mil  |   .2078823   .0852401     2.44   0.015     .0408148    .3749499
          5,001 a 8 mil  |   .2102431   .0792323     2.65   0.008     .0549507    .3655355
         8,001 a 10 mil  |   .2501975   .0779076     3.21   0.001     .0975015    .4028935
        10,001 a 15 mil  |    .266316   .0759109     3.51   0.000     .1175334    .4150986
        15,001 a 20 mil  |   .2909677   .0775972     3.75   0.000       .13888    .4430553
        20,001 a 49,999  |   .2752049   .0786423     3.50   0.000     .1210688    .4293409
                50 mil+  |   .4677676   .1027286     4.55   0.000     .2664232     .669112
                  No sé  |   .1477161    .096666     1.53   0.126    -.0417457    .3371779
                         |
               tipo_cons |
          diario-suelto  |  -.2434687   .0761354    -3.20   0.001    -.3926914    -.094246
   esporádico-cajetilla  |  -1.410814   .0348373   -40.50   0.000    -1.479094   -1.342534
      esporádico-suelto  |  -1.991866   .0486598   -40.93   0.000    -2.087238   -1.896495
                         |
                   _cons |   3.475996    .214629    16.20   0.000     3.055331    3.896661
-------------------------+----------------------------------------------------------------
                 sigma_u |  .70005973
                 sigma_e |  .39869966
                     rho |  .75508414   (fraction of variance due to u_i)
------------------------------------------------------------------------------------------

. outreg2 using resultados/encuesta/modelos1_2$mod, word excel append
resultados/encuesta/modelos1_2_log.rtf
resultados/encuesta/modelos1_2_log.xml
dir : seeout

. 
. estimates store random

. xttest0 

Breusch and Pagan Lagrangian multiplier test for random effects

        log_cons_sem[id_num,t] = Xb + u[id_num] + e[id_num,t]

        Estimated results:
                         |       Var     sd = sqrt(Var)
                ---------+-----------------------------
               log_con~m |   1.628956       1.276305
                       e |   .1589614       .3986997
                       u |   .4900836       .7000597

        Test:   Var(u) = 0
                             chibar2(01) =   240.58
                          Prob > chibar2 =   0.0000

. * rechazo Pooled 
. * significance of random effects
. * Hausmann Test
. // hausman consistent efficient
. hausman fixed random , sigmamore

                 ---- Coefficients ----
             |      (b)          (B)            (b-B)     sqrt(diag(V_b-V_B))
             |     fixed        random       Difference          S.E.
-------------+----------------------------------------------------------------
     tax2020 |    .0013485    -.0298947        .0312432        .0134949
tax2020_sexo |    .0007323     .0001405        .0005918        .0195334
        sexo |   -.0209338    -.2103227        .1893889        .1637596
    edad_gr2 |
          2  |    -.198868     .0433177       -.2421858        .1618371
          3  |    .0172543     .1473708       -.1301165        .2336482
          4  |    .1223766     .1889054       -.0665288         .263438
          5  |   -.0301158     .2160602        -.246176        .3212041
          6  |   -.1082935     .2845195        -.392813         .397263
          7  |   -.3061754     .3802682       -.6864435        .4581725
          8  |   -.2397653     .4870587       -.7268239        .5221293
    educ_gr2 |
          2  |   -.1027329    -.1329561        .0302232        .1464438
          3  |   -.0416017    -.2169707         .175369        .1578043
          4  |   -.0786525    -.1976178        .1189653        .1604893
          5  |   -.0472913    -.1774785        .1301872        .1852917
          6  |    .0332842    -.1000156        .1332998        .1926824
          7  |   -.1608254     -.115243       -.0455824        .2740343
     gr_ingr |
          2  |    .2422398     .2078823        .0343574         .109274
          3  |    .4031348     .2102431        .1928917        .1045595
          4  |    .4692436     .2501975        .2190461        .1111665
          5  |    .4668652      .266316        .2005492        .1097228
          6  |    .5004568     .2909677        .2094892         .116536
          7  |    .5065183     .2752049        .2313134        .1212561
          8  |    .6065554     .4677676        .1387878        .1444665
         99  |    .5694252     .1477161        .4217091        .1394758
   tipo_cons |
          2  |    .0002204    -.2434687        .2436891        .0915353
          3  |   -.7533352    -1.410814        .6574788        .0475237
          4  |   -1.005987    -1.991866        .9858789        .0785271
------------------------------------------------------------------------------
                           b = consistent under Ho and Ha; obtained from xtreg
            B = inconsistent under Ha, efficient under Ho; obtained from xtreg

    Test:  Ho:  difference in coefficients not systematic

                 chi2(27) = (b-B)'[(V_b-V_B)^(-1)](b-B)
                          =      257.38
                Prob>chi2 =      0.0000

. // Rechazo Efectos aleatorios
. 
. use "$datos/wave4_5balanc.dta", clear

. xtreg $depvar  $v_int $vreg if has_fumado_1mes, fe
note: 9.educ_gr2 omitted because of collinearity

Fixed-effects (within) regression               Number of obs     =      1,494
Group variable: id_num                          Number of groups  =        747

R-sq:                                           Obs per group:
     within  = 0.2507                                         min =          2
     between = 0.5287                                         avg =        2.0
     overall = 0.4941                                         max =          2

                                                F(27,720)         =       8.92
corr(u_i, Xb)  = 0.4460                         Prob > F          =     0.0000

------------------------------------------------------------------------------------------
            log_cons_sem |      Coef.   Std. Err.      t    P>|t|     [95% Conf. Interval]
-------------------------+----------------------------------------------------------------
                 tax2020 |   .0013485   .0290938     0.05   0.963    -.0557704    .0584673
            tax2020_sexo |   .0007323   .0424735     0.02   0.986    -.0826544     .084119
                    sexo |  -.0209338   .1620293    -0.13   0.897    -.3390401    .2971725
                         |
                edad_gr2 |
                  25-29  |   -.198868   .1661666    -1.20   0.232    -.5250969    .1273609
                  30-34  |   .0172543   .2324124     0.07   0.941    -.4390326    .4735412
                  35-39  |   .1223766   .2610762     0.47   0.639     -.390185    .6349382
                  40-44  |  -.0301158    .316483    -0.10   0.924    -.6514556     .591224
                  45-54  |  -.1082935   .3862847    -0.28   0.779    -.8666725    .6500854
                  55-64  |  -.3061754   .4457602    -0.69   0.492     -1.18132    .5689698
                    65+  |  -.2397653   .5259139    -0.46   0.649    -1.272273    .7927427
                         |
                educ_gr2 |
    Secundaria completa  |  -.1027329   .2447313    -0.42   0.675     -.583205    .3777393
                Técnica  |  -.0416017   .2503248    -0.17   0.868    -.5330554    .4498519
           Preparatoria  |  -.0786525   .2495782    -0.32   0.753    -.5686405    .4113356
Licenciatura incompleta  |  -.0472913   .2659666    -0.18   0.859    -.5694539    .4748714
  Licenciatura completa  |   .0332842    .270551     0.12   0.902    -.4978789    .5644472
               Posgrado  |  -.1608254   .3389154    -0.47   0.635    -.8262059     .504555
                   Otro  |          0  (omitted)
                         |
                 gr_ingr |
          3,001 a 5 mil  |   .2422398   .1329109     1.82   0.069    -.0186994    .5031789
          5,001 a 8 mil  |   .4031348   .1258143     3.20   0.001      .156128    .6501416
         8,001 a 10 mil  |   .4692436   .1301872     3.60   0.000     .2136518    .7248355
        10,001 a 15 mil  |   .4668652   .1279568     3.65   0.000     .2156522    .7180782
        15,001 a 20 mil  |   .5004568   .1342715     3.73   0.000     .2368464    .7640673
        20,001 a 49,999  |   .5065183   .1386051     3.65   0.000     .2343999    .7786367
                50 mil+  |   .6065554   .1700056     3.57   0.000     .2727895    .9403213
                  No sé  |   .5694252   .1627473     3.50   0.000     .2499091    .8889412
                         |
               tipo_cons |
          diario-suelto  |   .0002204   .1141828     0.00   0.998    -.2239506    .2243914
   esporádico-cajetilla  |  -.7533352    .056511   -13.33   0.000    -.8642812   -.6423892
      esporádico-suelto  |  -1.005987   .0885967   -11.35   0.000    -1.179926   -.8320486
                         |
                   _cons |   3.020959   .3622758     8.34   0.000     2.309715    3.732202
-------------------------+----------------------------------------------------------------
                 sigma_u |   .9349207
                 sigma_e |  .39869966
                     rho |  .84612241   (fraction of variance due to u_i)
------------------------------------------------------------------------------------------
F test that all u_i=0: F(746, 720) = 6.38                    Prob > F = 0.0000

. outreg2 using resultados/encuesta/modelos1_2$mod, word excel append
resultados/encuesta/modelos1_2_log.rtf
resultados/encuesta/modelos1_2_log.xml
dir : seeout

. 
. capture log close
