--------------------------------------------------------------------------------------------------------------------------------------------------------
      name:  <unnamed>
       log:  C:\Users\chen\OneDrive\Documentos\R\tax_ene2020\tax_2020\resultados\encuesta\/modelos_consumo1.log
  log type:  text
 opened on:   9 Sep 2021, 18:19:27

. 
. //use "$datos/wave4_5unbalanced.dta", clear
. use "$datos/cons_w456_unbalanc.dta", clear

. /***************************************************************************/
. // 1.1 MODELOS
. // 1.2 MODELOS ajustes variables agrupadas
. global vars_txc "tax2020 covid19" 

. // modelo
. regress consumo_semanal $vars_txc $vars_reg if has_fumado_1mes

      Source |       SS           df       MS      Number of obs   =     4,073
-------------+----------------------------------   F(21, 4051)     =    112.38
       Model |  2402520.88        21  114405.756   Prob > F        =    0.0000
    Residual |  4124029.56     4,051  1018.02754   R-squared       =    0.3681
-------------+----------------------------------   Adj R-squared   =    0.3648
       Total |  6526550.44     4,072  1602.78744   Root MSE        =    31.907

------------------------------------------------------------------------------------------
         consumo_semanal |      Coef.   Std. Err.      t    P>|t|     [95% Conf. Interval]
-------------------------+----------------------------------------------------------------
                 tax2020 |  -2.465313   1.222262    -2.02   0.044    -4.861618   -.0690086
                 covid19 |   -2.47245   1.225969    -2.02   0.044    -4.876023   -.0688768
                    sexo |  -3.350925   1.021172    -3.28   0.001    -5.352984   -1.348866
                         |
                edad_gr3 |
                  25-29  |  -1.742004   1.886697    -0.92   0.356    -5.440968     1.95696
                  30-34  |  -2.287887   1.892971    -1.21   0.227    -5.999151    1.423376
                  35-39  |    -.72605   1.984148    -0.37   0.714    -4.616071    3.163971
                  40-44  |   .8840006     2.1629     0.41   0.683    -3.356473    5.124474
                  45-54  |   2.381203   1.904175     1.25   0.211    -1.352027    6.114432
                    55+  |   11.64179   2.158319     5.39   0.000     7.410302    15.87329
                         |
                educ_gr3 |
                Técnica  |  -4.576157   2.229903    -2.05   0.040    -8.947992   -.2043221
           Preparatoria  |  -5.291769   1.899067    -2.79   0.005    -9.014984   -1.568554
Licenciatura incompleta  |  -4.456517   2.035059    -2.19   0.029    -8.446351   -.4666829
  Licenciatura completa  |  -1.321511   1.985418    -0.67   0.506    -5.214023    2.571001
                   Otro  |   1.971357   2.969353     0.66   0.507    -3.850208    7.792921
                         |
                 ingr_gr |
         8,001 a 15 mil  |   .0154712    1.44821     0.01   0.991    -2.823817    2.854759
        15,001 a 20 mil  |   .2803166   1.690483     0.17   0.868    -3.033959    3.594592
                20 mil+  |   3.658442   1.646119     2.22   0.026     .4311437    6.885741
                  No sé  |  -6.362843   2.526002    -2.52   0.012     -11.3152    -1.41049
                         |
               tipo_cons |
          diario-suelto  |  -22.48033   2.722816    -8.26   0.000    -27.81855   -17.14212
   esporádico-cajetilla  |  -44.22959   1.144706   -38.64   0.000    -46.47385   -41.98534
      esporádico-suelto  |  -48.80295   1.569865   -31.09   0.000    -51.88075   -45.72515
                         |
                   _cons |   61.38077   2.444609    25.11   0.000     56.58799    66.17355
------------------------------------------------------------------------------------------

. outreg2 using resultados/encuesta/modelos1_1, word excel replace
resultados/encuesta/modelos1_1.rtf
resultados/encuesta/modelos1_1.xml
dir : seeout

. 
. // estimación panel
. xtreg consumo_semanal $vars_txc $vars_reg if has_fumado_1mes, fe

Fixed-effects (within) regression               Number of obs     =      4,073
Group variable: id_num                          Number of groups  =      2,631

R-sq:                                           Obs per group:
     within  = 0.1407                                         min =          1
     between = 0.2945                                         avg =        1.5
     overall = 0.2754                                         max =          3

                                                F(21,1421)        =      11.08
corr(u_i, Xb)  = 0.2762                         Prob > F          =     0.0000

------------------------------------------------------------------------------------------
         consumo_semanal |      Coef.   Std. Err.      t    P>|t|     [95% Conf. Interval]
-------------------------+----------------------------------------------------------------
                 tax2020 |   -.576937   .7424787    -0.78   0.437    -2.033409    .8795351
                 covid19 |   1.357646   .8683927     1.56   0.118    -.3458233    3.061115
                    sexo |   5.982244   3.968893     1.51   0.132    -1.803274    13.76776
                         |
                edad_gr3 |
                  25-29  |  -6.608252   4.773937    -1.38   0.167    -15.97297     2.75647
                  30-34  |   .7714924   5.670349     0.14   0.892    -10.35166    11.89465
                  35-39  |   2.132368   6.757758     0.32   0.752    -11.12388    15.38862
                  40-44  |   -7.41217   7.731663    -0.96   0.338    -22.57887     7.75453
                  45-54  |   1.530498   9.537541     0.16   0.873    -17.17867    20.23967
                    55+  |   -1.31988   10.71729    -0.12   0.902    -22.34328    19.70353
                         |
                educ_gr3 |
                Técnica  |  -1.412433   4.062644    -0.35   0.728    -9.381857    6.556991
           Preparatoria  |  -.9961578   3.859567    -0.26   0.796     -8.56722    6.574904
Licenciatura incompleta  |  -.0228871   4.377098    -0.01   0.996    -8.609155    8.563381
  Licenciatura completa  |   1.496149   4.445275     0.34   0.736    -7.223858    10.21616
                   Otro  |   .1369433   5.063769     0.03   0.978    -9.796322    10.07021
                         |
                 ingr_gr |
         8,001 a 15 mil  |   4.227515     1.6939     2.50   0.013     .9047009    7.550328
        15,001 a 20 mil  |   6.721864   2.046721     3.28   0.001     2.706945    10.73678
                20 mil+  |   6.739601   2.363262     2.85   0.004     2.103743    11.37546
                  No sé  |   4.109171   3.256517     1.26   0.207    -2.278926    10.49727
                         |
               tipo_cons |
          diario-suelto  |   -5.18079   2.706392    -1.91   0.056    -10.48974    .1281628
   esporádico-cajetilla  |  -19.86722   1.460498   -13.60   0.000    -22.73219   -17.00226
      esporádico-suelto  |  -21.09503   2.164179    -9.75   0.000    -25.34036   -16.84971
                         |
                   _cons |   37.02815   6.789088     5.45   0.000     23.71044    50.34586
-------------------------+----------------------------------------------------------------
                 sigma_u |  33.315126
                 sigma_e |   14.61951
                     rho |  .83852705   (fraction of variance due to u_i)
------------------------------------------------------------------------------------------
F test that all u_i=0: F(2630, 1421) = 6.80                  Prob > F = 0.0000

. outreg2 using resultados/encuesta/modelos1_1, word excel append
resultados/encuesta/modelos1_1.rtf
resultados/encuesta/modelos1_1.xml
dir : seeout

. 
. estimates store fixed

. *xttest2
. /*
> insufficient observations
> r(2001);
> 
> end of do-file
> */
. 
. xtreg consumo_semanal $vars_txc $vars_reg if has_fumado_1mes, re

Random-effects GLS regression                   Number of obs     =      4,073
Group variable: id_num                          Number of groups  =      2,631

R-sq:                                           Obs per group:
     within  = 0.1246                                         min =          1
     between = 0.3939                                         avg =        1.5
     overall = 0.3624                                         max =          3

                                                Wald chi2(21)     =    1659.62
corr(u_i, X)   = 0 (assumed)                    Prob > chi2       =     0.0000

------------------------------------------------------------------------------------------
         consumo_semanal |      Coef.   Std. Err.      z    P>|z|     [95% Conf. Interval]
-------------------------+----------------------------------------------------------------
                 tax2020 |  -1.504448   .7030535    -2.14   0.032    -2.882407   -.1264881
                 covid19 |  -.6773797   .7766694    -0.87   0.383    -2.199624    .8448643
                    sexo |  -3.237287   1.155931    -2.80   0.005    -5.502869   -.9717041
                         |
                edad_gr3 |
                  25-29  |  -1.552736    1.90237    -0.82   0.414    -5.281312    2.175841
                  30-34  |   1.237149   1.959783     0.63   0.528    -2.603955    5.078252
                  35-39  |   2.826389   2.111959     1.34   0.181    -1.312975    6.965753
                  40-44  |   3.997569   2.307031     1.73   0.083    -.5241275    8.519266
                  45-54  |   6.940187   2.068433     3.36   0.001     2.886132    10.99424
                    55+  |   13.19486   2.352707     5.61   0.000     8.583643    17.80608
                         |
                educ_gr3 |
                Técnica  |  -4.806298   2.241175    -2.14   0.032    -9.198921    -.413675
           Preparatoria  |  -4.868794   1.953892    -2.49   0.013    -8.698351   -1.039237
Licenciatura incompleta  |  -4.350488   2.085734    -2.09   0.037    -8.438451   -.2625247
  Licenciatura completa  |  -1.484927   2.066692    -0.72   0.472    -5.535569    2.565715
                   Otro  |   .0852143     2.9191     0.03   0.977    -5.636117    5.806546
                         |
                 ingr_gr |
         8,001 a 15 mil  |   1.782717   1.227421     1.45   0.146    -.6229838    4.188417
        15,001 a 20 mil  |   3.398426   1.446157     2.35   0.019     .5640109    6.232841
                20 mil+  |   5.247762   1.518919     3.45   0.001     2.270737    8.224788
                  No sé  |    -1.5589   2.278582    -0.68   0.494    -6.024839    2.907039
                         |
               tipo_cons |
          diario-suelto  |  -13.18053   2.147419    -6.14   0.000    -17.38939   -8.971666
   esporádico-cajetilla  |  -34.47134   1.024842   -33.64   0.000    -36.47999   -32.46269
      esporádico-suelto  |  -39.20762    1.42568   -27.50   0.000     -42.0019   -36.41334
                         |
                   _cons |   50.89478   2.461503    20.68   0.000     46.07032    55.71923
-------------------------+----------------------------------------------------------------
                 sigma_u |  26.478353
                 sigma_e |   14.61951
                     rho |  .76637265   (fraction of variance due to u_i)
------------------------------------------------------------------------------------------

. outreg2 using resultados/encuesta/modelos1_1, word excel append
resultados/encuesta/modelos1_1.rtf
resultados/encuesta/modelos1_1.xml
dir : seeout

. 
. estimates store random

. xttest0 

Breusch and Pagan Lagrangian multiplier test for random effects

        consumo_semanal[id_num,t] = Xb + u[id_num] + e[id_num,t]

        Estimated results:
                         |       Var     sd = sqrt(Var)
                ---------+-----------------------------
               consumo~l |   1602.787       40.03483
                       e |   213.7301       14.61951
                       u |   701.1032       26.47835

        Test:   Var(u) = 0
                             chibar2(01) =  1629.17
                          Prob > chibar2 =   0.0000

. * rechazo Pooled 
. * significance of random effects
. * Hausmann Test
. // hausman consistent efficient
. hausman fixed random , sigmamore

                 ---- Coefficients ----
             |      (b)          (B)            (b-B)     sqrt(diag(V_b-V_B))
             |     fixed        random       Difference          S.E.
-------------+----------------------------------------------------------------
     tax2020 |    -.576937    -1.504448        .9275107        .3048672
     covid19 |    1.357646    -.6773797        2.035026        .4472948
        sexo |    5.982244    -3.237287        9.219531        3.929793
    edad_gr3 |
          2  |   -6.608252    -1.552736       -5.055516         4.54509
          3  |    .7714924     1.237149       -.4656565        5.514444
          4  |    2.132368     2.826389       -.6940209        6.647202
          5  |    -7.41217     3.997569       -11.40974         7.63904
          6  |    1.530498     6.940187       -5.409689        9.623872
          7  |    -1.31988     13.19486       -14.51474        10.80815
    educ_gr3 |
          3  |   -1.412433    -4.806298        3.393865         3.54382
          4  |   -.9961578    -4.868794        3.872636        3.471324
          5  |   -.0228871    -4.350488        4.327601        4.007273
          6  |    1.496149    -1.484927        2.981075        4.096098
          9  |    .1369433     .0852143         .051729        4.335083
     ingr_gr |
          5  |    4.227515     1.782717        2.444798        1.244937
          6  |    6.721864     3.398426        3.323438        1.539774
          7  |    6.739601     5.247762        1.491838         1.90844
         99  |    4.109171      -1.5589        5.668072        2.470751
   tipo_cons |
          2  |    -5.18079    -13.18053        7.999739        1.786296
          3  |   -19.86722    -34.47134        14.60412        1.105381
          4  |   -21.09503    -39.20762        18.11259        1.719469
------------------------------------------------------------------------------
                           b = consistent under Ho and Ha; obtained from xtreg
            B = inconsistent under Ha, efficient under Ho; obtained from xtreg

    Test:  Ho:  difference in coefficients not systematic

                 chi2(21) = (b-B)'[(V_b-V_B)^(-1)](b-B)
                          =      233.97
                Prob>chi2 =      0.0000

. // Rechazo Efectos aleatorios
. 
. //use "$datos/wave4_5balanc.dta", clear
. use "$datos/cons_w456_balanc.dta", clear

. xtreg consumo_semanal $vars_txc $vars_reg if has_fumado_1mes, fe

Fixed-effects (within) regression               Number of obs     =      1,350
Group variable: id_num                          Number of groups  =        450

R-sq:                                           Obs per group:
     within  = 0.1309                                         min =          3
     between = 0.2411                                         avg =        3.0
     overall = 0.2188                                         max =          3

                                                F(21,879)         =       6.31
corr(u_i, Xb)  = 0.2502                         Prob > F          =     0.0000

------------------------------------------------------------------------------------------
         consumo_semanal |      Coef.   Std. Err.      t    P>|t|     [95% Conf. Interval]
-------------------------+----------------------------------------------------------------
                 tax2020 |  -.7878788   1.052253    -0.75   0.454      -2.8531    1.277343
                 covid19 |    .910053   1.068949     0.85   0.395    -1.187938    3.008044
                    sexo |   4.550137   5.052774     0.90   0.368    -5.366773    14.46705
                         |
                edad_gr3 |
                  25-29  |   -10.8456    7.35466    -1.47   0.141    -25.28035    3.589141
                  30-34  |  -7.188291   8.452665    -0.85   0.395    -23.77805    9.401472
                  35-39  |  -1.849496   10.42221    -0.18   0.859    -22.30481    18.60582
                  40-44  |  -11.00423     10.938    -1.01   0.315    -32.47188    10.46341
                  45-54  |  -4.384548   12.97859    -0.34   0.736     -29.8572     21.0881
                    55+  |  -8.114115   14.57952    -0.56   0.578    -36.72884    20.50061
                         |
                educ_gr3 |
                Técnica  |  -4.465306   6.028687    -0.74   0.459    -16.29761    7.366995
           Preparatoria  |   -2.79078   5.903702    -0.47   0.637    -14.37778    8.796217
Licenciatura incompleta  |  -.6467205   6.315717    -0.10   0.918    -13.04237    11.74893
  Licenciatura completa  |  -2.607197   6.566773    -0.40   0.691    -15.49558    10.28119
                   Otro  |  -3.206014   7.398983    -0.43   0.665    -17.72775    11.31572
                         |
                 ingr_gr |
         8,001 a 15 mil  |   6.033609    2.31898     2.60   0.009     1.482224    10.58499
        15,001 a 20 mil  |   7.504117   2.795051     2.68   0.007     2.018363    12.98987
                20 mil+  |   6.035057   3.292521     1.83   0.067    -.4270634    12.49718
                  No sé  |   5.306077   4.267184     1.24   0.214    -3.068982    13.68114
                         |
               tipo_cons |
          diario-suelto  |  -9.249549   4.246644    -2.18   0.030    -17.58429   -.9148034
   esporádico-cajetilla  |  -19.64431   1.944812   -10.10   0.000    -23.46133   -15.82729
      esporádico-suelto  |  -21.53319   3.073107    -7.01   0.000    -27.56468   -15.50171
                         |
                   _cons |   48.40715   10.87542     4.45   0.000     27.06233    69.75196
-------------------------+----------------------------------------------------------------
                 sigma_u |  37.341808
                 sigma_e |   15.54619
                     rho |  .85227992   (fraction of variance due to u_i)
------------------------------------------------------------------------------------------
F test that all u_i=0: F(449, 879) = 14.13                   Prob > F = 0.0000

. outreg2 using resultados/encuesta/modelos1_1, word excel append
resultados/encuesta/modelos1_1.rtf
resultados/encuesta/modelos1_1.xml
dir : seeout

. 
. capture log close
