---------------------------------------------------------------------------------------------------------------------------------------------------------------------
      name:  <unnamed>
       log:  C:\Users\usuario\OneDrive\Documentos\R\tax_ene2020\tax_2020\resultados/desc_datos_ciudad.log
  log type:  text
 opened on:  26 Apr 2021, 19:59:04

. 
. use datos\tpCiudad.dta, clear

. 
. ta cve_ciudad marca

           |                                    marca
cve_ciudad | BENSON &       CAMEL  CHESTERFI  LUCKY STR   MARLBORO    MONTANA  PALL MALL |     Total
-----------+-----------------------------------------------------------------------------+----------
         1 |       120        120        120        120        120         89        120 |       809 
         2 |       120         91         61         47        120         15        120 |       574 
         3 |       118         84         70        120        120         74         26 |       612 
         4 |       120        120         91        120        120          5        100 |       676 
         5 |       120         91        120        120        120          0        120 |       691 
         6 |        64         73         23         52        120          6        120 |       458 
         7 |       120         85        120         85        120        120          3 |       653 
         8 |        91         91        119          0        120          0         26 |       447 
         9 |       120          0         90        120        120          0        102 |       552 
        10 |       120         79          0         39        108        120        116 |       582 
        11 |        91         91         91         99        120         59        120 |       671 
        12 |       120          0        114         91         91        120         87 |       623 
        13 |        83         91         13         71        120         12         64 |       454 
        14 |       115        120        120         91        120          0         71 |       637 
        15 |       120         94         27          0        120          0         69 |       430 
        16 |       120         88        119          3        120         15        120 |       585 
        17 |       120        115          0         87        120         12        116 |       570 
        18 |        91         60         91         91        120          0        120 |       573 
        19 |        91          0        102          0         91          0         73 |       357 
        20 |       120         90          0          0        120          0        120 |       450 
        21 |       120          0         72         84        120          0        106 |       502 
        22 |        88        120        120         66        120         54          0 |       568 
        23 |       120        105         59        120        120          0         71 |       595 
        24 |       120          0        120         94        120          0        120 |       574 
        25 |        90         55         88         91        120          0        103 |       547 
        26 |       120         47          0        110        120         49        103 |       549 
        27 |        93          2         30        120        120         61         90 |       516 
        28 |       120        118          0          0        120          0         31 |       389 
        29 |       120          0         45         66        120         28         29 |       408 
        30 |        28          1          0         46        120         98         22 |       315 
        31 |       102         91          2         64         56          0         45 |       360 
        32 |       120          0          0        120        100          0          7 |       347 
        33 |         0        110          0        120        120         10          0 |       360 
        34 |         0        120          0          0        120          0         29 |       269 
        35 |       120          0         74          4        120          0          0 |       318 
        36 |        50         82         27         85        120          0         73 |       437 
        37 |        91         59          0        120        120         10        120 |       520 
        38 |       120         97         56         38        120          0        118 |       549 
        39 |       120        120         34         91        120         30         27 |       542 
        40 |        91        120         26         69        120          0        120 |       546 
        41 |        29        120        106         14        120          0         29 |       418 
        42 |        83        118         22         39        120          0          0 |       382 
        43 |       120         37         38         91        120         78         70 |       554 
        44 |        29          0        120        120        120          0          0 |       389 
        45 |       115         29        120          0        120          0          2 |       386 
        46 |       120          0          0          0        120        120         29 |       389 
        47 |        29         29          0          0         29          0          0 |        87 
        48 |        29         28          0         14         29         15         29 |       144 
        49 |        29         29         29          9         29          0         29 |       154 
        50 |        29          0          0          2         29          0         29 |        89 
        51 |        29          0          0         29         29          0         29 |       116 
        52 |         0          0         29          0         29          0         29 |        87 
        53 |        29          0          0         29         29          0         14 |       101 
        54 |        29          0          0          0         29          0         20 |        78 
        55 |        29          6          0          0         29         29          0 |        93 
-----------+-----------------------------------------------------------------------------+----------
     Total |     4,745      3,226      2,708      3,211      5,627      1,229      3,336 |    24,082 


. 
. * en algunas ciudades hay presencia de m'as marcas
. * la definici'on de este grupo de marcas es 
. * con base en la presencia de datos para al menos 10 ciudades
. * en un periodo espec'ifico (diciembre 2019)
. 
. * cuantas 
. * (y cuales) ciudades / marcas 
. * coinciden con informaci'on 
. * de los 120 periodos de an'alisis
. 
. * 
. use datos\df_m.dta, clear

. 
. ta cve_ciudad n_pzas

           |                                 (count) pzas
cve_ciudad |         1          2          3          4          5          6          7 |     Total
-----------+-----------------------------------------------------------------------------+----------
         1 |         0          0          0          0          0         31         89 |       120 
         2 |         0          0          0         44         58         18          0 |       120 
         3 |         0          0          7         41          5         67          0 |       120 
         4 |         0          0          0          0         49         66          5 |       120 
         5 |         0          0          0          0         29         91          0 |       120 
         6 |         0          0         29         84          7          0          0 |       120 
         7 |         0          0          0         26         15         79          0 |       120 
         8 |         0          4         25         91          0          0          0 |       120 
         9 |         0          0         14         20         86          0          0 |       120 
        10 |         0          0          0         18        102          0          0 |       120 
        11 |         0          0         29          0          0         53         38 |       120 
        12 |         0          0          0         29         39         52          0 |       120 
        13 |         0         37          0         35         48          0          0 |       120 
        14 |         0          0          0          5         73         42          0 |       120 
        15 |         0          1         48         71          0          0          0 |       120 
        16 |         0          0          1         28         76         15          0 |       120 
        17 |         0          0          4         22         94          0          0 |       120 
        18 |         0         28          1          0         32         59          0 |       120 
        19 |        27          2         38         53          0          0          0 |       120 
        20 |         0          0         30         90          0          0          0 |       120 
        21 |         0          0          0         98         22          0          0 |       120 
        22 |         0          0          0         32         88          0          0 |       120 
        23 |         0          0          0         15         95         10          0 |       120 
        24 |         0          0          0         26         94          0          0 |       120 
        25 |         0          0          6         41         73          0          0 |       120 
        26 |         0          0          8         40         67          5          0 |       120 
        27 |         0          0         27         30         63          0          0 |       120 
        28 |         0          0         91         29          0          0          0 |       120 
        29 |         0          0         91         10         19          0          0 |       120 
        30 |         0         74         17         29          0          0          0 |       120 
        31 |         0          0        120          0          0          0          0 |       120 
        32 |         0         13        107          0          0          0          0 |       120 
        33 |         0          0        120          0          0          0          0 |       120 
        34 |         0         91         29          0          0          0          0 |       120 
        35 |         0         42         78          0          0          0          0 |       120 
        36 |         0         29         12         52         27          0          0 |       120 
        37 |         0          0         19         42         59          0          0 |       120 
        38 |         0          0         23          6         90          1          0 |       120 
        39 |         0          0         29          0         91          0          0 |       120 
        40 |         0          0          3         48         69          0          0 |       120 
        41 |         0          0         91          0         29          0          0 |       120 
        42 |         0          0         98         22          0          0          0 |       120 
        43 |         0          0          0         46         74          0          0 |       120 
        44 |         0          0         91         29          0          0          0 |       120 
        45 |         0          3         88         29          0          0          0 |       120 
        46 |         0          0         91         29          0          0          0 |       120 
        47 |         0          0         29          0          0          0          0 |        29 
        48 |         0          0          0          1         28          0          0 |        29 
        49 |         0          0          0          0         20          9          0 |        29 
        50 |         0          0         27          2          0          0          0 |        29 
        51 |         0          0          0         29          0          0          0 |        29 
        52 |         0          0         29          0          0          0          0 |        29 
        53 |         0          0         15         14          0          0          0 |        29 
        54 |         0          9         20          0          0          0          0 |        29 
        55 |         0          0         23          6          0          0          0 |        29 
-----------+-----------------------------------------------------------------------------+----------
     Total |        27        333      1,608      1,362      1,721        598        132 |     5,781 


. 
. * en la ciudad 1 hay 6 - 7 marcas
. * s칩lo unas cuantas ciudades est치n s칩lo con una marca
. * e.g. la ciudad 18 tiene menos 
. * 
. 
. use datos\df_x.dta, clear

. 
. ta n_pzas marca 

   (count) |                                    marca
      pzas | BENSON &       CAMEL  CHESTERFI  LUCKY STR   MARLBORO    MONTANA  PALL MALL |     Total
-----------+-----------------------------------------------------------------------------+----------
         6 |         0          0          0          0          0         10          0 |        10 
         7 |         0          0          0          0          0         24          0 |        24 
         8 |         0          0          0          0          0         22          0 |        22 
         9 |         0          0          0          0          0          3          0 |         3 
        10 |         0          0          0          0          0          2          0 |         2 
        11 |         0          0          0          0          0          5          0 |         5 
        12 |         0          0          0          0          0         22          0 |        22 
        13 |         0          0          0          0          0          9          0 |         9 
        14 |         0          0          0          0          0          5          0 |         5 
        15 |         0          0          2          0          0         16          0 |        18 
        16 |         0          0          2          0          0          2          0 |         4 
        17 |         0          0         15          0          0          0          0 |        15 
        18 |         0          0         10          0          0          0         14 |        24 
        19 |         0         10          6          0          0          0          5 |        21 
        20 |         0          3          0          0          0          0         11 |        14 
        21 |         0         11          2          0          0          0          3 |        16 
        22 |         0          5         17          0          0          0          4 |        26 
        23 |         0          2         17          4          0          0          5 |        28 
        24 |         0          1          2          7          0          0          7 |        17 
        25 |         0          4         13         27          0          0          1 |        45 
        26 |         0          8          3         12          0          0         12 |        35 
        27 |         0          1         29         21          0          0          2 |        53 
        28 |         0          1          2         27          0          0         27 |        57 
        29 |         0         22          0         19          0          0          0 |        41 
        30 |         0         48          0          3          0          0          0 |        51 
        31 |         0          4          0          0          0          0          0 |         4 
        35 |         0          0          0          0          0          0          2 |         2 
        36 |        12          0          0          0          0          0          1 |        13 
        37 |        32          0          0          0          0          0          0 |        32 
        38 |        20          0          0          0          0          0          1 |        21 
        39 |         2          0          0          0          0          0          0 |         2 
        40 |        16          0          0          0          0          0          3 |        19 
        41 |         9          0          0          0          0          0          3 |        12 
        42 |         1          0          0          0          0          0         16 |        17 
        43 |         1          0          0          0          0          0          3 |         4 
        44 |        18          0          0          0         20          0          0 |        38 
        45 |         9          0          0          0         56          0          0 |        65 
        46 |         0          0          0          0         15          0          0 |        15 
        53 |         0          0          0          0         29          0          0 |        29 
-----------+-----------------------------------------------------------------------------+----------
     Total |       120        120        120        120        120        120        120 |       840 


. 
. * por marcas, 
. * la que tiene menos presencia es Lucky con 35 observaciones en 
. * solo una ciudad 
. * se puede considerar dejar fuera esta marca, 
. * sin embargo Lucky "arrastr칩" a Pall Mall
. * por lo que si se considero que Pall Mall y Lucky se 
. * consideren en estimaciones SUR
. * 
. 
.                 
. log close
      name:  <unnamed>
       log:  C:\Users\usuario\OneDrive\Documentos\R\tax_ene2020\tax_2020\resultados/desc_datos_ciudad.log
  log type:  text
 closed on:  26 Apr 2021, 19:59:14
---------------------------------------------------------------------------------------------------------------------------------------------------------------------
