----------------------------------------------------------------------------------------------
      name:  <unnamed>
       log:  C:\Users\chen\OneDrive\Documentos\R\tax_ene2020\tax_2020\resultados\encuesta\/mod
> elos_consumo3b.log
  log type:  text
 opened on:  21 Aug 2021, 21:14:42

. 
. global v_ps "tax2020 sexo i.edad_gr2 i.educ_gr2 i.gr_ingr patron single"

. 
. foreach var of varlist patron single tipo sexo { 
  2.         use "$datos/wave4_5unbalanced.dta", clear
  3.         /***************************************************************************/
.         // 1.3.b MODELOS tipo
. 
.         // modelo
.         regress consumo_semanal $v_ps tax2020#i.`var' if has_fumado_1mes
  4.         outreg2 using resultados/encuesta/modelos1_3b`var', word excel replace
  5. 
.         // estimación panel
.         xtreg consumo_semanal $v_ps tax2020#i.`var' if has_fumado_1mes, fe
  6.         outreg2 using resultados/encuesta/modelos1_3b`var', word excel append
  7. 
.         estimates store fixed
  8.         *xttest2
.         /*
>         insufficient observations
>         r(2001);
> 
>         end of do-file
>         */
.         xtreg consumo_semanal $v_ps tax2020#i.`var' if has_fumado_1mes, re
  9.         outreg2 using resultados/encuesta/modelos1_3b`var', word excel append
 10. 
.         estimates store random
 11.         xttest0 
 12.         * rechazo Pooled 
.         * significance of random effects
.         * Hausmann Test
.         // hausman consistent efficient
.         hausman fixed random , sigmamore
 13.         // Rechazo Efectos aleatorios
. 
.         use "$datos/wave4_5balanc.dta", clear
 14.         xtreg consumo_semanal $v_ps tax2020#i.`var' if has_fumado_1mes, fe
 15.         outreg2 using resultados/encuesta/modelos1_3b`value', word excel append
 16. 
.         estimates store fixed
 17.         *xttest2
.         /*
>         insufficient observations
>         r(2001);
> 
>         end of do-file
>         */
. 
. 
. }
note: 1.tax2020#0b.patron omitted because of collinearity
note: 1.tax2020#1.patron omitted because of collinearity

      Source |       SS           df       MS      Number of obs   =     2,741
-------------+----------------------------------   F(27, 2713)     =     58.10
       Model |  1682772.86        27  62324.9207   Prob > F        =    0.0000
    Residual |   2910041.4     2,713   1072.6286   R-squared       =    0.3664
-------------+----------------------------------   Adj R-squared   =    0.3601
       Total |  4592814.25     2,740  1676.20958   Root MSE        =    32.751

------------------------------------------------------------------------------------------
         consumo_semanal |      Coef.   Std. Err.      t    P>|t|     [95% Conf. Interval]
-------------------------+----------------------------------------------------------------
                 tax2020 |  -.0579358   1.758997    -0.03   0.974    -3.507045    3.391173
                    sexo |  -2.994982    1.28234    -2.34   0.020    -5.509443   -.4805209
                         |
                edad_gr2 |
                  25-29  |  -.5145971   2.372621    -0.22   0.828    -5.166923    4.137729
                  30-34  |  -1.163363   2.404607    -0.48   0.629    -5.878409    3.551684
                  35-39  |   .4580357   2.518892     0.18   0.856    -4.481106    5.397178
                  40-44  |   2.638493   2.741194     0.96   0.336    -2.736547    8.013533
                  45-54  |    3.63522   2.413856     1.51   0.132    -1.097962    8.368401
                  55-64  |   11.42904   2.802485     4.08   0.000     5.933819    16.92426
                    65+  |   19.29843   6.235476     3.09   0.002     7.071663    31.52519
                         |
                educ_gr2 |
    Secundaria completa  |  -22.61661   7.472263    -3.03   0.002    -37.26851   -7.964706
                Técnica  |  -26.16655   7.454067    -3.51   0.000    -40.78278   -11.55033
           Preparatoria  |  -25.46396    7.32546    -3.48   0.001      -39.828   -11.09991
Licenciatura incompleta  |  -25.44781   7.394356    -3.44   0.001    -39.94695   -10.94867
  Licenciatura completa  |  -22.75078   7.376625    -3.08   0.002    -37.21516   -8.286411
               Posgrado  |  -23.34104     8.0007    -2.92   0.004    -39.02912   -7.652953
                   Otro  |  -10.80615   10.92262    -0.99   0.323    -32.22365    10.61134
                         |
                 gr_ingr |
          3,001 a 5 mil  |   2.815585   3.741582     0.75   0.452    -4.521053    10.15222
          5,001 a 8 mil  |   .7209983   3.424035     0.21   0.833    -5.992982    7.434979
         8,001 a 10 mil  |   1.684466   3.311947     0.51   0.611    -4.809728    8.178659
        10,001 a 15 mil  |   1.001344   3.230667     0.31   0.757    -5.333473    7.336161
        15,001 a 20 mil  |   2.652633   3.256372     0.81   0.415    -3.732587    9.037852
        20,001 a 49,999  |   2.484444   3.261895     0.76   0.446    -3.911606    8.880493
                50 mil+  |   20.69576   4.275637     4.84   0.000     12.31193     29.0796
                  No sé  |  -5.080507   3.975882    -1.28   0.201    -12.87657    2.715557
                         |
                  patron |     40.263   1.862464    21.62   0.000     36.61101    43.91499
                 singles |  -8.495772   1.709846    -4.97   0.000     -11.8485   -5.143038
                         |
          tax2020#patron |
                0#daily  |   4.472956   2.512099     1.78   0.075    -.4528646    9.398776
             1#nondaily  |          0  (omitted)
                1#daily  |          0  (omitted)
                         |
                   _cons |   35.09196   7.769552     4.52   0.000     19.85712    50.32679
------------------------------------------------------------------------------------------
resultados/encuesta/modelos1_3bpatron.rtf
resultados/encuesta/modelos1_3bpatron.xml
dir : seeout
note: 9.educ_gr2 omitted because of collinearity
note: 1.tax2020#0b.patron omitted because of collinearity
note: 1.tax2020#1.patron omitted because of collinearity

Fixed-effects (within) regression               Number of obs     =      2,741
Group variable: id_num                          Number of groups  =      1,994

R-sq:                                           Obs per group:
     within  = 0.1235                                         min =          1
     between = 0.2343                                         avg =        1.4
     overall = 0.2271                                         max =          2

                                                F(26,721)         =       3.91
corr(u_i, Xb)  = 0.1736                         Prob > F          =     0.0000

------------------------------------------------------------------------------------------
         consumo_semanal |      Coef.   Std. Err.      t    P>|t|     [95% Conf. Interval]
-------------------------+----------------------------------------------------------------
                 tax2020 |  -.0172092   1.211658    -0.01   0.989    -2.396008    2.361589
                    sexo |   4.997147    5.84252     0.86   0.393    -6.473237    16.46753
                         |
                edad_gr2 |
                  25-29  |  -4.134228   6.054369    -0.68   0.495    -16.02053    7.752069
                  30-34  |   7.714007   8.467728     0.91   0.363    -8.910342    24.33836
                  35-39  |   14.40787   9.492499     1.52   0.129    -4.228372    33.04411
                  40-44  |    11.4571   11.51951     0.99   0.320     -11.1587    34.07289
                  45-54  |   11.45437   14.01054     0.82   0.414    -16.05196    38.96069
                  55-64  |   10.42176   16.16059     0.64   0.519    -21.30567     42.1492
                    65+  |   13.59511   19.10464     0.71   0.477    -23.91226    51.10248
                         |
                educ_gr2 |
    Secundaria completa  |   .8868566   8.895874     0.10   0.921    -16.57805    18.35177
                Técnica  |  -9.392164    9.11581    -1.03   0.303    -27.28887    8.504538
           Preparatoria  |  -3.512315   9.078813    -0.39   0.699    -21.33638    14.31175
Licenciatura incompleta  |  -5.660362   9.675188    -0.59   0.559    -24.65527    13.33454
  Licenciatura completa  |  -3.565538   9.846906    -0.36   0.717    -22.89757    15.76649
               Posgrado  |  -9.645729   12.33969    -0.78   0.435    -33.87174    14.58028
                   Otro  |          0  (omitted)
                         |
                 gr_ingr |
          3,001 a 5 mil  |  -3.672595   4.828502    -0.76   0.447     -13.1522    5.807008
          5,001 a 8 mil  |   5.042705   4.571908     1.10   0.270    -3.933137    14.01855
         8,001 a 10 mil  |   10.38301   4.740386     2.19   0.029     1.076405    19.68962
        10,001 a 15 mil  |   9.437874   4.649957     2.03   0.043     .3088021    18.56695
        15,001 a 20 mil  |   12.95746   4.871396     2.66   0.008     3.393649    22.52128
        20,001 a 49,999  |   12.13993   5.037509     2.41   0.016     2.249989    22.02986
                50 mil+  |   17.19492   6.179252     2.78   0.006     5.063442     29.3264
                  No sé  |   10.61158   5.935883     1.79   0.074      -1.0421    22.26526
                         |
                  patron |   15.97694   2.194317     7.28   0.000     11.66892    20.28495
                 singles |  -1.775444   2.353555    -0.75   0.451    -6.396083    2.845195
                         |
          tax2020#patron |
                0#daily  |   .4953498   1.655911     0.30   0.765    -2.755634    3.746333
             1#nondaily  |          0  (omitted)
                1#daily  |          0  (omitted)
                         |
                   _cons |     11.042   12.40681     0.89   0.374    -13.31579    35.39978
-------------------------+----------------------------------------------------------------
                 sigma_u |  34.989295
                 sigma_e |  14.521693
                     rho |  .85305893   (fraction of variance due to u_i)
------------------------------------------------------------------------------------------
F test that all u_i=0: F(1993, 721) = 6.56                   Prob > F = 0.0000
resultados/encuesta/modelos1_3bpatron.rtf
resultados/encuesta/modelos1_3bpatron.xml
dir : seeout
note: 1.tax2020#0.patron omitted because of collinearity
note: 1.tax2020#1.patron omitted because of collinearity

Random-effects GLS regression                   Number of obs     =      2,741
Group variable: id_num                          Number of groups  =      1,994

R-sq:                                           Obs per group:
     within  = 0.0924                                         min =          1
     between = 0.3791                                         avg =        1.4
     overall = 0.3601                                         max =          2

                                                Wald chi2(27)     =    1119.88
corr(u_i, X)   = 0 (assumed)                    Prob > chi2       =     0.0000

------------------------------------------------------------------------------------------
         consumo_semanal |      Coef.   Std. Err.      z    P>|z|     [95% Conf. Interval]
-------------------------+----------------------------------------------------------------
                 tax2020 |   .0310927   1.089017     0.03   0.977    -2.103341    2.165527
                    sexo |  -2.612765   1.418438    -1.84   0.065    -5.392851    .1673221
                         |
                edad_gr2 |
                  25-29  |  -1.287199   2.378611    -0.54   0.588     -5.94919    3.374793
                  30-34  |    1.09077   2.480499     0.44   0.660    -3.770918    5.952458
                  35-39  |   2.964588   2.646615     1.12   0.263    -2.222683    8.151859
                  40-44  |   6.143142   2.923671     2.10   0.036     .4128532    11.87343
                  45-54  |   6.632254   2.569594     2.58   0.010     1.595942    11.66857
                  55-64  |    13.5954   3.024932     4.49   0.000     7.666643    19.52416
                    65+  |   19.31825   6.423384     3.01   0.003     6.728653    31.90785
                         |
                educ_gr2 |
    Secundaria completa  |  -23.64354   8.128957    -2.91   0.004      -39.576   -7.711078
                Técnica  |  -29.88545   8.083868    -3.70   0.000    -45.72954   -14.04136
           Preparatoria  |   -27.0222   7.970947    -3.39   0.001    -42.64497   -11.39943
Licenciatura incompleta  |  -27.80531   8.026482    -3.46   0.001    -43.53693   -12.07369
  Licenciatura completa  |  -24.48638   8.014403    -3.06   0.002    -40.19432   -8.778442
               Posgrado  |  -26.25247   8.661816    -3.03   0.002    -43.22931   -9.275619
                   Otro  |  -17.34377   10.15579    -1.71   0.088    -37.24875    2.561216
                         |
                 gr_ingr |
          3,001 a 5 mil  |   .2007223   3.206394     0.06   0.950    -6.083695     6.48514
          5,001 a 8 mil  |   2.353786   2.986014     0.79   0.431    -3.498693    8.206266
         8,001 a 10 mil  |   3.968612   2.945261     1.35   0.178    -1.803994    9.741218
        10,001 a 15 mil  |   3.204943   2.867225     1.12   0.264    -2.414714      8.8246
        15,001 a 20 mil  |   5.650027     2.9346     1.93   0.054     -.101684    11.40174
        20,001 a 49,999  |   5.532993   2.978969     1.86   0.063    -.3056799    11.37167
                50 mil+  |   16.21007   3.881214     4.18   0.000     8.603025    23.81711
                  No sé  |    .241928   3.665296     0.07   0.947     -6.94192    7.425776
                         |
                  patron |   33.06363   1.474918    22.42   0.000     30.17285    35.95442
                 singles |  -7.433498   1.514589    -4.91   0.000    -10.40204   -4.464958
                         |
          tax2020#patron |
                0#daily  |   2.081257    1.52182     1.37   0.171    -.9014557    5.063971
             1#nondaily  |          0  (omitted)
                1#daily  |          0  (omitted)
                         |
                   _cons |    37.0637   8.299225     4.47   0.000     20.79752    53.32989
-------------------------+----------------------------------------------------------------
                 sigma_u |  28.129102
                 sigma_e |  14.521693
                     rho |  .78956779   (fraction of variance due to u_i)
------------------------------------------------------------------------------------------
resultados/encuesta/modelos1_3bpatron.rtf
resultados/encuesta/modelos1_3bpatron.xml
dir : seeout

Breusch and Pagan Lagrangian multiplier test for random effects

        consumo_semanal[id_num,t] = Xb + u[id_num] + e[id_num,t]

        Estimated results:
                         |       Var     sd = sqrt(Var)
                ---------+-----------------------------
               consumo~l |    1676.21       40.94154
                       e |   210.8796       14.52169
                       u |   791.2464        28.1291

        Test:   Var(u) = 0
                             chibar2(01) =   588.57
                          Prob > chibar2 =   0.0000

                 ---- Coefficients ----
             |      (b)          (B)            (b-B)     sqrt(diag(V_b-V_B))
             |     fixed        random       Difference          S.E.
-------------+----------------------------------------------------------------
     tax2020 |   -.0172092     .0310927        -.048302        .6109577
        sexo |    4.997147    -2.612765        7.609911        5.851627
    edad_gr2 |
          2  |   -4.134228    -1.287199        -2.84703        5.768229
          3  |    7.714007      1.09077        6.623237        8.366569
          4  |    14.40787     2.964588        11.44328         9.41781
          5  |     11.4571     6.143142        5.313955        11.50595
          6  |    11.45437     6.632254        4.822113        14.20826
          7  |    10.42176      13.5954        -3.17364         16.3775
          8  |    13.59511     19.31825       -5.723143        18.61126
    educ_gr2 |
          2  |    .8868566    -23.64354         24.5304        4.238862
          3  |   -9.392164    -29.88545        20.49329        4.786045
          4  |   -3.512315     -27.0222        23.50988        4.899412
          5  |   -5.660362    -27.80531        22.14495        5.915603
          6  |   -3.565538    -24.48638        20.92084        6.224825
          7  |   -9.645729    -26.25247        16.60674        9.310789
     gr_ingr |
          2  |   -3.672595     .2007223       -3.873317        3.805311
          3  |    5.042705     2.353786        2.688919        3.644625
          4  |    10.38301     3.968612        6.414401          3.8976
          5  |    9.437874     3.204943        6.232932        3.839663
          6  |    12.95746     5.650027        7.307438         4.07325
          7  |    12.13993     5.532993        6.606934        4.251721
          8  |    17.19492     16.21007        .9848536        5.048666
         99  |    10.61158      .241928        10.36965        4.897654
      patron |    15.97694     33.06363        -17.0867        1.714196
     singles |   -1.775444    -7.433498        5.658054        1.894469
     tax2020#|
      patron |
        0 1  |    .4953498     2.081257       -1.585908         .772191
------------------------------------------------------------------------------
                           b = consistent under Ho and Ha; obtained from xtreg
            B = inconsistent under Ha, efficient under Ho; obtained from xtreg

    Test:  Ho:  difference in coefficients not systematic

                 chi2(26) = (b-B)'[(V_b-V_B)^(-1)](b-B)
                          =      245.93
                Prob>chi2 =      0.0000
note: 9.educ_gr2 omitted because of collinearity
note: 1.tax2020#0b.patron omitted because of collinearity
note: 1.tax2020#1.patron omitted because of collinearity

Fixed-effects (within) regression               Number of obs     =      1,494
Group variable: id_num                          Number of groups  =        747

R-sq:                                           Obs per group:
     within  = 0.1235                                         min =          2
     between = 0.2200                                         avg =        2.0
     overall = 0.2107                                         max =          2

                                                F(26,721)         =       3.91
corr(u_i, Xb)  = 0.1999                         Prob > F          =     0.0000

------------------------------------------------------------------------------------------
         consumo_semanal |      Coef.   Std. Err.      t    P>|t|     [95% Conf. Interval]
-------------------------+----------------------------------------------------------------
                 tax2020 |  -.0172092   1.211658    -0.01   0.989    -2.396008    2.361589
                    sexo |   4.997147    5.84252     0.86   0.393    -6.473237    16.46753
                         |
                edad_gr2 |
                  25-29  |  -4.134228   6.054369    -0.68   0.495    -16.02053    7.752069
                  30-34  |   7.714007   8.467728     0.91   0.363    -8.910342    24.33836
                  35-39  |   14.40787   9.492499     1.52   0.129    -4.228372    33.04411
                  40-44  |    11.4571   11.51951     0.99   0.320     -11.1587    34.07289
                  45-54  |   11.45437   14.01054     0.82   0.414    -16.05196    38.96069
                  55-64  |   10.42176   16.16059     0.64   0.519    -21.30567     42.1492
                    65+  |   13.59511   19.10464     0.71   0.477    -23.91226    51.10248
                         |
                educ_gr2 |
    Secundaria completa  |   .8868566   8.895874     0.10   0.921    -16.57805    18.35177
                Técnica  |  -9.392164    9.11581    -1.03   0.303    -27.28887    8.504538
           Preparatoria  |  -3.512315   9.078813    -0.39   0.699    -21.33638    14.31175
Licenciatura incompleta  |  -5.660362   9.675188    -0.59   0.559    -24.65527    13.33454
  Licenciatura completa  |  -3.565538   9.846906    -0.36   0.717    -22.89757    15.76649
               Posgrado  |  -9.645729   12.33969    -0.78   0.435    -33.87174    14.58028
                   Otro  |          0  (omitted)
                         |
                 gr_ingr |
          3,001 a 5 mil  |  -3.672595   4.828502    -0.76   0.447     -13.1522    5.807008
          5,001 a 8 mil  |   5.042705   4.571908     1.10   0.270    -3.933137    14.01855
         8,001 a 10 mil  |   10.38301   4.740386     2.19   0.029     1.076405    19.68962
        10,001 a 15 mil  |   9.437874   4.649957     2.03   0.043     .3088021    18.56695
        15,001 a 20 mil  |   12.95746   4.871396     2.66   0.008     3.393649    22.52128
        20,001 a 49,999  |   12.13993   5.037509     2.41   0.016     2.249989    22.02986
                50 mil+  |   17.19492   6.179252     2.78   0.006     5.063442     29.3264
                  No sé  |   10.61158   5.935883     1.79   0.074      -1.0421    22.26526
                         |
                  patron |   15.97694   2.194317     7.28   0.000     11.66892    20.28495
                 singles |  -1.775444   2.353555    -0.75   0.451    -6.396083    2.845195
                         |
          tax2020#patron |
                0#daily  |   .4953498   1.655911     0.30   0.765    -2.755634    3.746333
             1#nondaily  |          0  (omitted)
                1#daily  |          0  (omitted)
                         |
                   _cons |   12.25593   13.11052     0.93   0.350    -13.48343    37.99529
-------------------------+----------------------------------------------------------------
                 sigma_u |   37.72657
                 sigma_e |  14.521693
                     rho |  .87095644   (fraction of variance due to u_i)
------------------------------------------------------------------------------------------
F test that all u_i=0: F(746, 721) = 10.47                   Prob > F = 0.0000
resultados/encuesta/modelos1_3b.rtf
resultados/encuesta/modelos1_3b.xml
dir : seeout
note: 1.tax2020#0b.singles omitted because of collinearity
note: 1.tax2020#1.singles omitted because of collinearity

      Source |       SS           df       MS      Number of obs   =     2,741
-------------+----------------------------------   F(27, 2713)     =     57.98
       Model |  1680408.59        27  62237.3553   Prob > F        =    0.0000
    Residual |  2912405.66     2,713  1073.50006   R-squared       =    0.3659
-------------+----------------------------------   Adj R-squared   =    0.3596
       Total |  4592814.25     2,740  1676.20958   Root MSE        =    32.764

------------------------------------------------------------------------------------------
         consumo_semanal |      Coef.   Std. Err.      t    P>|t|     [95% Conf. Interval]
-------------------------+----------------------------------------------------------------
                 tax2020 |  -2.848331   1.398226    -2.04   0.042    -5.590026    -.106636
                    sexo |  -2.981577   1.282829    -2.32   0.020    -5.496998   -.4661559
                         |
                edad_gr2 |
                  25-29  |  -.4268383   2.376375    -0.18   0.857    -5.086526    4.232849
                  30-34  |   -1.08877    2.40648    -0.45   0.651    -5.807489     3.62995
                  35-39  |   .4164727   2.519838     0.17   0.869    -4.524523    5.357469
                  40-44  |   2.561922   2.741945     0.93   0.350    -2.814591    7.938434
                  45-54  |   3.631569   2.415355     1.50   0.133    -1.104552     8.36769
                  55-64  |   11.32962   2.802951     4.04   0.000     5.833488    16.82576
                    65+  |   19.46967    6.23939     3.12   0.002     7.235238    31.70411
                         |
                educ_gr2 |
    Secundaria completa  |   -22.9227   7.475842    -3.07   0.002    -37.58162   -8.263775
                Técnica  |  -26.37725   7.457817    -3.54   0.000    -41.00083   -11.75367
           Preparatoria  |  -25.67845   7.328204    -3.50   0.000    -40.04788   -11.30902
Licenciatura incompleta  |  -25.68767   7.397287    -3.47   0.001    -40.19256   -11.18278
  Licenciatura completa  |  -22.95924   7.379972    -3.11   0.002    -37.43017   -8.488305
               Posgrado  |  -23.50457   8.004796    -2.94   0.003    -39.20068   -7.808452
                   Otro  |  -10.94956   10.92994    -1.00   0.317    -32.38141    10.48229
                         |
                 gr_ingr |
          3,001 a 5 mil  |   2.835887   3.743541     0.76   0.449    -4.504593    10.17637
          5,001 a 8 mil  |   .7187119   3.426418     0.21   0.834    -5.999942    7.437365
         8,001 a 10 mil  |   1.606426    3.31429     0.48   0.628    -4.892362    8.105215
        10,001 a 15 mil  |   .8771467   3.233207     0.27   0.786    -5.462652    7.216945
        15,001 a 20 mil  |   2.612579   3.258677     0.80   0.423     -3.77716    9.002318
        20,001 a 49,999  |   2.337309    3.26374     0.72   0.474    -4.062358    8.736977
                50 mil+  |   20.63347   4.277635     4.82   0.000     12.24572    29.02123
                  No sé  |  -4.926141   3.976553    -1.24   0.216    -12.72352    2.871238
                         |
                  patron |   42.58303   1.341495    31.74   0.000     39.95257    45.21348
                 singles |   -6.90428   2.338585    -2.95   0.003    -11.48987   -2.318691
                         |
         tax2020#singles |
             0#sueltos   |  -3.136385   3.192011    -0.98   0.326    -9.395404    3.122634
            1#cajetilla  |          0  (omitted)
             1#sueltos   |          0  (omitted)
                         |
                   _cons |    36.7379   7.751321     4.74   0.000     21.53881    51.93699
------------------------------------------------------------------------------------------
resultados/encuesta/modelos1_3bsingles.rtf
resultados/encuesta/modelos1_3bsingles.xml
dir : seeout
note: 9.educ_gr2 omitted because of collinearity
note: 1.tax2020#0b.singles omitted because of collinearity
note: 1.tax2020#1.singles omitted because of collinearity

Fixed-effects (within) regression               Number of obs     =      2,741
Group variable: id_num                          Number of groups  =      1,994

R-sq:                                           Obs per group:
     within  = 0.1234                                         min =          1
     between = 0.2338                                         avg =        1.4
     overall = 0.2267                                         max =          2

                                                F(26,721)         =       3.90
corr(u_i, Xb)  = 0.1724                         Prob > F          =     0.0000

------------------------------------------------------------------------------------------
         consumo_semanal |      Coef.   Std. Err.      t    P>|t|     [95% Conf. Interval]
-------------------------+----------------------------------------------------------------
                 tax2020 |    -.29175    .845395    -0.35   0.730     -1.95148     1.36798
                    sexo |   4.942617    5.84316     0.85   0.398    -6.529024    16.41426
                         |
                edad_gr2 |
                  25-29  |  -4.050868   6.048375    -0.67   0.503     -15.9254    7.823663
                  30-34  |   7.800659   8.464376     0.92   0.357    -8.817109    24.41843
                  35-39  |   14.47592   9.491575     1.53   0.128     -4.15851    33.11034
                  40-44  |   11.60315   11.51759     1.01   0.314    -11.00887    34.21517
                  45-54  |   11.65127   13.99676     0.83   0.405    -15.82801    39.13055
                  55-64  |   10.45894   16.17132     0.65   0.518    -21.28956    42.20743
                    65+  |   13.74774     19.127     0.72   0.473    -23.80354    51.29901
                         |
                educ_gr2 |
    Secundaria completa  |   .8223205   8.917833     0.09   0.927     -16.6857    18.33034
                Técnica  |  -9.432128   9.156715    -1.03   0.303    -27.40914    8.544882
           Preparatoria  |  -3.556937   9.118217    -0.39   0.697    -21.45837    14.34449
Licenciatura incompleta  |  -5.682231   9.697452    -0.59   0.558    -24.72085    13.35639
  Licenciatura completa  |  -3.555498   9.881941    -0.36   0.719    -22.95631    15.84532
               Posgrado  |  -9.518552   12.36961    -0.77   0.442     -33.8033     14.7662
                   Otro  |          0  (omitted)
                         |
                 gr_ingr |
          3,001 a 5 mil  |   -3.65546   4.833437    -0.76   0.450    -13.14475    5.833832
          5,001 a 8 mil  |   5.100368   4.569073     1.12   0.265    -3.869909    14.07065
         8,001 a 10 mil  |   10.44925   4.736757     2.21   0.028     1.149766    19.74873
        10,001 a 15 mil  |   9.503005   4.646774     2.05   0.041     .3801821    18.62583
        15,001 a 20 mil  |   13.02383   4.866757     2.68   0.008     3.469119    22.57854
        20,001 a 49,999  |   12.19169   5.034948     2.42   0.016      2.30678     22.0766
                50 mil+  |   17.21393   6.181323     2.78   0.005      5.07839    29.34947
                  No sé  |   10.72409   5.924442     1.81   0.071    -.9071269    22.35531
                         |
                  patron |    16.2302   2.024173     8.02   0.000     12.25622    20.20417
                 singles |  -1.776437   2.656711    -0.67   0.504     -6.99225    3.439376
                         |
         tax2020#singles |
             0#sueltos   |   .0341861   2.485542     0.01   0.989    -4.845579    4.913951
            1#cajetilla  |          0  (omitted)
             1#sueltos   |          0  (omitted)
                         |
                   _cons |   11.07054   12.44052     0.89   0.374    -13.35344    35.49452
-------------------------+----------------------------------------------------------------
                 sigma_u |  34.991896
                 sigma_e |  14.522593
                     rho |  .85306205   (fraction of variance due to u_i)
------------------------------------------------------------------------------------------
F test that all u_i=0: F(1993, 721) = 6.57                   Prob > F = 0.0000
resultados/encuesta/modelos1_3bsingles.rtf
resultados/encuesta/modelos1_3bsingles.xml
dir : seeout
note: 1.tax2020#0.singles omitted because of collinearity
note: 1.tax2020#1.singles omitted because of collinearity

Random-effects GLS regression                   Number of obs     =      2,741
Group variable: id_num                          Number of groups  =      1,994

R-sq:                                           Obs per group:
     within  = 0.0921                                         min =          1
     between = 0.3784                                         avg =        1.4
     overall = 0.3596                                         max =          2

                                                Wald chi2(27)     =    1117.11
corr(u_i, X)   = 0 (assumed)                    Prob > chi2       =     0.0000

------------------------------------------------------------------------------------------
         consumo_semanal |      Coef.   Std. Err.      z    P>|z|     [95% Conf. Interval]
-------------------------+----------------------------------------------------------------
                 tax2020 |  -1.325589   .7917153    -1.67   0.094    -2.877323     .226144
                    sexo |  -2.601185   1.419194    -1.83   0.067    -5.382755    .1803841
                         |
                edad_gr2 |
                  25-29  |  -1.207639    2.38114    -0.51   0.612    -5.874587    3.459309
                  30-34  |   1.147988   2.482009     0.46   0.644    -3.716661    6.012637
                  35-39  |   2.944678   2.647791     1.11   0.266    -2.244897    8.134253
                  40-44  |   6.116331    2.92504     2.09   0.037     .3833576     11.8493
                  45-54  |   6.668401   2.570978     2.59   0.009     1.629376    11.70742
                  55-64  |   13.53209   3.026092     4.47   0.000     7.601058    19.46312
                    65+  |   19.53706    6.42841     3.04   0.002      6.93761    32.13651
                         |
                educ_gr2 |
    Secundaria completa  |  -23.81106   8.133821    -2.93   0.003    -39.75306   -7.869069
                Técnica  |  -30.04534   8.089215    -3.71   0.000    -45.89991   -14.19077
           Preparatoria  |  -27.17813   7.975791    -3.41   0.001    -42.81039   -11.54586
Licenciatura incompleta  |  -27.93218   8.031083    -3.48   0.001    -43.67281   -12.19154
  Licenciatura completa  |  -24.61806   8.019734    -3.07   0.002    -40.33645    -8.89967
               Posgrado  |  -26.29005   8.667409    -3.03   0.002    -43.27786   -9.302243
                   Otro  |  -17.14979   10.15974    -1.69   0.091    -37.06252     2.76293
                         |
                 gr_ingr |
          3,001 a 5 mil  |   .1349057   3.208616     0.04   0.966    -6.153867    6.423678
          5,001 a 8 mil  |   2.393469   2.986417     0.80   0.423    -3.459801     8.24674
         8,001 a 10 mil  |   3.971684   2.946232     1.35   0.178    -1.802825    9.746192
        10,001 a 15 mil  |   3.186096   2.868792     1.11   0.267    -2.436634    8.808825
        15,001 a 20 mil  |   5.678276   2.935107     1.93   0.053    -.0744277    11.43098
        20,001 a 49,999  |   5.506105   2.979702     1.85   0.065    -.3340036    11.34621
                50 mil+  |   16.18569    3.88153     4.17   0.000     8.578031    23.79335
                  No sé  |   .4213485   3.663256     0.12   0.908    -6.758502    7.601199
                         |
                  patron |   34.13567   1.249805    27.31   0.000      31.6861    36.58524
                 singles |  -6.636279   1.850402    -3.59   0.000      -10.263   -3.009559
                         |
         tax2020#singles |
             0#sueltos   |  -1.527458   2.133296    -0.72   0.474    -5.708641    2.653724
            1#cajetilla  |          0  (omitted)
             1#sueltos   |          0  (omitted)
                         |
                   _cons |   37.84281   8.296506     4.56   0.000     21.58196    54.10367
-------------------------+----------------------------------------------------------------
                 sigma_u |  28.174824
                 sigma_e |  14.522593
                     rho |  .79008644   (fraction of variance due to u_i)
------------------------------------------------------------------------------------------
resultados/encuesta/modelos1_3bsingles.rtf
resultados/encuesta/modelos1_3bsingles.xml
dir : seeout

Breusch and Pagan Lagrangian multiplier test for random effects

        consumo_semanal[id_num,t] = Xb + u[id_num] + e[id_num,t]

        Estimated results:
                         |       Var     sd = sqrt(Var)
                ---------+-----------------------------
               consumo~l |    1676.21       40.94154
                       e |   210.9057       14.52259
                       u |   793.8207       28.17482

        Test:   Var(u) = 0
                             chibar2(01) =   588.31
                          Prob > chibar2 =   0.0000

                 ---- Coefficients ----
             |      (b)          (B)            (b-B)     sqrt(diag(V_b-V_B))
             |     fixed        random       Difference          S.E.
-------------+----------------------------------------------------------------
     tax2020 |     -.29175    -1.325589        1.033839        .3621002
        sexo |    4.942617    -2.601185        7.543802        5.847558
    edad_gr2 |
          2  |   -4.050868    -1.207639       -2.843229        5.755535
          3  |    7.800659     1.147988        6.652672        8.355816
          4  |    14.47592     2.944678        11.53124        9.409006
          5  |    11.60315     6.116331        5.486817        11.49453
          6  |    11.65127     6.668401        4.982873        14.18279
          7  |    10.45894     13.53209        -3.07315        16.37605
          8  |    13.74774     19.53706       -5.789324        18.61855
    educ_gr2 |
          2  |    .8223205    -23.81106        24.63338        4.263792
          3  |   -9.432128    -30.04534        20.61321        4.845869
          4  |   -3.556937    -27.17813        23.62119        4.955653
          5  |   -5.682231    -27.93218        22.24995        5.935611
          6  |   -3.555498    -24.61806        21.06256        6.264532
          7  |   -9.518552    -26.29005         16.7715        9.334863
     gr_ingr |
          2  |    -3.65546     .1349057       -3.790366        3.805291
          3  |    5.100368     2.393469        2.706898        3.636029
          4  |    10.44925     3.971684        6.477565        3.887666
          5  |    9.503005     3.186096        6.316909         3.82999
          6  |    13.02383     5.678276        7.345551        4.062434
          7  |    12.19169     5.506105        6.685586        4.243316
          8  |    17.21393     16.18569        1.028241        5.045196
         99  |    10.72409     .4213485        10.30274        4.878828
      patron |     16.2302     34.13567       -17.90548        1.668274
     singles |   -1.776437    -6.636279        4.859842        2.015222
     tax2020#|
     singles |
        0 1  |    .0341861    -1.527458        1.561644        1.414467
------------------------------------------------------------------------------
                           b = consistent under Ho and Ha; obtained from xtreg
            B = inconsistent under Ha, efficient under Ho; obtained from xtreg

    Test:  Ho:  difference in coefficients not systematic

                 chi2(26) = (b-B)'[(V_b-V_B)^(-1)](b-B)
                          =      229.38
                Prob>chi2 =      0.0000
note: 9.educ_gr2 omitted because of collinearity
note: 1.tax2020#0b.singles omitted because of collinearity
note: 1.tax2020#1.singles omitted because of collinearity

Fixed-effects (within) regression               Number of obs     =      1,494
Group variable: id_num                          Number of groups  =        747

R-sq:                                           Obs per group:
     within  = 0.1234                                         min =          2
     between = 0.2197                                         avg =        2.0
     overall = 0.2104                                         max =          2

                                                F(26,721)         =       3.90
corr(u_i, Xb)  = 0.1992                         Prob > F          =     0.0000

------------------------------------------------------------------------------------------
         consumo_semanal |      Coef.   Std. Err.      t    P>|t|     [95% Conf. Interval]
-------------------------+----------------------------------------------------------------
                 tax2020 |    -.29175    .845395    -0.35   0.730     -1.95148     1.36798
                    sexo |   4.942617    5.84316     0.85   0.398    -6.529024    16.41426
                         |
                edad_gr2 |
                  25-29  |  -4.050868   6.048375    -0.67   0.503     -15.9254    7.823663
                  30-34  |   7.800659   8.464376     0.92   0.357    -8.817109    24.41843
                  35-39  |   14.47592   9.491575     1.53   0.128     -4.15851    33.11034
                  40-44  |   11.60315   11.51759     1.01   0.314    -11.00887    34.21517
                  45-54  |   11.65127   13.99676     0.83   0.405    -15.82801    39.13055
                  55-64  |   10.45894   16.17132     0.65   0.518    -21.28956    42.20743
                    65+  |   13.74774     19.127     0.72   0.473    -23.80354    51.29901
                         |
                educ_gr2 |
    Secundaria completa  |   .8223205   8.917833     0.09   0.927     -16.6857    18.33034
                Técnica  |  -9.432128   9.156715    -1.03   0.303    -27.40914    8.544882
           Preparatoria  |  -3.556937   9.118217    -0.39   0.697    -21.45837    14.34449
Licenciatura incompleta  |  -5.682231   9.697452    -0.59   0.558    -24.72085    13.35639
  Licenciatura completa  |  -3.555498   9.881941    -0.36   0.719    -22.95631    15.84532
               Posgrado  |  -9.518552   12.36961    -0.77   0.442     -33.8033     14.7662
                   Otro  |          0  (omitted)
                         |
                 gr_ingr |
          3,001 a 5 mil  |   -3.65546   4.833437    -0.76   0.450    -13.14475    5.833832
          5,001 a 8 mil  |   5.100368   4.569073     1.12   0.265    -3.869909    14.07065
         8,001 a 10 mil  |   10.44925   4.736757     2.21   0.028     1.149766    19.74873
        10,001 a 15 mil  |   9.503005   4.646774     2.05   0.041     .3801821    18.62583
        15,001 a 20 mil  |   13.02383   4.866757     2.68   0.008     3.469119    22.57854
        20,001 a 49,999  |   12.19169   5.034948     2.42   0.016      2.30678     22.0766
                50 mil+  |   17.21393   6.181323     2.78   0.005      5.07839    29.34947
                  No sé  |   10.72409   5.924442     1.81   0.071    -.9071269    22.35531
                         |
                  patron |    16.2302   2.024173     8.02   0.000     12.25622    20.20417
                 singles |  -1.776437   2.656711    -0.67   0.504     -6.99225    3.439376
                         |
         tax2020#singles |
             0#sueltos   |   .0341861   2.485542     0.01   0.989    -4.845579    4.913951
            1#cajetilla  |          0  (omitted)
             1#sueltos   |          0  (omitted)
                         |
                   _cons |   12.26772     13.143     0.93   0.351     -13.5354    38.07084
-------------------------+----------------------------------------------------------------
                 sigma_u |  37.727618
                 sigma_e |  14.522593
                     rho |  .87094877   (fraction of variance due to u_i)
------------------------------------------------------------------------------------------
F test that all u_i=0: F(746, 721) = 10.47                   Prob > F = 0.0000
resultados/encuesta/modelos1_3b.rtf
resultados/encuesta/modelos1_3b.xml
dir : seeout
note: 1.tax2020#2.tipo_cons omitted because of collinearity
note: 1.tax2020#3.tipo_cons omitted because of collinearity
note: 1.tax2020#4.tipo_cons omitted because of collinearity

      Source |       SS           df       MS      Number of obs   =     2,741
-------------+----------------------------------   F(30, 2710)     =     53.41
       Model |  1706627.15        30  56887.5718   Prob > F        =    0.0000
    Residual |   2886187.1     2,710  1065.01369   R-squared       =    0.3716
-------------+----------------------------------   Adj R-squared   =    0.3646
       Total |  4592814.25     2,740  1676.20958   Root MSE        =    32.635

------------------------------------------------------------------------------------------
         consumo_semanal |      Coef.   Std. Err.      t    P>|t|     [95% Conf. Interval]
-------------------------+----------------------------------------------------------------
                 tax2020 |  -20.67639   5.581323    -3.70   0.000    -31.62047   -9.732313
                    sexo |  -3.020436   1.277829    -2.36   0.018    -5.526054   -.5148182
                         |
                edad_gr2 |
                  25-29  |  -.6820251   2.369628    -0.29   0.774    -5.328485    3.964435
                  30-34  |  -1.601211   2.403324    -0.67   0.505    -6.313745    3.111323
                  35-39  |   .4391687   2.512839     0.17   0.861    -4.488106    5.366444
                  40-44  |   2.614075   2.732909     0.96   0.339    -2.744722    7.972871
                  45-54  |   3.312296   2.410265     1.37   0.169    -1.413848    8.038439
                  55-64  |   10.87945   2.796613     3.89   0.000     5.395744    16.36317
                    65+  |   19.83873   6.216541     3.19   0.001     7.649088    32.02837
                         |
                educ_gr2 |
    Secundaria completa  |  -22.64254   7.447997    -3.04   0.002    -37.24686   -8.038206
                Técnica  |  -26.01098   7.429184    -3.50   0.000    -40.57842   -11.44354
           Preparatoria  |  -25.72616   7.300209    -3.52   0.000     -40.0407   -11.41162
Licenciatura incompleta  |  -25.70165   7.369379    -3.49   0.000    -40.15182   -11.25148
  Licenciatura completa  |  -23.06849   7.351761    -3.14   0.002    -37.48411   -8.652862
               Posgrado  |  -23.57361   7.973421    -2.96   0.003    -39.20821   -7.939005
                   Otro  |  -10.79096   10.88721    -0.99   0.322    -32.13904    10.55712
                         |
                 gr_ingr |
          3,001 a 5 mil  |   2.131283   3.731544     0.57   0.568    -5.185676    9.448242
          5,001 a 8 mil  |   .1069765    3.41574     0.03   0.975    -6.590741    6.804694
         8,001 a 10 mil  |   .9676977   3.305745     0.29   0.770    -5.514339    7.449735
        10,001 a 15 mil  |   .5341945   3.221952     0.17   0.868    -5.783538    6.851927
        15,001 a 20 mil  |   2.243618   3.247115     0.69   0.490    -4.123454     8.61069
        20,001 a 49,999  |   1.861623   3.253871     0.57   0.567    -4.518696    8.241943
                50 mil+  |   20.42189   4.261532     4.79   0.000      12.0657    28.77807
                  No sé  |  -5.368675   3.962489    -1.35   0.176    -13.13848     2.40113
                         |
                  patron |   26.79058   5.237789     5.11   0.000     16.52012    37.06104
                 singles |  -4.140765   2.696507    -1.54   0.125    -9.428183    1.146652
                         |
       tax2020#tipo_cons |
        0#diario-suelto  |  -19.49448   5.173057    -3.77   0.000    -29.63801    -9.35094
 0#esporádico-cajetilla  |   -20.5931   5.578086    -3.69   0.000    -31.53084   -9.655371
    0#esporádico-suelto  |  -20.37996   7.164076    -2.84   0.004    -34.42757   -6.332357
     1#diario-cajetilla  |   15.69207   5.591335     2.81   0.005     4.728357    26.65578
        1#diario-suelto  |          0  (omitted)
 1#esporádico-cajetilla  |          0  (omitted)
    1#esporádico-suelto  |          0  (omitted)
                         |
                   _cons |   55.29103   9.296808     5.95   0.000     37.06148    73.52058
------------------------------------------------------------------------------------------
resultados/encuesta/modelos1_3btipo_cons.rtf
resultados/encuesta/modelos1_3btipo_cons.xml
dir : seeout
note: 9.educ_gr2 omitted because of collinearity
note: 1.tax2020#2.tipo_cons omitted because of collinearity
note: 1.tax2020#3.tipo_cons omitted because of collinearity
note: 1.tax2020#4.tipo_cons omitted because of collinearity

Fixed-effects (within) regression               Number of obs     =      2,741
Group variable: id_num                          Number of groups  =      1,994

R-sq:                                           Obs per group:
     within  = 0.1235                                         min =          1
     between = 0.2346                                         avg =        1.4
     overall = 0.2273                                         max =          2

                                                F(29,718)         =       3.49
corr(u_i, Xb)  = 0.1755                         Prob > F          =     0.0000

------------------------------------------------------------------------------------------
         consumo_semanal |      Coef.   Std. Err.      t    P>|t|     [95% Conf. Interval]
-------------------------+----------------------------------------------------------------
                 tax2020 |  -1.554621   5.746531    -0.27   0.787    -12.83663    9.727391
                    sexo |   4.958567   5.868611     0.84   0.398    -6.563122    16.48026
                         |
                edad_gr2 |
                  25-29  |  -4.172094   6.069459    -0.69   0.492     -16.0881    7.743914
                  30-34  |   7.693068   8.487036     0.91   0.365    -8.969305    24.35544
                  35-39  |   14.33343   9.525784     1.50   0.133     -4.36829    33.03515
                  40-44  |   11.37628   11.56208     0.98   0.325    -11.32324     34.0758
                  45-54  |   11.29238   14.12163     0.80   0.424    -16.43224    39.01701
                  55-64  |   10.18895   16.29924     0.63   0.532    -21.81091    42.18881
                    65+  |   13.34523   19.29607     0.69   0.489    -24.53822    51.22869
                         |
                educ_gr2 |
    Secundaria completa  |   .9920074   8.957314     0.11   0.912    -16.59365    18.57766
                Técnica  |  -9.236263   9.193715    -1.00   0.315    -27.28604    8.813514
           Preparatoria  |  -3.364154   9.157885    -0.37   0.713    -21.34359    14.61528
Licenciatura incompleta  |  -5.571139   9.724258    -0.57   0.567    -24.66252    13.52024
  Licenciatura completa  |  -3.452202   9.908421    -0.35   0.728    -22.90514    16.00074
               Posgrado  |  -9.549668   12.39686    -0.77   0.441     -33.8881    14.78876
                   Otro  |          0  (omitted)
                         |
                 gr_ingr |
          3,001 a 5 mil  |  -3.681252   4.846933    -0.76   0.448    -13.19711    5.834604
          5,001 a 8 mil  |   4.995203   4.589165     1.09   0.277    -4.014584    14.00499
         8,001 a 10 mil  |   10.36967   4.751414     2.18   0.029     1.041345      19.698
        10,001 a 15 mil  |   9.383799   4.672678     2.01   0.045     .2100546    18.55754
        15,001 a 20 mil  |   12.89163   4.892773     2.63   0.009     3.285782    22.49749
        20,001 a 49,999  |   12.10039   5.050915     2.40   0.017     2.184064    22.01672
                50 mil+  |   17.16702   6.198257     2.77   0.006     4.998143    29.33589
                  No sé  |   10.58931   5.956555     1.78   0.076     -1.10504    22.28365
                         |
                  patron |    14.9387    5.75567     2.60   0.010     3.638741    26.23865
                 singles |  -1.651932   3.124103    -0.53   0.597    -7.785399    4.481536
                         |
       tax2020#tipo_cons |
        0#diario-suelto  |  -.2031925   5.546964    -0.04   0.971     -11.0934    10.68701
 0#esporádico-cajetilla  |  -1.578192   5.716233    -0.28   0.783    -12.80072    9.644336
    0#esporádico-suelto  |  -1.413557   6.801596    -0.21   0.835    -14.76695    11.93984
     1#diario-cajetilla  |   1.084671   5.792495     0.19   0.852    -10.28758    12.45692
        1#diario-suelto  |          0  (omitted)
 1#esporádico-cajetilla  |          0  (omitted)
    1#esporádico-suelto  |          0  (omitted)
                         |
                   _cons |   12.58828   13.91193     0.90   0.366    -14.72464     39.9012
-------------------------+----------------------------------------------------------------
                 sigma_u |  34.995934
                 sigma_e |  14.551485
                     rho |   .8525921   (fraction of variance due to u_i)
------------------------------------------------------------------------------------------
F test that all u_i=0: F(1993, 718) = 6.48                   Prob > F = 0.0000
resultados/encuesta/modelos1_3btipo_cons.rtf
resultados/encuesta/modelos1_3btipo_cons.xml
dir : seeout
note: 1.tax2020#2.tipo_cons omitted because of collinearity
note: 1.tax2020#3.tipo_cons omitted because of collinearity
note: 1.tax2020#4.tipo_cons omitted because of collinearity

Random-effects GLS regression                   Number of obs     =      2,741
Group variable: id_num                          Number of groups  =      1,994

R-sq:                                           Obs per group:
     within  = 0.0917                                         min =          1
     between = 0.3846                                         avg =        1.4
     overall = 0.3643                                         max =          2

                                                Wald chi2(30)     =    1133.40
corr(u_i, X)   = 0 (assumed)                    Prob > chi2       =     0.0000

------------------------------------------------------------------------------------------
         consumo_semanal |      Coef.   Std. Err.      z    P>|z|     [95% Conf. Interval]
-------------------------+----------------------------------------------------------------
                 tax2020 |   -9.98924   4.290367    -2.33   0.020     -18.3982   -1.580275
                    sexo |  -2.647565   1.415199    -1.87   0.061    -5.421304    .1261735
                         |
                edad_gr2 |
                  25-29  |  -1.330014   2.378517    -0.56   0.576    -5.991821    3.331794
                  30-34  |   .9311431   2.480189     0.38   0.707    -3.929938    5.792224
                  35-39  |   2.855102   2.644086     1.08   0.280    -2.327212    8.037415
                  40-44  |   6.147429   2.918273     2.11   0.035     .4277179    11.86714
                  45-54  |   6.448677   2.567513     2.51   0.012     1.416444    11.48091
                  55-64  |   13.34359   3.021385     4.42   0.000     7.421786     19.2654
                    65+  |   19.37107   6.423089     3.02   0.003     6.782045    31.96009
                         |
                educ_gr2 |
    Secundaria completa  |  -23.62491   8.108499    -2.91   0.004    -39.51727   -7.732543
                Técnica  |  -29.73714   8.064248    -3.69   0.000    -45.54277    -13.9315
           Preparatoria  |  -27.06803   7.950657    -3.40   0.001    -42.65103   -11.48502
Licenciatura incompleta  |  -27.85123    8.00563    -3.48   0.001    -43.54197   -12.16048
  Licenciatura completa  |  -24.55585   7.994324    -3.07   0.002    -40.22444   -8.887265
               Posgrado  |  -26.33326   8.641431    -3.05   0.002    -43.27015   -9.396363
                   Otro  |  -17.09604   10.14694    -1.68   0.092    -36.98367    2.791593
                         |
                 gr_ingr |
          3,001 a 5 mil  |  -.0790916    3.21219    -0.02   0.980    -6.374868    6.216685
          5,001 a 8 mil  |   2.070571   2.989607     0.69   0.489    -3.788952    7.930093
         8,001 a 10 mil  |   3.766609   2.947662     1.28   0.201    -2.010703    9.543921
        10,001 a 15 mil  |   2.959253   2.871178     1.03   0.303    -2.668152    8.586658
        15,001 a 20 mil  |    5.40132   2.936484     1.84   0.066    -.3540835    11.15672
        20,001 a 49,999  |   5.271619   2.980404     1.77   0.077    -.5698663     11.1131
                50 mil+  |    16.2891   3.882358     4.20   0.000     8.679814    23.89838
                  No sé  |   .1949945   3.665539     0.05   0.958     -6.98933    7.379319
                         |
                  patron |    26.4071    4.09953     6.44   0.000     18.37217    34.44204
                 singles |     -5.273   2.155094    -2.45   0.014    -9.496906   -1.049094
                         |
       tax2020#tipo_cons |
        0#diario-suelto  |  -9.000867   4.041443    -2.23   0.026    -16.92195   -1.079784
 0#esporádico-cajetilla  |  -9.930426   4.267714    -2.33   0.020    -18.29499    -1.56586
    0#esporádico-suelto  |  -10.01373   5.290119    -1.89   0.058    -20.38217    .3547166
     1#diario-cajetilla  |   7.812752   4.321505     1.81   0.071    -.6572422    16.28275
        1#diario-suelto  |          0  (omitted)
 1#esporádico-cajetilla  |          0  (omitted)
    1#esporádico-suelto  |          0  (omitted)
                         |
                   _cons |   46.76212   9.191881     5.09   0.000     28.74637    64.77788
-------------------------+----------------------------------------------------------------
                 sigma_u |  27.919582
                 sigma_e |  14.551485
                     rho |   .7863849   (fraction of variance due to u_i)
------------------------------------------------------------------------------------------
resultados/encuesta/modelos1_3btipo_cons.rtf
resultados/encuesta/modelos1_3btipo_cons.xml
dir : seeout

Breusch and Pagan Lagrangian multiplier test for random effects

        consumo_semanal[id_num,t] = Xb + u[id_num] + e[id_num,t]

        Estimated results:
                         |       Var     sd = sqrt(Var)
                ---------+-----------------------------
               consumo~l |    1676.21       40.94154
                       e |   211.7457       14.55148
                       u |   779.5031       27.91958

        Test:   Var(u) = 0
                             chibar2(01) =   581.64
                          Prob > chibar2 =   0.0000

                 ---- Coefficients ----
             |      (b)          (B)            (b-B)     sqrt(diag(V_b-V_B))
             |     fixed        random       Difference          S.E.
-------------+----------------------------------------------------------------
     tax2020 |   -1.554621     -9.98924        8.434619        4.107187
        sexo |    4.958567    -2.647565        7.606132        5.898152
    edad_gr2 |
          2  |   -4.172094    -1.330014       -2.842081        5.804741
          3  |    7.693068     .9311431        6.761925        8.413923
          4  |    14.33343     2.855102        11.47833        9.483772
          5  |    11.37628     6.147429        5.228851        11.58828
          6  |    11.29238     6.448677        4.843708        14.36794
          7  |    10.18895     13.34359       -3.154644        16.57307
          8  |    13.34523     19.37107       -6.025837          18.881
    educ_gr2 |
          2  |    .9920074    -23.62491        24.61692        4.467799
          3  |   -9.236263    -29.73714        20.50087        5.025997
          4  |   -3.364154    -27.06803        23.70387        5.135891
          5  |   -5.571139    -27.85123        22.28009        6.076543
          6  |   -3.452202    -24.55585        21.10365        6.400596
          7  |   -9.549668    -26.33326        16.78359        9.460227
     gr_ingr |
          2  |   -3.681252    -.0790916        -3.60216        3.844198
          3  |    4.995203     2.070571        2.924632        3.682384
          4  |    10.36967     3.766609        6.603062        3.927838
          5  |    9.383799     2.959253        6.424546        3.883337
          6  |    12.89163      5.40132        7.490314         4.11704
          7  |    12.10039     5.271619        6.828773        4.286021
          8  |    17.16702      16.2891        .8779205        5.095835
         99  |    10.58931     .1949945        10.39431        4.946285
      patron |     14.9387      26.4071       -11.46841        4.310729
     singles |   -1.651932       -5.273        3.621068        2.404508
     tax2020#|
   tipo_cons |
        0 2  |   -.2031925    -9.000867        8.797674        4.066369
        0 3  |   -1.578192    -9.930426        8.352234        4.085566
        0 4  |   -1.413557    -10.01373        8.600168         4.62963
        1 1  |    1.084671     7.812752       -6.728081        4.143356
------------------------------------------------------------------------------
                           b = consistent under Ho and Ha; obtained from xtreg
            B = inconsistent under Ha, efficient under Ho; obtained from xtreg

    Test:  Ho:  difference in coefficients not systematic

                 chi2(29) = (b-B)'[(V_b-V_B)^(-1)](b-B)
                          =      254.11
                Prob>chi2 =      0.0000
note: 9.educ_gr2 omitted because of collinearity
note: 1.tax2020#2.tipo_cons omitted because of collinearity
note: 1.tax2020#3.tipo_cons omitted because of collinearity
note: 1.tax2020#4.tipo_cons omitted because of collinearity

Fixed-effects (within) regression               Number of obs     =      1,494
Group variable: id_num                          Number of groups  =        747

R-sq:                                           Obs per group:
     within  = 0.1235                                         min =          2
     between = 0.2200                                         avg =        2.0
     overall = 0.2107                                         max =          2

                                                F(29,718)         =       3.49
corr(u_i, Xb)  = 0.2010                         Prob > F          =     0.0000

------------------------------------------------------------------------------------------
         consumo_semanal |      Coef.   Std. Err.      t    P>|t|     [95% Conf. Interval]
-------------------------+----------------------------------------------------------------
                 tax2020 |  -1.554621   5.746531    -0.27   0.787    -12.83663    9.727391
                    sexo |   4.958567   5.868611     0.84   0.398    -6.563122    16.48026
                         |
                edad_gr2 |
                  25-29  |  -4.172094   6.069459    -0.69   0.492     -16.0881    7.743914
                  30-34  |   7.693068   8.487036     0.91   0.365    -8.969305    24.35544
                  35-39  |   14.33343   9.525784     1.50   0.133     -4.36829    33.03515
                  40-44  |   11.37628   11.56208     0.98   0.325    -11.32324     34.0758
                  45-54  |   11.29238   14.12163     0.80   0.424    -16.43224    39.01701
                  55-64  |   10.18895   16.29924     0.63   0.532    -21.81091    42.18881
                    65+  |   13.34523   19.29607     0.69   0.489    -24.53822    51.22869
                         |
                educ_gr2 |
    Secundaria completa  |   .9920074   8.957314     0.11   0.912    -16.59365    18.57766
                Técnica  |  -9.236263   9.193715    -1.00   0.315    -27.28604    8.813514
           Preparatoria  |  -3.364154   9.157885    -0.37   0.713    -21.34359    14.61528
Licenciatura incompleta  |  -5.571139   9.724258    -0.57   0.567    -24.66252    13.52024
  Licenciatura completa  |  -3.452202   9.908421    -0.35   0.728    -22.90514    16.00074
               Posgrado  |  -9.549668   12.39686    -0.77   0.441     -33.8881    14.78876
                   Otro  |          0  (omitted)
                         |
                 gr_ingr |
          3,001 a 5 mil  |  -3.681252   4.846933    -0.76   0.448    -13.19711    5.834604
          5,001 a 8 mil  |   4.995203   4.589165     1.09   0.277    -4.014584    14.00499
         8,001 a 10 mil  |   10.36967   4.751414     2.18   0.029     1.041345      19.698
        10,001 a 15 mil  |   9.383799   4.672678     2.01   0.045     .2100546    18.55754
        15,001 a 20 mil  |   12.89163   4.892773     2.63   0.009     3.285782    22.49749
        20,001 a 49,999  |   12.10039   5.050915     2.40   0.017     2.184064    22.01672
                50 mil+  |   17.16702   6.198257     2.77   0.006     4.998143    29.33589
                  No sé  |   10.58931   5.956555     1.78   0.076     -1.10504    22.28365
                         |
                  patron |    14.9387    5.75567     2.60   0.010     3.638741    26.23865
                 singles |  -1.651932   3.124103    -0.53   0.597    -7.785399    4.481536
                         |
       tax2020#tipo_cons |
        0#diario-suelto  |  -.2031925   5.546964    -0.04   0.971     -11.0934    10.68701
 0#esporádico-cajetilla  |  -1.578192   5.716233    -0.28   0.783    -12.80072    9.644336
    0#esporádico-suelto  |  -1.413557   6.801596    -0.21   0.835    -14.76695    11.93984
     1#diario-cajetilla  |   1.084671   5.792495     0.19   0.852    -10.28758    12.45692
        1#diario-suelto  |          0  (omitted)
 1#esporádico-cajetilla  |          0  (omitted)
    1#esporádico-suelto  |          0  (omitted)
                         |
                   _cons |   13.81803   14.58905     0.95   0.344    -14.82425    42.46032
-------------------------+----------------------------------------------------------------
                 sigma_u |  37.736193
                 sigma_e |  14.551485
                     rho |  .87055256   (fraction of variance due to u_i)
------------------------------------------------------------------------------------------
F test that all u_i=0: F(746, 718) = 10.38                   Prob > F = 0.0000
resultados/encuesta/modelos1_3b.rtf
resultados/encuesta/modelos1_3b.xml
dir : seeout
note: 1.tax2020#0b.sexo omitted because of collinearity
note: 1.tax2020#1.sexo omitted because of collinearity

      Source |       SS           df       MS      Number of obs   =     2,741
-------------+----------------------------------   F(27, 2713)     =     57.93
       Model |  1679480.78        27  62202.9917   Prob > F        =    0.0000
    Residual |  2913333.48     2,713  1073.84205   R-squared       =    0.3657
-------------+----------------------------------   Adj R-squared   =    0.3594
       Total |  4592814.25     2,740  1676.20958   Root MSE        =     32.77

------------------------------------------------------------------------------------------
         consumo_semanal |      Coef.   Std. Err.      t    P>|t|     [95% Conf. Interval]
-------------------------+----------------------------------------------------------------
                 tax2020 |  -1.871596   1.727932    -1.08   0.279    -5.259792    1.516599
                    sexo |  -3.377949   1.804241    -1.87   0.061    -6.915776     .159877
                         |
                edad_gr2 |
                  25-29  |  -.5238521   2.374521    -0.22   0.825    -5.179905      4.1322
                  30-34  |  -1.127837   2.407317    -0.47   0.639    -5.848199    3.592524
                  35-39  |    .393248   2.520546     0.16   0.876    -4.549136    5.335632
                  40-44  |     2.5664    2.74248     0.94   0.349    -2.811161     7.94396
                  45-54  |   3.593845   2.416027     1.49   0.137    -1.143593    8.331284
                  55-64  |   11.27417   2.803039     4.02   0.000      5.77786    16.77047
                    65+  |   19.34917   6.239046     3.10   0.002     7.115409    31.58294
                         |
                educ_gr2 |
    Secundaria completa  |  -22.77821    7.47596    -3.05   0.002    -37.43736   -8.119053
                Técnica  |   -26.2731   7.458165    -3.52   0.000    -40.89736   -11.64884
           Preparatoria  |   -25.6159   7.329101    -3.50   0.000    -39.98709   -11.24472
Licenciatura incompleta  |  -25.59872   7.398039    -3.46   0.001    -40.10508   -11.09236
  Licenciatura completa  |  -22.86919   7.380533    -3.10   0.002    -37.34123   -8.397156
               Posgrado  |  -23.39074   8.005189    -2.92   0.004    -39.08763   -7.693858
                   Otro  |  -10.78296    10.9321    -0.99   0.324    -32.21903    10.65312
                         |
                 gr_ingr |
          3,001 a 5 mil  |   2.945745   3.744593     0.79   0.432    -4.396799    10.28829
          5,001 a 8 mil  |   .8373943   3.426295     0.24   0.807    -5.881018    7.555806
         8,001 a 10 mil  |   1.693005   3.313885     0.51   0.609     -4.80499    8.190999
        10,001 a 15 mil  |   .9858535   3.232993     0.30   0.760    -5.353524    7.325231
        15,001 a 20 mil  |   2.707918     3.2584     0.83   0.406    -3.681279    9.097115
        20,001 a 49,999  |   2.413907   3.263506     0.74   0.460    -3.985302    8.813116
                50 mil+  |   20.69245   4.278207     4.84   0.000     12.30358    29.08133
                  No sé  |  -4.914282   3.977366    -1.24   0.217    -12.71326     2.88469
                         |
                  patron |    42.5561   1.341849    31.71   0.000     39.92495    45.18725
                 singles |  -8.474379   1.710786    -4.95   0.000    -11.82896   -5.119803
                         |
            tax2020#sexo |
             0#Femenino  |   .8001446   2.516135     0.32   0.751     -4.13359    5.733879
            1#Masculino  |          0  (omitted)
             1#Femenino  |          0  (omitted)
                         |
                   _cons |   36.13744   7.768962     4.65   0.000     20.90376    51.37112
------------------------------------------------------------------------------------------
resultados/encuesta/modelos1_3bsexo.rtf
resultados/encuesta/modelos1_3bsexo.xml
dir : seeout
note: 9.educ_gr2 omitted because of collinearity
note: 1.tax2020#0b.sexo omitted because of collinearity
note: 1.tax2020#1.sexo omitted because of collinearity

Fixed-effects (within) regression               Number of obs     =      2,741
Group variable: id_num                          Number of groups  =      1,994

R-sq:                                           Obs per group:
     within  = 0.1238                                         min =          1
     between = 0.2325                                         avg =        1.4
     overall = 0.2254                                         max =          2

                                                F(26,721)         =       3.92
corr(u_i, Xb)  = 0.1710                         Prob > F          =     0.0000

------------------------------------------------------------------------------------------
         consumo_semanal |      Coef.   Std. Err.      t    P>|t|     [95% Conf. Interval]
-------------------------+----------------------------------------------------------------
                 tax2020 |   .1557041   1.059428     0.15   0.883    -1.924228    2.235636
                    sexo |    4.47562    5.88709     0.76   0.447    -7.082266    16.03351
                         |
                edad_gr2 |
                  25-29  |  -3.916414   6.050425    -0.65   0.518    -15.79497    7.962142
                  30-34  |   7.773911   8.461303     0.92   0.359    -8.837824    24.38565
                  35-39  |   14.67721   9.493557     1.55   0.123    -3.961111    33.31553
                  40-44  |   11.77203   11.51094     1.02   0.307    -10.82693      34.371
                  45-54  |   11.50152   13.99445     0.82   0.411    -15.97321    38.97626
                  55-64  |   10.25495   16.16011     0.63   0.526    -21.47155    41.98144
                    65+  |   13.72237   19.09261     0.72   0.473    -23.76137    51.20612
                         |
                educ_gr2 |
    Secundaria completa  |   1.169966    8.90902     0.13   0.896    -16.32075    18.66069
                Técnica  |  -9.294543   9.115422    -1.02   0.308    -27.19048    8.601397
           Preparatoria  |  -3.272329   9.087417    -0.36   0.719    -21.11329    14.56863
Licenciatura incompleta  |  -5.394865   9.684307    -0.56   0.578    -24.40767    13.61794
  Licenciatura completa  |  -3.348896   9.851067    -0.34   0.734     -22.6891    15.99131
               Posgrado  |  -9.251395   12.33938    -0.75   0.454     -33.4768    14.97401
                   Otro  |          0  (omitted)
                         |
                 gr_ingr |
          3,001 a 5 mil  |  -3.470639   4.836659    -0.72   0.473    -12.96626    6.024978
          5,001 a 8 mil  |   5.288905   4.577183     1.16   0.248    -3.697295     14.2751
         8,001 a 10 mil  |   10.59896   4.740638     2.24   0.026     1.291857    19.90607
        10,001 a 15 mil  |   9.713425   4.656565     2.09   0.037     .5713775    18.85547
        15,001 a 20 mil  |   13.30206    4.88586     2.72   0.007     3.709849    22.89427
        20,001 a 49,999  |   12.41475   5.046064     2.46   0.014     2.508021    22.32149
                50 mil+  |   17.45765   6.189697     2.82   0.005     5.305667    29.60963
                  No sé  |   10.81836    5.92474     1.83   0.068    -.8134449    22.45016
                         |
                  patron |   16.18685   2.024371     8.00   0.000     12.21249    20.16122
                 singles |  -1.732475    2.35286    -0.74   0.462     -6.35175      2.8868
                         |
            tax2020#sexo |
             0#Femenino  |   .9642543   1.546672     0.62   0.533    -2.072265    4.000774
            1#Masculino  |          0  (omitted)
             1#Femenino  |          0  (omitted)
                         |
                   _cons |   10.40449   12.45115     0.84   0.404    -14.04034    34.84933
-------------------------+----------------------------------------------------------------
                 sigma_u |  35.014718
                 sigma_e |  14.518682
                     rho |  .85329287   (fraction of variance due to u_i)
------------------------------------------------------------------------------------------
F test that all u_i=0: F(1993, 721) = 6.58                   Prob > F = 0.0000
resultados/encuesta/modelos1_3bsexo.rtf
resultados/encuesta/modelos1_3bsexo.xml
dir : seeout
note: 1.tax2020#0.sexo omitted because of collinearity
note: 1.tax2020#1.sexo omitted because of collinearity

Random-effects GLS regression                   Number of obs     =      2,741
Group variable: id_num                          Number of groups  =      1,994

R-sq:                                           Obs per group:
     within  = 0.0924                                         min =          1
     between = 0.3781                                         avg =        1.4
     overall = 0.3594                                         max =          2

                                                Wald chi2(27)     =    1116.06
corr(u_i, X)   = 0 (assumed)                    Prob > chi2       =     0.0000

------------------------------------------------------------------------------------------
         consumo_semanal |      Coef.   Std. Err.      z    P>|z|     [95% Conf. Interval]
-------------------------+----------------------------------------------------------------
                 tax2020 |  -.8645958   .9894233    -0.87   0.382     -2.80383    1.074638
                    sexo |  -2.841054   1.595189    -1.78   0.075    -5.967567     .285458
                         |
                edad_gr2 |
                  25-29  |  -1.253097   2.380559    -0.53   0.599    -5.918907    3.412712
                  30-34  |   1.126047   2.482187     0.45   0.650     -3.73895    5.991044
                  35-39  |   2.944578   2.649188     1.11   0.266    -2.247735     8.13689
                  40-44  |   6.146819    2.92591     2.10   0.036     .4121409     11.8815
                  45-54  |   6.670942   2.572031     2.59   0.009     1.629853    11.71203
                  55-64  |   13.49316   3.026068     4.46   0.000     7.562178    19.42415
                    65+  |   19.42198   6.426547     3.02   0.003     6.826179    32.01778
                         |
                educ_gr2 |
    Secundaria completa  |  -23.74187   8.135418    -2.92   0.004      -39.687   -7.796747
                Técnica  |  -29.99753   8.091041    -3.71   0.000    -45.85568   -14.13938
           Preparatoria  |  -27.12651   7.977433    -3.40   0.001    -42.76199   -11.49103
Licenciatura incompleta  |  -27.90109   8.032977    -3.47   0.001    -43.64544   -12.15674
  Licenciatura completa  |  -24.56459   8.021362    -3.06   0.002    -40.28617   -8.843008
               Posgrado  |  -26.21537   8.668627    -3.02   0.002    -43.20556    -9.22517
                   Otro  |   -17.3687   10.16541    -1.71   0.088    -37.29255    2.555143
                         |
                 gr_ingr |
          3,001 a 5 mil  |   .2654941   3.209999     0.08   0.934    -6.025988    6.556976
          5,001 a 8 mil  |   2.489214   2.987826     0.83   0.405    -3.366817    8.345245
         8,001 a 10 mil  |   4.045762   2.945914     1.37   0.170    -1.728123    9.819646
        10,001 a 15 mil  |   3.291376   2.869704     1.15   0.251     -2.33314    8.915892
        15,001 a 20 mil  |   5.767378   2.938486     1.96   0.050     .0080506    11.52671
        20,001 a 49,999  |   5.571646   2.981123     1.87   0.062    -.2712468    11.41454
                50 mil+  |   16.20932   3.883157     4.17   0.000     8.598475    23.82017
                  No sé  |   .4641798   3.663625     0.13   0.899    -6.716393    7.644753
                         |
                  patron |   34.09945   1.250026    27.28   0.000     31.64944    36.54946
                 singles |  -7.392668   1.514522    -4.88   0.000    -10.36108    -4.42426
                         |
            tax2020#sexo |
             0#Femenino  |   .4712435   1.448265     0.33   0.745    -2.367303     3.30979
            1#Masculino  |          0  (omitted)
             1#Femenino  |          0  (omitted)
                         |
                   _cons |   37.52393    8.30516     4.52   0.000     21.24612    53.80174
-------------------------+----------------------------------------------------------------
                 sigma_u |  28.191308
                 sigma_e |  14.518682
                     rho |  .79036964   (fraction of variance due to u_i)
------------------------------------------------------------------------------------------
resultados/encuesta/modelos1_3bsexo.rtf
resultados/encuesta/modelos1_3bsexo.xml
dir : seeout

Breusch and Pagan Lagrangian multiplier test for random effects

        consumo_semanal[id_num,t] = Xb + u[id_num] + e[id_num,t]

        Estimated results:
                         |       Var     sd = sqrt(Var)
                ---------+-----------------------------
               consumo~l |    1676.21       40.94154
                       e |   210.7921       14.51868
                       u |   794.7498       28.19131

        Test:   Var(u) = 0
                             chibar2(01) =   588.19
                          Prob > chibar2 =   0.0000

                 ---- Coefficients ----
             |      (b)          (B)            (b-B)     sqrt(diag(V_b-V_B))
             |     fixed        random       Difference          S.E.
-------------+----------------------------------------------------------------
     tax2020 |    .1557041    -.8645958          1.0203        .4592886
        sexo |     4.47562    -2.841054        7.316674        5.847909
    edad_gr2 |
          2  |   -3.916414    -1.253097       -2.663316        5.756971
          3  |    7.773911     1.126047        6.647864        8.350994
          4  |    14.67721     2.944578        11.73263        9.409094
          5  |    11.77203     6.146819        5.625214        11.48527
          6  |    11.50152     6.670942        4.830583        14.17781
          7  |    10.25495     13.49316       -3.238214        16.36159
          8  |    13.72237     19.42198       -5.699605        18.57836
    educ_gr2 |
          2  |    1.169966    -23.74187        24.91184        4.237941
          3  |   -9.294543    -29.99753        20.70298          4.7565
          4  |   -3.272329    -27.12651        23.85419        4.889722
          5  |   -5.394865    -27.90109        22.50622        5.907516
          6  |   -3.348896    -24.56459        21.21569        6.207971
          7  |   -9.251395    -26.21537        16.96397        9.288401
     gr_ingr |
          2  |   -3.470639     .2654941       -3.736133        3.807413
          3  |    5.288905     2.489214        2.799691        3.644693
          4  |    10.59896     4.045762          6.5532        3.891933
          5  |    9.713425     3.291376        6.422049        3.840934
          6  |    13.30206     5.767378        7.534682        4.083248
          7  |    12.41475     5.571646        6.843108        4.255276
          8  |    17.45765     16.20932        1.248328        5.053525
         99  |    10.81836     .4641798        10.35418        4.877703
      patron |    16.18685     34.09945        -17.9126        1.667943
     singles |   -1.732475    -7.392668        5.660193        1.890817
tax2020#sexo |
        0 1  |    .9642543     .4712435        .4930107        .6622893
------------------------------------------------------------------------------
                           b = consistent under Ho and Ha; obtained from xtreg
            B = inconsistent under Ha, efficient under Ho; obtained from xtreg

    Test:  Ho:  difference in coefficients not systematic

                 chi2(26) = (b-B)'[(V_b-V_B)^(-1)](b-B)
                          =      246.41
                Prob>chi2 =      0.0000
note: 9.educ_gr2 omitted because of collinearity
note: 1.tax2020#0b.sexo omitted because of collinearity
note: 1.tax2020#1.sexo omitted because of collinearity

Fixed-effects (within) regression               Number of obs     =      1,494
Group variable: id_num                          Number of groups  =        747

R-sq:                                           Obs per group:
     within  = 0.1238                                         min =          2
     between = 0.2178                                         avg =        2.0
     overall = 0.2088                                         max =          2

                                                F(26,721)         =       3.92
corr(u_i, Xb)  = 0.1974                         Prob > F          =     0.0000

------------------------------------------------------------------------------------------
         consumo_semanal |      Coef.   Std. Err.      t    P>|t|     [95% Conf. Interval]
-------------------------+----------------------------------------------------------------
                 tax2020 |   .1557041   1.059428     0.15   0.883    -1.924228    2.235636
                    sexo |    4.47562    5.88709     0.76   0.447    -7.082266    16.03351
                         |
                edad_gr2 |
                  25-29  |  -3.916414   6.050425    -0.65   0.518    -15.79497    7.962142
                  30-34  |   7.773911   8.461303     0.92   0.359    -8.837824    24.38565
                  35-39  |   14.67721   9.493557     1.55   0.123    -3.961111    33.31553
                  40-44  |   11.77203   11.51094     1.02   0.307    -10.82693      34.371
                  45-54  |   11.50152   13.99445     0.82   0.411    -15.97321    38.97626
                  55-64  |   10.25495   16.16011     0.63   0.526    -21.47155    41.98144
                    65+  |   13.72237   19.09261     0.72   0.473    -23.76137    51.20612
                         |
                educ_gr2 |
    Secundaria completa  |   1.169966    8.90902     0.13   0.896    -16.32075    18.66069
                Técnica  |  -9.294543   9.115422    -1.02   0.308    -27.19048    8.601397
           Preparatoria  |  -3.272329   9.087417    -0.36   0.719    -21.11329    14.56863
Licenciatura incompleta  |  -5.394865   9.684307    -0.56   0.578    -24.40767    13.61794
  Licenciatura completa  |  -3.348896   9.851067    -0.34   0.734     -22.6891    15.99131
               Posgrado  |  -9.251395   12.33938    -0.75   0.454     -33.4768    14.97401
                   Otro  |          0  (omitted)
                         |
                 gr_ingr |
          3,001 a 5 mil  |  -3.470639   4.836659    -0.72   0.473    -12.96626    6.024978
          5,001 a 8 mil  |   5.288905   4.577183     1.16   0.248    -3.697295     14.2751
         8,001 a 10 mil  |   10.59896   4.740638     2.24   0.026     1.291857    19.90607
        10,001 a 15 mil  |   9.713425   4.656565     2.09   0.037     .5713775    18.85547
        15,001 a 20 mil  |   13.30206    4.88586     2.72   0.007     3.709849    22.89427
        20,001 a 49,999  |   12.41475   5.046064     2.46   0.014     2.508021    22.32149
                50 mil+  |   17.45765   6.189697     2.82   0.005     5.305667    29.60963
                  No sé  |   10.81836    5.92474     1.83   0.068    -.8134449    22.45016
                         |
                  patron |   16.18685   2.024371     8.00   0.000     12.21249    20.16122
                 singles |  -1.732475    2.35286    -0.74   0.462     -6.35175      2.8868
                         |
            tax2020#sexo |
             0#Femenino  |   .9642543   1.546672     0.62   0.533    -2.072265    4.000774
            1#Masculino  |          0  (omitted)
             1#Femenino  |          0  (omitted)
                         |
                   _cons |   11.60581   13.15212     0.88   0.378    -14.21523    37.42684
-------------------------+----------------------------------------------------------------
                 sigma_u |  37.756286
                 sigma_e |  14.518682
                     rho |  .87117989   (fraction of variance due to u_i)
------------------------------------------------------------------------------------------
F test that all u_i=0: F(746, 721) = 10.48                   Prob > F = 0.0000
resultados/encuesta/modelos1_3b.rtf
resultados/encuesta/modelos1_3b.xml
dir : seeout

. 
. log close
      name:  <unnamed>
       log:  C:\Users\chen\OneDrive\Documentos\R\tax_ene2020\tax_2020\resultados\encuesta\/mod
> elos_consumo3b.log
  log type:  text
 closed on:  21 Aug 2021, 21:14:52
----------------------------------------------------------------------------------------------
